{"/Users/philipsiyanbola/Documents/jnj/myacuvue_thailand_web/packages/templates/src/index.ts": {"path":"/Users/philipsiyanbola/Documents/jnj/myacuvue_thailand_web/packages/templates/src/index.ts","statementMap":{"0":{"start":{"line":1,"column":0},"end":{"line":1,"column":28}},"1":{"start":{"line":2,"column":0},"end":{"line":2,"column":null}},"2":{"start":{"line":10,"column":16},"end":{"line":10,"column":25}},"3":{"start":{"line":11,"column":21},"end":{"line":11,"column":42}},"4":{"start":{"line":12,"column":20},"end":{"line":12,"column":45}},"5":{"start":{"line":13,"column":18},"end":{"line":13,"column":78}},"6":{"start":{"line":16,"column":29},"end":{"line":18,"column":null}},"7":{"start":{"line":20,"column":30},"end":{"line":22,"column":null}},"8":{"start":{"line":25,"column":1},"end":{"line":25,"column":53}},"9":{"start":{"line":26,"column":1},"end":{"line":26,"column":22}},"10":{"start":{"line":28,"column":1},"end":{"line":49,"column":4}},"11":{"start":{"line":29,"column":29},"end":{"line":29,"column":67}},"12":{"start":{"line":30,"column":27},"end":{"line":30,"column":62}},"13":{"start":{"line":31,"column":2},"end":{"line":31,"column":30}},"14":{"start":{"line":33,"column":2},"end":{"line":48,"column":5}},"15":{"start":{"line":34,"column":20},"end":{"line":34,"column":54}},"16":{"start":{"line":35,"column":26},"end":{"line":35,"column":58}},"17":{"start":{"line":37,"column":23},"end":{"line":37,"column":68}},"18":{"start":{"line":39,"column":26},"end":{"line":43,"column":65}},"19":{"start":{"line":45,"column":3},"end":{"line":47,"column":6}},"20":{"start":{"line":52,"column":0},"end":{"line":52,"column":7}}},"fnMap":{"0":{"name":"main","decl":{"start":{"line":15,"column":9},"end":{"line":15,"column":13}},"loc":{"start":{"line":15,"column":13},"end":{"line":50,"column":1}}},"1":{"name":"(anonymous_1)","decl":{"start":{"line":28,"column":35},"end":{"line":28,"column":36}},"loc":{"start":{"line":28,"column":58},"end":{"line":49,"column":2}}},"2":{"name":"(anonymous_2)","decl":{"start":{"line":33,"column":42},"end":{"line":33,"column":43}},"loc":{"start":{"line":33,"column":55},"end":{"line":48,"column":3}}}},"branchMap":{},"s":{"0":1,"1":1,"2":1,"3":1,"4":1,"5":1,"6":1,"7":1,"8":1,"9":1,"10":1,"11":1,"12":1,"13":1,"14":1,"15":1,"16":1,"17":1,"18":1,"19":1,"20":1},"f":{"0":1,"1":1,"2":1},"b":{}}
,"/Users/philipsiyanbola/Documents/jnj/myacuvue_thailand_web/packages/templates/src/defaults/default-script.js": {"path":"/Users/philipsiyanbola/Documents/jnj/myacuvue_thailand_web/packages/templates/src/defaults/default-script.js","statementMap":{"0":{"start":{"line":2,"column":1},"end":{"line":2,"column":41}},"1":{"start":{"line":6,"column":1},"end":{"line":6,"column":44}},"2":{"start":{"line":10,"column":1},"end":{"line":10,"column":43}},"3":{"start":{"line":14,"column":1},"end":{"line":14,"column":38}},"4":{"start":{"line":18,"column":1},"end":{"line":18,"column":43}},"5":{"start":{"line":22,"column":15},"end":{"line":22,"column":40}},"6":{"start":{"line":23,"column":1},"end":{"line":23,"column":31}},"7":{"start":{"line":24,"column":19},"end":{"line":24,"column":35}},"8":{"start":{"line":25,"column":1},"end":{"line":25,"column":34}},"9":{"start":{"line":26,"column":1},"end":{"line":26,"column":16}},"10":{"start":{"line":30,"column":1},"end":{"line":30,"column":29}},"11":{"start":{"line":34,"column":1},"end":{"line":34,"column":37}},"12":{"start":{"line":35,"column":1},"end":{"line":35,"column":32}},"13":{"start":{"line":38,"column":19},"end":{"line":42,"column":1}},"14":{"start":{"line":39,"column":14},"end":{"line":39,"column":29}},"15":{"start":{"line":40,"column":11},"end":{"line":40,"column":51}},"16":{"start":{"line":41,"column":1},"end":{"line":41,"column":17}},"17":{"start":{"line":45,"column":16},"end":{"line":45,"column":48}},"18":{"start":{"line":46,"column":1},"end":{"line":46,"column":33}},"19":{"start":{"line":50,"column":16},"end":{"line":50,"column":48}},"20":{"start":{"line":51,"column":1},"end":{"line":51,"column":31}},"21":{"start":{"line":54,"column":0},"end":{"line":54,"column":34}},"22":{"start":{"line":56,"column":18},"end":{"line":56,"column":49}},"23":{"start":{"line":59,"column":1},"end":{"line":59,"column":74}},"24":{"start":{"line":59,"column":37},"end":{"line":59,"column":72}},"25":{"start":{"line":62,"column":14},"end":{"line":62,"column":16}},"26":{"start":{"line":65,"column":21},"end":{"line":65,"column":37}},"27":{"start":{"line":66,"column":1},"end":{"line":69,"column":2}},"28":{"start":{"line":67,"column":2},"end":{"line":67,"column":27}},"29":{"start":{"line":68,"column":2},"end":{"line":68,"column":43}},"30":{"start":{"line":73,"column":1},"end":{"line":79,"column":4}},"31":{"start":{"line":81,"column":1},"end":{"line":81,"column":29}},"32":{"start":{"line":84,"column":0},"end":{"line":88,"column":1}},"33":{"start":{"line":85,"column":1},"end":{"line":85,"column":8}},"34":{"start":{"line":87,"column":1},"end":{"line":87,"column":53}},"35":{"start":{"line":91,"column":1},"end":{"line":91,"column":67}},"36":{"start":{"line":95,"column":1},"end":{"line":97,"column":3}},"37":{"start":{"line":101,"column":0},"end":{"line":113,"column":59}},"38":{"start":{"line":102,"column":1},"end":{"line":102,"column":19}},"39":{"start":{"line":103,"column":1},"end":{"line":106,"column":4}},"40":{"start":{"line":107,"column":9},"end":{"line":107,"column":37}},"41":{"start":{"line":108,"column":9},"end":{"line":108,"column":27}},"42":{"start":{"line":109,"column":10},"end":{"line":109,"column":44}},"43":{"start":{"line":110,"column":1},"end":{"line":110,"column":16}},"44":{"start":{"line":111,"column":1},"end":{"line":111,"column":64}},"45":{"start":{"line":112,"column":1},"end":{"line":112,"column":33}},"46":{"start":{"line":117,"column":17},"end":{"line":124,"column":2}},"47":{"start":{"line":125,"column":1},"end":{"line":125,"column":43}},"48":{"start":{"line":126,"column":1},"end":{"line":126,"column":61}},"49":{"start":{"line":127,"column":1},"end":{"line":131,"column":4}},"50":{"start":{"line":138,"column":1},"end":{"line":138,"column":43}},"51":{"start":{"line":139,"column":1},"end":{"line":139,"column":45}},"52":{"start":{"line":140,"column":1},"end":{"line":143,"column":4}},"53":{"start":{"line":150,"column":1},"end":{"line":150,"column":43}},"54":{"start":{"line":151,"column":1},"end":{"line":151,"column":45}},"55":{"start":{"line":152,"column":1},"end":{"line":156,"column":4}},"56":{"start":{"line":163,"column":1},"end":{"line":163,"column":43}},"57":{"start":{"line":164,"column":1},"end":{"line":164,"column":45}},"58":{"start":{"line":165,"column":1},"end":{"line":168,"column":4}},"59":{"start":{"line":176,"column":1},"end":{"line":176,"column":43}},"60":{"start":{"line":177,"column":1},"end":{"line":177,"column":45}},"61":{"start":{"line":178,"column":1},"end":{"line":184,"column":4}},"62":{"start":{"line":187,"column":20},"end":{"line":187,"column":25}},"63":{"start":{"line":192,"column":1},"end":{"line":192,"column":16}},"64":{"start":{"line":193,"column":1},"end":{"line":206,"column":4}},"65":{"start":{"line":194,"column":2},"end":{"line":205,"column":5}},"66":{"start":{"line":195,"column":3},"end":{"line":204,"column":4}},"67":{"start":{"line":196,"column":19},"end":{"line":196,"column":62}},"68":{"start":{"line":197,"column":4},"end":{"line":203,"column":5}},"69":{"start":{"line":198,"column":5},"end":{"line":200,"column":8}},"70":{"start":{"line":199,"column":6},"end":{"line":199,"column":39}},"71":{"start":{"line":202,"column":5},"end":{"line":202,"column":24}},"72":{"start":{"line":208,"column":1},"end":{"line":215,"column":4}},"73":{"start":{"line":209,"column":2},"end":{"line":214,"column":5}},"74":{"start":{"line":210,"column":3},"end":{"line":213,"column":4}},"75":{"start":{"line":211,"column":4},"end":{"line":211,"column":25}},"76":{"start":{"line":212,"column":4},"end":{"line":212,"column":20}}},"fnMap":{"0":{"name":"query","decl":{"start":{"line":1,"column":9},"end":{"line":1,"column":14}},"loc":{"start":{"line":1,"column":25},"end":{"line":3,"column":1}},"line":1},"1":{"name":"queryAll","decl":{"start":{"line":5,"column":9},"end":{"line":5,"column":17}},"loc":{"start":{"line":5,"column":28},"end":{"line":7,"column":1}},"line":5},"2":{"name":"createElement","decl":{"start":{"line":9,"column":9},"end":{"line":9,"column":22}},"loc":{"start":{"line":9,"column":35},"end":{"line":11,"column":1}},"line":9},"3":{"name":"createNode","decl":{"start":{"line":13,"column":9},"end":{"line":13,"column":19}},"loc":{"start":{"line":13,"column":26},"end":{"line":15,"column":1}},"line":13},"4":{"name":"disableElement","decl":{"start":{"line":17,"column":9},"end":{"line":17,"column":23}},"loc":{"start":{"line":17,"column":35},"end":{"line":19,"column":1}},"line":17},"5":{"name":"getAppendedElement","decl":{"start":{"line":21,"column":9},"end":{"line":21,"column":27}},"loc":{"start":{"line":21,"column":57},"end":{"line":27,"column":1}},"line":21},"6":{"name":"show","decl":{"start":{"line":29,"column":9},"end":{"line":29,"column":13}},"loc":{"start":{"line":29,"column":23},"end":{"line":31,"column":1}},"line":29},"7":{"name":"hide","decl":{"start":{"line":33,"column":9},"end":{"line":33,"column":13}},"loc":{"start":{"line":33,"column":23},"end":{"line":36,"column":1}},"line":33},"8":{"name":"(anonymous_8)","decl":{"start":{"line":38,"column":19},"end":{"line":38,"column":20}},"loc":{"start":{"line":38,"column":34},"end":{"line":42,"column":1}},"line":38},"9":{"name":"showLoading","decl":{"start":{"line":44,"column":9},"end":{"line":44,"column":20}},"loc":{"start":{"line":44,"column":23},"end":{"line":47,"column":1}},"line":44},"10":{"name":"hideLoading","decl":{"start":{"line":49,"column":9},"end":{"line":49,"column":20}},"loc":{"start":{"line":49,"column":23},"end":{"line":52,"column":1}},"line":49},"11":{"name":"getCurrentPage","decl":{"start":{"line":58,"column":9},"end":{"line":58,"column":23}},"loc":{"start":{"line":58,"column":26},"end":{"line":60,"column":1}},"line":58},"12":{"name":"(anonymous_12)","decl":{"start":{"line":59,"column":23},"end":{"line":59,"column":24}},"loc":{"start":{"line":59,"column":37},"end":{"line":59,"column":72}},"line":59},"13":{"name":"applyChangesToCurrentPage","decl":{"start":{"line":64,"column":9},"end":{"line":64,"column":34}},"loc":{"start":{"line":64,"column":37},"end":{"line":70,"column":1}},"line":64},"14":{"name":"main","decl":{"start":{"line":72,"column":9},"end":{"line":72,"column":13}},"loc":{"start":{"line":72,"column":16},"end":{"line":82,"column":1}},"line":72},"15":{"name":"isValidEmail","decl":{"start":{"line":90,"column":9},"end":{"line":90,"column":21}},"loc":{"start":{"line":90,"column":28},"end":{"line":92,"column":1}},"line":90},"16":{"name":"isValidPassword","decl":{"start":{"line":94,"column":9},"end":{"line":94,"column":24}},"loc":{"start":{"line":94,"column":35},"end":{"line":98,"column":1}},"line":94},"17":{"name":"(anonymous_17)","decl":{"start":{"line":101,"column":1},"end":{"line":101,"column":2}},"loc":{"start":{"line":101,"column":26},"end":{"line":113,"column":1}},"line":101},"18":{"name":"pageView","decl":{"start":{"line":116,"column":9},"end":{"line":116,"column":17}},"loc":{"start":{"line":116,"column":20},"end":{"line":132,"column":1}},"line":116},"19":{"name":"formView","decl":{"start":{"line":137,"column":9},"end":{"line":137,"column":17}},"loc":{"start":{"line":137,"column":24},"end":{"line":144,"column":1}},"line":137},"20":{"name":"formComplete","decl":{"start":{"line":149,"column":9},"end":{"line":149,"column":21}},"loc":{"start":{"line":149,"column":28},"end":{"line":157,"column":1}},"line":149},"21":{"name":"formStart","decl":{"start":{"line":162,"column":9},"end":{"line":162,"column":18}},"loc":{"start":{"line":162,"column":25},"end":{"line":169,"column":1}},"line":162},"22":{"name":"formError","decl":{"start":{"line":175,"column":9},"end":{"line":175,"column":18}},"loc":{"start":{"line":175,"column":40},"end":{"line":185,"column":1}},"line":175},"23":{"name":"registerFormEvent","decl":{"start":{"line":191,"column":9},"end":{"line":191,"column":26}},"loc":{"start":{"line":191,"column":33},"end":{"line":216,"column":1}},"line":191},"24":{"name":"(anonymous_24)","decl":{"start":{"line":193,"column":19},"end":{"line":193,"column":20}},"loc":{"start":{"line":193,"column":40},"end":{"line":206,"column":2}},"line":193},"25":{"name":"(anonymous_25)","decl":{"start":{"line":194,"column":44},"end":{"line":194,"column":45}},"loc":{"start":{"line":194,"column":61},"end":{"line":205,"column":3}},"line":194},"26":{"name":"(anonymous_26)","decl":{"start":{"line":198,"column":20},"end":{"line":198,"column":21}},"loc":{"start":{"line":198,"column":37},"end":{"line":200,"column":6}},"line":198},"27":{"name":"(anonymous_27)","decl":{"start":{"line":208,"column":38},"end":{"line":208,"column":39}},"loc":{"start":{"line":208,"column":59},"end":{"line":215,"column":2}},"line":208},"28":{"name":"(anonymous_28)","decl":{"start":{"line":209,"column":44},"end":{"line":209,"column":45}},"loc":{"start":{"line":209,"column":61},"end":{"line":214,"column":3}},"line":209}},"branchMap":{"0":{"loc":{"start":{"line":54,"column":15},"end":{"line":54,"column":33}},"type":"binary-expr","locations":[{"start":{"line":54,"column":15},"end":{"line":54,"column":27}},{"start":{"line":54,"column":31},"end":{"line":54,"column":33}}],"line":54},"1":{"loc":{"start":{"line":56,"column":30},"end":{"line":56,"column":48}},"type":"binary-expr","locations":[{"start":{"line":56,"column":30},"end":{"line":56,"column":42}},{"start":{"line":56,"column":46},"end":{"line":56,"column":48}}],"line":56},"2":{"loc":{"start":{"line":66,"column":1},"end":{"line":69,"column":2}},"type":"if","locations":[{"start":{"line":66,"column":1},"end":{"line":69,"column":2}},{"start":{"line":66,"column":1},"end":{"line":69,"column":2}}],"line":66},"3":{"loc":{"start":{"line":84,"column":0},"end":{"line":88,"column":1}},"type":"if","locations":[{"start":{"line":84,"column":0},"end":{"line":88,"column":1}},{"start":{"line":84,"column":0},"end":{"line":88,"column":1}}],"line":84},"4":{"loc":{"start":{"line":102,"column":8},"end":{"line":102,"column":18}},"type":"binary-expr","locations":[{"start":{"line":102,"column":8},"end":{"line":102,"column":12}},{"start":{"line":102,"column":16},"end":{"line":102,"column":18}}],"line":102},"5":{"loc":{"start":{"line":109,"column":10},"end":{"line":109,"column":44}},"type":"cond-expr","locations":[{"start":{"line":109,"column":30},"end":{"line":109,"column":39}},{"start":{"line":109,"column":42},"end":{"line":109,"column":44}}],"line":109},"6":{"loc":{"start":{"line":125,"column":20},"end":{"line":125,"column":42}},"type":"binary-expr","locations":[{"start":{"line":125,"column":20},"end":{"line":125,"column":36}},{"start":{"line":125,"column":40},"end":{"line":125,"column":42}}],"line":125},"7":{"loc":{"start":{"line":138,"column":20},"end":{"line":138,"column":42}},"type":"binary-expr","locations":[{"start":{"line":138,"column":20},"end":{"line":138,"column":36}},{"start":{"line":138,"column":40},"end":{"line":138,"column":42}}],"line":138},"8":{"loc":{"start":{"line":150,"column":20},"end":{"line":150,"column":42}},"type":"binary-expr","locations":[{"start":{"line":150,"column":20},"end":{"line":150,"column":36}},{"start":{"line":150,"column":40},"end":{"line":150,"column":42}}],"line":150},"9":{"loc":{"start":{"line":163,"column":20},"end":{"line":163,"column":42}},"type":"binary-expr","locations":[{"start":{"line":163,"column":20},"end":{"line":163,"column":36}},{"start":{"line":163,"column":40},"end":{"line":163,"column":42}}],"line":163},"10":{"loc":{"start":{"line":176,"column":20},"end":{"line":176,"column":42}},"type":"binary-expr","locations":[{"start":{"line":176,"column":20},"end":{"line":176,"column":36}},{"start":{"line":176,"column":40},"end":{"line":176,"column":42}}],"line":176},"11":{"loc":{"start":{"line":195,"column":3},"end":{"line":204,"column":4}},"type":"if","locations":[{"start":{"line":195,"column":3},"end":{"line":204,"column":4}},{"start":{"line":195,"column":3},"end":{"line":204,"column":4}}],"line":195},"12":{"loc":{"start":{"line":197,"column":4},"end":{"line":203,"column":5}},"type":"if","locations":[{"start":{"line":197,"column":4},"end":{"line":203,"column":5}},{"start":{"line":197,"column":4},"end":{"line":203,"column":5}}],"line":197},"13":{"loc":{"start":{"line":210,"column":3},"end":{"line":213,"column":4}},"type":"if","locations":[{"start":{"line":210,"column":3},"end":{"line":213,"column":4}},{"start":{"line":210,"column":3},"end":{"line":213,"column":4}}],"line":210}},"s":{"0":0,"1":0,"2":0,"3":0,"4":0,"5":0,"6":0,"7":0,"8":0,"9":0,"10":0,"11":0,"12":0,"13":0,"14":0,"15":0,"16":0,"17":0,"18":0,"19":0,"20":0,"21":0,"22":0,"23":0,"24":0,"25":0,"26":0,"27":0,"28":0,"29":0,"30":0,"31":0,"32":0,"33":0,"34":0,"35":0,"36":0,"37":0,"38":0,"39":0,"40":0,"41":0,"42":0,"43":0,"44":0,"45":0,"46":0,"47":0,"48":0,"49":0,"50":0,"51":0,"52":0,"53":0,"54":0,"55":0,"56":0,"57":0,"58":0,"59":0,"60":0,"61":0,"62":0,"63":0,"64":0,"65":0,"66":0,"67":0,"68":0,"69":0,"70":0,"71":0,"72":0,"73":0,"74":0,"75":0,"76":0},"f":{"0":0,"1":0,"2":0,"3":0,"4":0,"5":0,"6":0,"7":0,"8":0,"9":0,"10":0,"11":0,"12":0,"13":0,"14":0,"15":0,"16":0,"17":0,"18":0,"19":0,"20":0,"21":0,"22":0,"23":0,"24":0,"25":0,"26":0,"27":0,"28":0},"b":{"0":[0,0],"1":[0,0],"2":[0,0],"3":[0,0],"4":[0,0],"5":[0,0],"6":[0,0],"7":[0,0],"8":[0,0],"9":[0,0],"10":[0,0],"11":[0,0],"12":[0,0],"13":[0,0]},"inputSourceMap":null}
}
