TN:
SF:src/index.ts
FN:15,main
FN:28,(anonymous_1)
FN:33,(anonymous_2)
FNF:3
FNH:3
FNDA:1,main
FNDA:1,(anonymous_1)
FNDA:1,(anonymous_2)
DA:1,1
DA:2,1
DA:10,1
DA:11,1
DA:12,1
DA:13,1
DA:16,1
DA:20,1
DA:25,1
DA:26,1
DA:28,1
DA:29,1
DA:30,1
DA:31,1
DA:33,1
DA:34,1
DA:35,1
DA:37,1
DA:39,1
DA:45,1
DA:52,1
LF:21
LH:21
BRF:0
BRH:0
end_of_record
TN:
SF:src/defaults/default-script.js
FN:1,query
FN:5,queryAll
FN:9,createElement
FN:13,createNode
FN:17,disableElement
FN:21,getAppendedElement
FN:29,show
FN:33,hide
FN:38,(anonymous_8)
FN:44,showLoading
FN:49,hideLoading
FN:58,getCurrentPage
FN:59,(anonymous_12)
FN:64,applyChangesToCurrentPage
FN:72,main
FN:90,isValidEmail
FN:94,isValidPassword
FN:101,(anonymous_17)
FN:116,pageView
FN:137,formView
FN:149,formComplete
FN:162,formStart
FN:175,formError
FN:191,registerFormEvent
FN:193,(anonymous_24)
FN:194,(anonymous_25)
FN:198,(anonymous_26)
FN:208,(anonymous_27)
FN:209,(anonymous_28)
FNF:29
FNH:0
FNDA:0,query
FNDA:0,queryAll
FNDA:0,createElement
FNDA:0,createNode
FNDA:0,disableElement
FNDA:0,getAppendedElement
FNDA:0,show
FNDA:0,hide
FNDA:0,(anonymous_8)
FNDA:0,showLoading
FNDA:0,hideLoading
FNDA:0,getCurrentPage
FNDA:0,(anonymous_12)
FNDA:0,applyChangesToCurrentPage
FNDA:0,main
FNDA:0,isValidEmail
FNDA:0,isValidPassword
FNDA:0,(anonymous_17)
FNDA:0,pageView
FNDA:0,formView
FNDA:0,formComplete
FNDA:0,formStart
FNDA:0,formError
FNDA:0,registerFormEvent
FNDA:0,(anonymous_24)
FNDA:0,(anonymous_25)
FNDA:0,(anonymous_26)
FNDA:0,(anonymous_27)
FNDA:0,(anonymous_28)
DA:2,0
DA:6,0
DA:10,0
DA:14,0
DA:18,0
DA:22,0
DA:23,0
DA:24,0
DA:25,0
DA:26,0
DA:30,0
DA:34,0
DA:35,0
DA:38,0
DA:39,0
DA:40,0
DA:41,0
DA:45,0
DA:46,0
DA:50,0
DA:51,0
DA:54,0
DA:56,0
DA:59,0
DA:62,0
DA:65,0
DA:66,0
DA:67,0
DA:68,0
DA:73,0
DA:81,0
DA:84,0
DA:85,0
DA:87,0
DA:91,0
DA:95,0
DA:101,0
DA:102,0
DA:103,0
DA:107,0
DA:108,0
DA:109,0
DA:110,0
DA:111,0
DA:112,0
DA:117,0
DA:125,0
DA:126,0
DA:127,0
DA:138,0
DA:139,0
DA:140,0
DA:150,0
DA:151,0
DA:152,0
DA:163,0
DA:164,0
DA:165,0
DA:176,0
DA:177,0
DA:178,0
DA:187,0
DA:192,0
DA:193,0
DA:194,0
DA:195,0
DA:196,0
DA:197,0
DA:198,0
DA:199,0
DA:202,0
DA:208,0
DA:209,0
DA:210,0
DA:211,0
DA:212,0
LF:76
LH:0
BRDA:54,0,0,0
BRDA:54,0,1,0
BRDA:56,1,0,0
BRDA:56,1,1,0
BRDA:66,2,0,0
BRDA:66,2,1,0
BRDA:84,3,0,0
BRDA:84,3,1,0
BRDA:102,4,0,0
BRDA:102,4,1,0
BRDA:109,5,0,0
BRDA:109,5,1,0
BRDA:125,6,0,0
BRDA:125,6,1,0
BRDA:138,7,0,0
BRDA:138,7,1,0
BRDA:150,8,0,0
BRDA:150,8,1,0
BRDA:163,9,0,0
BRDA:163,9,1,0
BRDA:176,10,0,0
BRDA:176,10,1,0
BRDA:195,11,0,0
BRDA:195,11,1,0
BRDA:197,12,0,0
BRDA:197,12,1,0
BRDA:210,13,0,0
BRDA:210,13,1,0
BRF:28
BRH:0
end_of_record
