{"/Users/philipsiyanbola/Documents/jnj/myacuvue_thailand_web/packages/services/src/index.ts": {"path":"/Users/philipsiyanbola/Documents/jnj/myacuvue_thailand_web/packages/services/src/index.ts","statementMap":{"0":{"start":{"line":1,"column":0},"end":{"line":1,"column":7}},"1":{"start":{"line":116,"column":1},"end":{"line":1,"column":52}},"2":{"start":{"line":2,"column":0},"end":{"line":2,"column":7}},"3":{"start":{"line":117,"column":1},"end":{"line":2,"column":44}},"4":{"start":{"line":3,"column":0},"end":{"line":3,"column":49}},"5":{"start":{"line":118,"column":1},"end":{"line":118,"column":14}},"6":{"start":{"line":4,"column":0},"end":{"line":4,"column":7}},"7":{"start":{"line":119,"column":1},"end":{"line":4,"column":42}},"8":{"start":{"line":5,"column":0},"end":{"line":5,"column":45}},"9":{"start":{"line":121,"column":1},"end":{"line":121,"column":12}},"10":{"start":{"line":6,"column":0},"end":{"line":6,"column":65}},"11":{"start":{"line":122,"column":1},"end":{"line":122,"column":22}},"12":{"start":{"line":7,"column":0},"end":{"line":7,"column":7}},"13":{"start":{"line":123,"column":1},"end":{"line":7,"column":42}},"14":{"start":{"line":8,"column":0},"end":{"line":8,"column":7}},"15":{"start":{"line":124,"column":1},"end":{"line":8,"column":58}},"16":{"start":{"line":9,"column":0},"end":{"line":9,"column":59}},"17":{"start":{"line":125,"column":1},"end":{"line":125,"column":19}},"18":{"start":{"line":10,"column":0},"end":{"line":10,"column":53}},"19":{"start":{"line":127,"column":1},"end":{"line":127,"column":16}},"20":{"start":{"line":11,"column":0},"end":{"line":11,"column":51}},"21":{"start":{"line":128,"column":1},"end":{"line":128,"column":15}},"22":{"start":{"line":12,"column":0},"end":{"line":12,"column":7}},"23":{"start":{"line":129,"column":1},"end":{"line":12,"column":56}},"24":{"start":{"line":13,"column":0},"end":{"line":13,"column":49}},"25":{"start":{"line":130,"column":1},"end":{"line":130,"column":14}},"26":{"start":{"line":14,"column":0},"end":{"line":14,"column":61}},"27":{"start":{"line":131,"column":1},"end":{"line":131,"column":20}},"28":{"start":{"line":15,"column":0},"end":{"line":15,"column":49}},"29":{"start":{"line":135,"column":1},"end":{"line":135,"column":14}},"30":{"start":{"line":16,"column":0},"end":{"line":16,"column":49}},"31":{"start":{"line":134,"column":1},"end":{"line":134,"column":14}},"32":{"start":{"line":17,"column":0},"end":{"line":17,"column":45}},"33":{"start":{"line":136,"column":1},"end":{"line":136,"column":12}},"34":{"start":{"line":18,"column":0},"end":{"line":18,"column":7}},"35":{"start":{"line":137,"column":1},"end":{"line":18,"column":48}},"36":{"start":{"line":19,"column":0},"end":{"line":19,"column":51}},"37":{"start":{"line":138,"column":1},"end":{"line":138,"column":15}},"38":{"start":{"line":20,"column":0},"end":{"line":20,"column":7}},"39":{"start":{"line":139,"column":1},"end":{"line":20,"column":40}},"40":{"start":{"line":21,"column":0},"end":{"line":21,"column":7}},"41":{"start":{"line":140,"column":1},"end":{"line":21,"column":46}},"42":{"start":{"line":22,"column":0},"end":{"line":22,"column":7}},"43":{"start":{"line":141,"column":1},"end":{"line":22,"column":48}},"44":{"start":{"line":23,"column":0},"end":{"line":23,"column":7}},"45":{"start":{"line":142,"column":1},"end":{"line":23,"column":62}},"46":{"start":{"line":24,"column":0},"end":{"line":24,"column":7}},"47":{"start":{"line":143,"column":1},"end":{"line":24,"column":62}},"48":{"start":{"line":25,"column":0},"end":{"line":25,"column":7}},"49":{"start":{"line":144,"column":1},"end":{"line":25,"column":48}},"50":{"start":{"line":26,"column":0},"end":{"line":26,"column":7}},"51":{"start":{"line":146,"column":1},"end":{"line":26,"column":56}},"52":{"start":{"line":27,"column":0},"end":{"line":27,"column":7}},"53":{"start":{"line":147,"column":1},"end":{"line":27,"column":42}},"54":{"start":{"line":28,"column":0},"end":{"line":28,"column":7}},"55":{"start":{"line":150,"column":1},"end":{"line":28,"column":46}},"56":{"start":{"line":29,"column":0},"end":{"line":29,"column":7}},"57":{"start":{"line":148,"column":1},"end":{"line":29,"column":68}},"58":{"start":{"line":30,"column":0},"end":{"line":30,"column":7}},"59":{"start":{"line":149,"column":1},"end":{"line":30,"column":42}},"60":{"start":{"line":31,"column":0},"end":{"line":31,"column":7}},"61":{"start":{"line":151,"column":1},"end":{"line":31,"column":40}},"62":{"start":{"line":32,"column":0},"end":{"line":32,"column":7}},"63":{"start":{"line":120,"column":1},"end":{"line":32,"column":36}},"64":{"start":{"line":33,"column":0},"end":{"line":33,"column":7}},"65":{"start":{"line":126,"column":1},"end":{"line":33,"column":58}},"66":{"start":{"line":34,"column":0},"end":{"line":34,"column":7}},"67":{"start":{"line":145,"column":1},"end":{"line":34,"column":48}},"68":{"start":{"line":35,"column":0},"end":{"line":35,"column":7}},"69":{"start":{"line":152,"column":1},"end":{"line":35,"column":48}},"70":{"start":{"line":36,"column":0},"end":{"line":36,"column":7}},"71":{"start":{"line":153,"column":1},"end":{"line":36,"column":44}},"72":{"start":{"line":38,"column":0},"end":{"line":38,"column":9}},"73":{"start":{"line":132,"column":1},"end":{"line":38,"column":51}},"74":{"start":{"line":39,"column":0},"end":{"line":39,"column":9}},"75":{"start":{"line":133,"column":1},"end":{"line":39,"column":81}},"76":{"start":{"line":41,"column":0},"end":{"line":41,"column":42}},"77":{"start":{"line":52,"column":0},"end":{"line":52,"column":40}},"78":{"start":{"line":92,"column":0},"end":{"line":92,"column":40}},"79":{"start":{"line":93,"column":0},"end":{"line":93,"column":41}},"80":{"start":{"line":109,"column":0},"end":{"line":109,"column":36}},"81":{"start":{"line":110,"column":0},"end":{"line":110,"column":45}},"82":{"start":{"line":111,"column":0},"end":{"line":111,"column":40}},"83":{"start":{"line":113,"column":0},"end":{"line":113,"column":9}},"84":{"start":{"line":113,"column":9},"end":{"line":113,"column":47}}},"fnMap":{"0":{"name":"(anonymous_0)","decl":{"start":{"line":132,"column":1},"end":{"line":132,"column":12}},"loc":{"start":{"line":132,"column":1},"end":{"line":38,"column":51}}},"1":{"name":"(anonymous_1)","decl":{"start":{"line":133,"column":1},"end":{"line":133,"column":27}},"loc":{"start":{"line":133,"column":1},"end":{"line":39,"column":81}}},"2":{"name":"(anonymous_2)","decl":{"start":{"line":113,"column":9},"end":{"line":113,"column":15}},"loc":{"start":{"line":113,"column":9},"end":{"line":113,"column":47}}}},"branchMap":{},"s":{"0":13,"1":13,"2":13,"3":13,"4":13,"5":13,"6":13,"7":13,"8":13,"9":13,"10":13,"11":13,"12":13,"13":13,"14":13,"15":13,"16":13,"17":13,"18":13,"19":13,"20":13,"21":13,"22":13,"23":13,"24":13,"25":13,"26":13,"27":13,"28":13,"29":13,"30":13,"31":13,"32":13,"33":13,"34":13,"35":13,"36":13,"37":13,"38":13,"39":13,"40":13,"41":13,"42":13,"43":13,"44":13,"45":13,"46":13,"47":13,"48":13,"49":13,"50":13,"51":13,"52":13,"53":13,"54":13,"55":13,"56":13,"57":13,"58":13,"59":13,"60":13,"61":13,"62":13,"63":13,"64":13,"65":13,"66":13,"67":13,"68":13,"69":13,"70":13,"71":13,"72":13,"73":26,"74":13,"75":26,"76":13,"77":13,"78":13,"79":13,"80":13,"81":13,"82":13,"83":13,"84":26},"f":{"0":13,"1":13,"2":13},"b":{}}
,"/Users/philipsiyanbola/Documents/jnj/myacuvue_thailand_web/packages/services/src/AddressService/index.ts": {"path":"/Users/philipsiyanbola/Documents/jnj/myacuvue_thailand_web/packages/services/src/AddressService/index.ts","statementMap":{"0":{"start":{"line":1,"column":0},"end":{"line":1,"column":45}},"1":{"start":{"line":2,"column":0},"end":{"line":2,"column":55}},"2":{"start":{"line":3,"column":0},"end":{"line":3,"column":null}},"3":{"start":{"line":10,"column":0},"end":{"line":10,"column":26}},"4":{"start":{"line":12,"column":25},"end":{"line":12,"column":30}},"5":{"start":{"line":14,"column":22},"end":{"line":14,"column":33}},"6":{"start":{"line":16,"column":25},"end":{"line":25,"column":1}},"7":{"start":{"line":19,"column":18},"end":{"line":21,"column":null}},"8":{"start":{"line":24,"column":1},"end":{"line":24,"column":13}},"9":{"start":{"line":16,"column":13},"end":{"line":16,"column":25}},"10":{"start":{"line":27,"column":34},"end":{"line":40,"column":1}},"11":{"start":{"line":31,"column":31},"end":{"line":34,"column":3}},"12":{"start":{"line":35,"column":1},"end":{"line":39,"column":3}},"13":{"start":{"line":27,"column":13},"end":{"line":27,"column":34}},"14":{"start":{"line":42,"column":33},"end":{"line":60,"column":1}},"15":{"start":{"line":45,"column":1},"end":{"line":59,"column":null}},"16":{"start":{"line":46,"column":19},"end":{"line":48,"column":null}},"17":{"start":{"line":50,"column":2},"end":{"line":50,"column":14}},"18":{"start":{"line":52,"column":2},"end":{"line":57,"column":null}},"19":{"start":{"line":56,"column":3},"end":{"line":56,"column":20}},"20":{"start":{"line":58,"column":2},"end":{"line":58,"column":14}},"21":{"start":{"line":42,"column":13},"end":{"line":42,"column":33}},"22":{"start":{"line":62,"column":34},"end":{"line":80,"column":1}},"23":{"start":{"line":65,"column":1},"end":{"line":79,"column":null}},"24":{"start":{"line":66,"column":19},"end":{"line":68,"column":null}},"25":{"start":{"line":70,"column":2},"end":{"line":70,"column":14}},"26":{"start":{"line":72,"column":2},"end":{"line":77,"column":null}},"27":{"start":{"line":76,"column":3},"end":{"line":76,"column":15}},"28":{"start":{"line":78,"column":2},"end":{"line":78,"column":14}},"29":{"start":{"line":62,"column":13},"end":{"line":62,"column":34}},"30":{"start":{"line":82,"column":35},"end":{"line":92,"column":1}},"31":{"start":{"line":86,"column":18},"end":{"line":89,"column":null}},"32":{"start":{"line":91,"column":1},"end":{"line":91,"column":13}},"33":{"start":{"line":82,"column":13},"end":{"line":82,"column":35}}},"fnMap":{"0":{"name":"(anonymous_0)","decl":{"start":{"line":16,"column":25},"end":{"line":16,"column":30}},"loc":{"start":{"line":18,"column":30},"end":{"line":25,"column":1}}},"1":{"name":"(anonymous_1)","decl":{"start":{"line":27,"column":34},"end":{"line":27,"column":39}},"loc":{"start":{"line":30,"column":19},"end":{"line":40,"column":1}}},"2":{"name":"(anonymous_2)","decl":{"start":{"line":42,"column":33},"end":{"line":42,"column":38}},"loc":{"start":{"line":44,"column":49},"end":{"line":60,"column":1}}},"3":{"name":"(anonymous_3)","decl":{"start":{"line":62,"column":34},"end":{"line":62,"column":39}},"loc":{"start":{"line":64,"column":34},"end":{"line":80,"column":1}}},"4":{"name":"(anonymous_4)","decl":{"start":{"line":82,"column":35},"end":{"line":82,"column":40}},"loc":{"start":{"line":85,"column":34},"end":{"line":92,"column":1}}}},"branchMap":{"0":{"loc":{"start":{"line":52,"column":2},"end":{"line":57,"column":null}},"type":"if","locations":[{"start":{"line":52,"column":2},"end":{"line":57,"column":null}},{"start":{"line":52,"column":2},"end":{"line":57,"column":null}}]},"1":{"loc":{"start":{"line":53,"column":3},"end":{"line":53,"column":22}},"type":"binary-expr","locations":[{"start":{"line":53,"column":3},"end":{"line":53,"column":22}},{"start":{"line":54,"column":3},"end":{"line":54,"column":50}}]},"2":{"loc":{"start":{"line":72,"column":2},"end":{"line":77,"column":null}},"type":"if","locations":[{"start":{"line":72,"column":2},"end":{"line":77,"column":null}},{"start":{"line":72,"column":2},"end":{"line":77,"column":null}}]},"3":{"loc":{"start":{"line":73,"column":3},"end":{"line":73,"column":22}},"type":"binary-expr","locations":[{"start":{"line":73,"column":3},"end":{"line":73,"column":22}},{"start":{"line":74,"column":3},"end":{"line":74,"column":50}}]}},"s":{"0":14,"1":14,"2":14,"3":14,"4":14,"5":14,"6":14,"7":1,"8":1,"9":14,"10":14,"11":1,"12":1,"13":14,"14":14,"15":4,"16":4,"17":2,"18":2,"19":1,"20":1,"21":14,"22":14,"23":4,"24":4,"25":2,"26":2,"27":1,"28":1,"29":14,"30":14,"31":1,"32":1,"33":14},"f":{"0":1,"1":1,"2":4,"3":4,"4":1},"b":{"0":[1,1],"1":[2,1],"2":[1,1],"3":[2,1]}}
,"/Users/philipsiyanbola/Documents/jnj/myacuvue_thailand_web/packages/services/src/AuthenticationService/index.ts": {"path":"/Users/philipsiyanbola/Documents/jnj/myacuvue_thailand_web/packages/services/src/AuthenticationService/index.ts","statementMap":{"0":{"start":{"line":2,"column":0},"end":{"line":2,"column":38}},"1":{"start":{"line":3,"column":0},"end":{"line":3,"column":57}},"2":{"start":{"line":5,"column":31},"end":{"line":12,"column":1}},"3":{"start":{"line":10,"column":5},"end":{"line":10,"column":75}},"4":{"start":{"line":11,"column":1},"end":{"line":11,"column":69}},"5":{"start":{"line":5,"column":13},"end":{"line":5,"column":31}},"6":{"start":{"line":14,"column":35},"end":{"line":25,"column":1}},"7":{"start":{"line":19,"column":5},"end":{"line":22,"column":null}},"8":{"start":{"line":24,"column":1},"end":{"line":24,"column":72}},"9":{"start":{"line":14,"column":13},"end":{"line":14,"column":35}},"10":{"start":{"line":27,"column":34},"end":{"line":38,"column":1}},"11":{"start":{"line":32,"column":5},"end":{"line":35,"column":null}},"12":{"start":{"line":37,"column":1},"end":{"line":37,"column":70}},"13":{"start":{"line":27,"column":13},"end":{"line":27,"column":34}}},"fnMap":{"0":{"name":"(anonymous_0)","decl":{"start":{"line":5,"column":31},"end":{"line":5,"column":36}},"loc":{"start":{"line":7,"column":28},"end":{"line":12,"column":1}}},"1":{"name":"(anonymous_1)","decl":{"start":{"line":14,"column":35},"end":{"line":14,"column":40}},"loc":{"start":{"line":16,"column":28},"end":{"line":25,"column":1}}},"2":{"name":"(anonymous_2)","decl":{"start":{"line":27,"column":34},"end":{"line":27,"column":39}},"loc":{"start":{"line":29,"column":27},"end":{"line":38,"column":1}}}},"branchMap":{},"s":{"0":14,"1":14,"2":14,"3":2,"4":2,"5":14,"6":14,"7":2,"8":2,"9":14,"10":14,"11":2,"12":2,"13":14},"f":{"0":2,"1":2,"2":2},"b":{}}
,"/Users/philipsiyanbola/Documents/jnj/myacuvue_thailand_web/packages/services/src/AzureConfigurationService/index.ts": {"path":"/Users/philipsiyanbola/Documents/jnj/myacuvue_thailand_web/packages/services/src/AzureConfigurationService/index.ts","statementMap":{"0":{"start":{"line":1,"column":0},"end":{"line":1,"column":72}},"1":{"start":{"line":19,"column":28},"end":{"line":46,"column":1}},"2":{"start":{"line":25,"column":1},"end":{"line":45,"column":3}},"3":{"start":{"line":48,"column":56},"end":{"line":65,"column":2}},"4":{"start":{"line":67,"column":48},"end":{"line":70,"column":null}},"5":{"start":{"line":73,"column":62},"end":{"line":95,"column":2}},"6":{"start":{"line":97,"column":62},"end":{"line":123,"column":2}},"7":{"start":{"line":125,"column":62},"end":{"line":147,"column":2}},"8":{"start":{"line":149,"column":62},"end":{"line":171,"column":2}},"9":{"start":{"line":173,"column":62},"end":{"line":195,"column":2}},"10":{"start":{"line":197,"column":62},"end":{"line":223,"column":2}},"11":{"start":{"line":225,"column":62},"end":{"line":243,"column":2}},"12":{"start":{"line":245,"column":62},"end":{"line":251,"column":2}},"13":{"start":{"line":253,"column":18},"end":{"line":269,"column":1}},"14":{"start":{"line":254,"column":21},"end":{"line":254,"column":44}},"15":{"start":{"line":255,"column":1},"end":{"line":268,"column":null}},"16":{"start":{"line":256,"column":28},"end":{"line":256,"column":39}},"17":{"start":{"line":257,"column":65},"end":{"line":266,"column":4}},"18":{"start":{"line":267,"column":2},"end":{"line":267,"column":36}},"19":{"start":{"line":271,"column":34},"end":{"line":273,"column":2}},"20":{"start":{"line":275,"column":0},"end":{"line":275,"column":41}}},"fnMap":{"0":{"name":"(anonymous_0)","decl":{"start":{"line":19,"column":28},"end":{"line":19,"column":null}},"loc":{"start":{"line":24,"column":24},"end":{"line":46,"column":1}}},"1":{"name":"(anonymous_1)","decl":{"start":{"line":253,"column":18},"end":{"line":253,"column":53}},"loc":{"start":{"line":253,"column":55},"end":{"line":269,"column":1}}}},"branchMap":{"0":{"loc":{"start":{"line":255,"column":1},"end":{"line":268,"column":null}},"type":"if","locations":[{"start":{"line":255,"column":1},"end":{"line":268,"column":null}},{"start":{"line":255,"column":1},"end":{"line":268,"column":null}}]}},"s":{"0":14,"1":14,"2":392,"3":14,"4":14,"5":14,"6":14,"7":14,"8":14,"9":14,"10":14,"11":14,"12":14,"13":14,"14":28,"15":28,"16":28,"17":28,"18":28,"19":14,"20":14},"f":{"0":392,"1":28},"b":{"0":[28,0]}}
,"/Users/philipsiyanbola/Documents/jnj/myacuvue_thailand_web/packages/services/src/BannerService/index.ts": {"path":"/Users/philipsiyanbola/Documents/jnj/myacuvue_thailand_web/packages/services/src/BannerService/index.ts","statementMap":{"0":{"start":{"line":1,"column":0},"end":{"line":1,"column":39}},"1":{"start":{"line":3,"column":0},"end":{"line":3,"column":45}},"2":{"start":{"line":5,"column":26},"end":{"line":18,"column":1}},"3":{"start":{"line":8,"column":1},"end":{"line":17,"column":null}},"4":{"start":{"line":9,"column":17},"end":{"line":9,"column":28}},"5":{"start":{"line":10,"column":19},"end":{"line":12,"column":null}},"6":{"start":{"line":14,"column":2},"end":{"line":14,"column":14}},"7":{"start":{"line":16,"column":2},"end":{"line":16,"column":14}},"8":{"start":{"line":5,"column":13},"end":{"line":5,"column":26}}},"fnMap":{"0":{"name":"(anonymous_0)","decl":{"start":{"line":5,"column":26},"end":{"line":5,"column":31}},"loc":{"start":{"line":7,"column":33},"end":{"line":18,"column":1}}}},"branchMap":{},"s":{"0":14,"1":14,"2":14,"3":1,"4":1,"5":1,"6":1,"7":0,"8":14},"f":{"0":1},"b":{}}
,"/Users/philipsiyanbola/Documents/jnj/myacuvue_thailand_web/packages/services/src/ClassService/index.ts": {"path":"/Users/philipsiyanbola/Documents/jnj/myacuvue_thailand_web/packages/services/src/ClassService/index.ts","statementMap":{"0":{"start":{"line":1,"column":24},"end":{"line":3,"column":1}},"1":{"start":{"line":2,"column":1},"end":{"line":2,"column":39}},"2":{"start":{"line":5,"column":21},"end":{"line":7,"column":2}},"3":{"start":{"line":9,"column":0},"end":{"line":9,"column":28}}},"fnMap":{"0":{"name":"(anonymous_0)","decl":{"start":{"line":1,"column":24},"end":{"line":1,"column":25}},"loc":{"start":{"line":1,"column":68},"end":{"line":3,"column":1}}}},"branchMap":{},"s":{"0":14,"1":6,"2":14,"3":14},"f":{"0":6},"b":{}}
,"/Users/philipsiyanbola/Documents/jnj/myacuvue_thailand_web/packages/services/src/ConfigService/configAU.ts": {"path":"/Users/philipsiyanbola/Documents/jnj/myacuvue_thailand_web/packages/services/src/ConfigService/configAU.ts","statementMap":{"0":{"start":{"line":1,"column":0},"end":{"line":1,"column":null}},"1":{"start":{"line":12,"column":0},"end":{"line":12,"column":53}},"2":{"start":{"line":13,"column":0},"end":{"line":13,"column":45}},"3":{"start":{"line":14,"column":0},"end":{"line":14,"column":45}},"4":{"start":{"line":15,"column":0},"end":{"line":15,"column":61}},"5":{"start":{"line":17,"column":13},"end":{"line":23,"column":2}},"6":{"start":{"line":25,"column":13},"end":{"line":146,"column":2}}},"fnMap":{},"branchMap":{},"s":{"0":11,"1":11,"2":11,"3":11,"4":11,"5":11,"6":11},"f":{},"b":{}}
,"/Users/philipsiyanbola/Documents/jnj/myacuvue_thailand_web/packages/services/src/ConfigService/configHK.ts": {"path":"/Users/philipsiyanbola/Documents/jnj/myacuvue_thailand_web/packages/services/src/ConfigService/configHK.ts","statementMap":{"0":{"start":{"line":1,"column":0},"end":{"line":1,"column":null}},"1":{"start":{"line":13,"column":0},"end":{"line":13,"column":53}},"2":{"start":{"line":14,"column":0},"end":{"line":14,"column":55}},"3":{"start":{"line":15,"column":0},"end":{"line":15,"column":45}},"4":{"start":{"line":16,"column":0},"end":{"line":16,"column":45}},"5":{"start":{"line":17,"column":0},"end":{"line":17,"column":61}},"6":{"start":{"line":19,"column":13},"end":{"line":25,"column":2}},"7":{"start":{"line":27,"column":13},"end":{"line":157,"column":2}}},"fnMap":{},"branchMap":{},"s":{"0":11,"1":11,"2":11,"3":11,"4":11,"5":11,"6":11,"7":11},"f":{},"b":{}}
,"/Users/philipsiyanbola/Documents/jnj/myacuvue_thailand_web/packages/services/src/ConfigService/configIN.ts": {"path":"/Users/philipsiyanbola/Documents/jnj/myacuvue_thailand_web/packages/services/src/ConfigService/configIN.ts","statementMap":{"0":{"start":{"line":1,"column":0},"end":{"line":1,"column":null}},"1":{"start":{"line":14,"column":0},"end":{"line":14,"column":45}},"2":{"start":{"line":15,"column":0},"end":{"line":15,"column":45}},"3":{"start":{"line":16,"column":0},"end":{"line":16,"column":61}},"4":{"start":{"line":17,"column":0},"end":{"line":17,"column":53}},"5":{"start":{"line":19,"column":13},"end":{"line":25,"column":2}},"6":{"start":{"line":27,"column":13},"end":{"line":107,"column":2}}},"fnMap":{},"branchMap":{},"s":{"0":11,"1":11,"2":11,"3":11,"4":11,"5":11,"6":11},"f":{},"b":{}}
,"/Users/philipsiyanbola/Documents/jnj/myacuvue_thailand_web/packages/services/src/ConfigService/configMY.ts": {"path":"/Users/philipsiyanbola/Documents/jnj/myacuvue_thailand_web/packages/services/src/ConfigService/configMY.ts","statementMap":{"0":{"start":{"line":1,"column":0},"end":{"line":1,"column":null}},"1":{"start":{"line":13,"column":0},"end":{"line":13,"column":53}},"2":{"start":{"line":14,"column":0},"end":{"line":14,"column":45}},"3":{"start":{"line":15,"column":0},"end":{"line":15,"column":45}},"4":{"start":{"line":16,"column":0},"end":{"line":16,"column":61}},"5":{"start":{"line":18,"column":13},"end":{"line":24,"column":2}},"6":{"start":{"line":26,"column":13},"end":{"line":155,"column":2}}},"fnMap":{},"branchMap":{},"s":{"0":11,"1":11,"2":11,"3":11,"4":11,"5":11,"6":11},"f":{},"b":{}}
,"/Users/philipsiyanbola/Documents/jnj/myacuvue_thailand_web/packages/services/src/ConfigService/configNZ.ts": {"path":"/Users/philipsiyanbola/Documents/jnj/myacuvue_thailand_web/packages/services/src/ConfigService/configNZ.ts","statementMap":{"0":{"start":{"line":1,"column":0},"end":{"line":1,"column":null}},"1":{"start":{"line":12,"column":0},"end":{"line":12,"column":53}},"2":{"start":{"line":13,"column":0},"end":{"line":13,"column":45}},"3":{"start":{"line":14,"column":0},"end":{"line":14,"column":45}},"4":{"start":{"line":16,"column":13},"end":{"line":22,"column":2}},"5":{"start":{"line":24,"column":13},"end":{"line":127,"column":2}}},"fnMap":{},"branchMap":{},"s":{"0":11,"1":11,"2":11,"3":11,"4":11,"5":11},"f":{},"b":{}}
,"/Users/philipsiyanbola/Documents/jnj/myacuvue_thailand_web/packages/services/src/ConfigService/configSG.ts": {"path":"/Users/philipsiyanbola/Documents/jnj/myacuvue_thailand_web/packages/services/src/ConfigService/configSG.ts","statementMap":{"0":{"start":{"line":1,"column":0},"end":{"line":1,"column":null}},"1":{"start":{"line":13,"column":0},"end":{"line":13,"column":53}},"2":{"start":{"line":14,"column":0},"end":{"line":14,"column":45}},"3":{"start":{"line":15,"column":0},"end":{"line":15,"column":45}},"4":{"start":{"line":16,"column":0},"end":{"line":16,"column":61}},"5":{"start":{"line":18,"column":13},"end":{"line":24,"column":2}},"6":{"start":{"line":26,"column":13},"end":{"line":155,"column":2}}},"fnMap":{},"branchMap":{},"s":{"0":11,"1":11,"2":11,"3":11,"4":11,"5":11,"6":11},"f":{},"b":{}}
,"/Users/philipsiyanbola/Documents/jnj/myacuvue_thailand_web/packages/services/src/ConfigService/configTH.ts": {"path":"/Users/philipsiyanbola/Documents/jnj/myacuvue_thailand_web/packages/services/src/ConfigService/configTH.ts","statementMap":{"0":{"start":{"line":1,"column":0},"end":{"line":1,"column":null}},"1":{"start":{"line":12,"column":0},"end":{"line":12,"column":55}},"2":{"start":{"line":13,"column":0},"end":{"line":13,"column":53}},"3":{"start":{"line":15,"column":13},"end":{"line":21,"column":2}},"4":{"start":{"line":23,"column":13},"end":{"line":123,"column":2}}},"fnMap":{},"branchMap":{},"s":{"0":11,"1":11,"2":11,"3":11,"4":11},"f":{},"b":{}}
,"/Users/philipsiyanbola/Documents/jnj/myacuvue_thailand_web/packages/services/src/ConfigService/configTW.ts": {"path":"/Users/philipsiyanbola/Documents/jnj/myacuvue_thailand_web/packages/services/src/ConfigService/configTW.ts","statementMap":{"0":{"start":{"line":1,"column":0},"end":{"line":1,"column":null}},"1":{"start":{"line":13,"column":0},"end":{"line":13,"column":53}},"2":{"start":{"line":14,"column":0},"end":{"line":14,"column":45}},"3":{"start":{"line":15,"column":0},"end":{"line":15,"column":55}},"4":{"start":{"line":16,"column":0},"end":{"line":16,"column":45}},"5":{"start":{"line":17,"column":0},"end":{"line":17,"column":61}},"6":{"start":{"line":19,"column":13},"end":{"line":25,"column":2}},"7":{"start":{"line":27,"column":13},"end":{"line":144,"column":2}}},"fnMap":{},"branchMap":{},"s":{"0":11,"1":11,"2":11,"3":11,"4":11,"5":11,"6":11,"7":11},"f":{},"b":{}}
,"/Users/philipsiyanbola/Documents/jnj/myacuvue_thailand_web/packages/services/src/ConfigService/globalConfig.ts": {"path":"/Users/philipsiyanbola/Documents/jnj/myacuvue_thailand_web/packages/services/src/ConfigService/globalConfig.ts","statementMap":{"0":{"start":{"line":1,"column":0},"end":{"line":1,"column":55}},"1":{"start":{"line":2,"column":0},"end":{"line":2,"column":null}},"2":{"start":{"line":15,"column":66},"end":{"line":72,"column":2}},"3":{"start":{"line":74,"column":13},"end":{"line":80,"column":2}},"4":{"start":{"line":84,"column":13},"end":{"line":144,"column":2}}},"fnMap":{},"branchMap":{},"s":{"0":11,"1":11,"2":11,"3":11,"4":11},"f":{},"b":{}}
,"/Users/philipsiyanbola/Documents/jnj/myacuvue_thailand_web/packages/services/src/ConfigService/index.ts": {"path":"/Users/philipsiyanbola/Documents/jnj/myacuvue_thailand_web/packages/services/src/ConfigService/index.ts","statementMap":{"0":{"start":{"line":1,"column":0},"end":{"line":1,"column":45}},"1":{"start":{"line":2,"column":0},"end":{"line":2,"column":null}},"2":{"start":{"line":12,"column":0},"end":{"line":12,"column":51}},"3":{"start":{"line":13,"column":0},"end":{"line":13,"column":51}},"4":{"start":{"line":14,"column":0},"end":{"line":14,"column":51}},"5":{"start":{"line":15,"column":0},"end":{"line":15,"column":51}},"6":{"start":{"line":16,"column":0},"end":{"line":16,"column":51}},"7":{"start":{"line":17,"column":0},"end":{"line":17,"column":51}},"8":{"start":{"line":18,"column":0},"end":{"line":18,"column":51}},"9":{"start":{"line":19,"column":0},"end":{"line":19,"column":51}},"10":{"start":{"line":21,"column":0},"end":{"line":21,"column":46}},"11":{"start":{"line":23,"column":20},"end":{"line":23,"column":33}},"12":{"start":{"line":25,"column":21},"end":{"line":25,"column":39}},"13":{"start":{"line":26,"column":18},"end":{"line":26,"column":41}},"14":{"start":{"line":28,"column":49},"end":{"line":37,"column":2}},"15":{"start":{"line":39,"column":52},"end":{"line":48,"column":2}},"16":{"start":{"line":50,"column":67},"end":{"line":67,"column":4}},"17":{"start":{"line":51,"column":16},"end":{"line":51,"column":18}},"18":{"start":{"line":52,"column":1},"end":{"line":65,"column":null}},"19":{"start":{"line":53,"column":2},"end":{"line":64,"column":null}},"20":{"start":{"line":54,"column":19},"end":{"line":54,"column":45}},"21":{"start":{"line":55,"column":23},"end":{"line":58,"column":5}},"22":{"start":{"line":59,"column":19},"end":{"line":61,"column":5}},"23":{"start":{"line":60,"column":4},"end":{"line":60,"column":33}},"24":{"start":{"line":62,"column":20},"end":{"line":62,"column":47}},"25":{"start":{"line":63,"column":3},"end":{"line":63,"column":35}},"26":{"start":{"line":66,"column":1},"end":{"line":66,"column":15}},"27":{"start":{"line":69,"column":37},"end":{"line":74,"column":1}},"28":{"start":{"line":72,"column":14},"end":{"line":72,"column":23}},"29":{"start":{"line":73,"column":1},"end":{"line":73,"column":23}},"30":{"start":{"line":69,"column":13},"end":{"line":69,"column":37}},"31":{"start":{"line":82,"column":25},"end":{"line":95,"column":1}},"32":{"start":{"line":83,"column":21},"end":{"line":83,"column":44}},"33":{"start":{"line":84,"column":1},"end":{"line":94,"column":null}},"34":{"start":{"line":85,"column":28},"end":{"line":85,"column":39}},"35":{"start":{"line":86,"column":2},"end":{"line":93,"column":21}},"36":{"start":{"line":82,"column":13},"end":{"line":82,"column":25}},"37":{"start":{"line":97,"column":0},"end":{"line":97,"column":24}},"38":{"start":{"line":98,"column":0},"end":{"line":98,"column":31}},"39":{"start":{"line":99,"column":0},"end":{"line":99,"column":31}}},"fnMap":{"0":{"name":"(anonymous_0)","decl":{"start":{"line":50,"column":68},"end":{"line":50,"column":71}},"loc":{"start":{"line":50,"column":73},"end":{"line":67,"column":1}}},"1":{"name":"(anonymous_1)","decl":{"start":{"line":59,"column":31},"end":{"line":59,"column":32}},"loc":{"start":{"line":59,"column":42},"end":{"line":61,"column":4}}},"2":{"name":"(anonymous_2)","decl":{"start":{"line":69,"column":37},"end":{"line":69,"column":null}},"loc":{"start":{"line":71,"column":15},"end":{"line":74,"column":1}}},"3":{"name":"(anonymous_3)","decl":{"start":{"line":82,"column":25},"end":{"line":82,"column":48}},"loc":{"start":{"line":82,"column":50},"end":{"line":95,"column":1}}}},"branchMap":{"0":{"loc":{"start":{"line":84,"column":1},"end":{"line":94,"column":null}},"type":"if","locations":[{"start":{"line":84,"column":1},"end":{"line":94,"column":null}},{"start":{"line":84,"column":1},"end":{"line":94,"column":null}}]}},"s":{"0":11,"1":11,"2":11,"3":11,"4":11,"5":11,"6":11,"7":11,"8":11,"9":11,"10":11,"11":11,"12":11,"13":11,"14":11,"15":11,"16":11,"17":11,"18":11,"19":88,"20":440,"21":440,"22":440,"23":704,"24":440,"25":440,"26":11,"27":11,"28":113,"29":113,"30":11,"31":11,"32":73,"33":73,"34":40,"35":40,"36":11,"37":11,"38":11,"39":11},"f":{"0":11,"1":704,"2":113,"3":73},"b":{"0":[40,33]}}
,"/Users/philipsiyanbola/Documents/jnj/myacuvue_thailand_web/packages/services/src/ConfigService/types.ts": {"path":"/Users/philipsiyanbola/Documents/jnj/myacuvue_thailand_web/packages/services/src/ConfigService/types.ts","statementMap":{"0":{"start":{"line":95,"column":0},"end":{"line":95,"column":null}},"1":{"start":{"line":96,"column":1},"end":{"line":96,"column":null}},"2":{"start":{"line":97,"column":1},"end":{"line":97,"column":null}},"3":{"start":{"line":98,"column":1},"end":{"line":98,"column":null}},"4":{"start":{"line":99,"column":1},"end":{"line":99,"column":null}},"5":{"start":{"line":100,"column":1},"end":{"line":100,"column":null}},"6":{"start":{"line":103,"column":0},"end":{"line":103,"column":null}},"7":{"start":{"line":104,"column":1},"end":{"line":104,"column":null}},"8":{"start":{"line":105,"column":1},"end":{"line":105,"column":null}},"9":{"start":{"line":106,"column":1},"end":{"line":106,"column":null}},"10":{"start":{"line":109,"column":13},"end":{"line":115,"column":2}},"11":{"start":{"line":117,"column":0},"end":{"line":117,"column":null}},"12":{"start":{"line":118,"column":1},"end":{"line":118,"column":null}},"13":{"start":{"line":119,"column":1},"end":{"line":119,"column":null}},"14":{"start":{"line":120,"column":1},"end":{"line":120,"column":null}},"15":{"start":{"line":121,"column":1},"end":{"line":121,"column":null}},"16":{"start":{"line":122,"column":1},"end":{"line":122,"column":null}},"17":{"start":{"line":123,"column":1},"end":{"line":123,"column":null}},"18":{"start":{"line":124,"column":1},"end":{"line":124,"column":null}},"19":{"start":{"line":125,"column":1},"end":{"line":125,"column":null}},"20":{"start":{"line":128,"column":0},"end":{"line":128,"column":null}},"21":{"start":{"line":129,"column":1},"end":{"line":129,"column":null}},"22":{"start":{"line":130,"column":1},"end":{"line":130,"column":null}},"23":{"start":{"line":131,"column":1},"end":{"line":131,"column":null}},"24":{"start":{"line":132,"column":1},"end":{"line":132,"column":null}},"25":{"start":{"line":133,"column":1},"end":{"line":133,"column":null}},"26":{"start":{"line":134,"column":1},"end":{"line":134,"column":null}},"27":{"start":{"line":135,"column":1},"end":{"line":135,"column":null}},"28":{"start":{"line":136,"column":1},"end":{"line":136,"column":null}},"29":{"start":{"line":139,"column":0},"end":{"line":139,"column":null}},"30":{"start":{"line":140,"column":1},"end":{"line":140,"column":null}},"31":{"start":{"line":141,"column":1},"end":{"line":141,"column":null}},"32":{"start":{"line":142,"column":1},"end":{"line":142,"column":null}},"33":{"start":{"line":143,"column":1},"end":{"line":143,"column":null}},"34":{"start":{"line":144,"column":1},"end":{"line":144,"column":null}},"35":{"start":{"line":145,"column":1},"end":{"line":145,"column":null}},"36":{"start":{"line":146,"column":1},"end":{"line":146,"column":null}},"37":{"start":{"line":147,"column":1},"end":{"line":147,"column":null}},"38":{"start":{"line":150,"column":13},"end":{"line":159,"column":2}},"39":{"start":{"line":161,"column":13},"end":{"line":167,"column":2}},"40":{"start":{"line":169,"column":0},"end":{"line":169,"column":null}},"41":{"start":{"line":170,"column":1},"end":{"line":170,"column":null}},"42":{"start":{"line":171,"column":1},"end":{"line":171,"column":null}},"43":{"start":{"line":174,"column":0},"end":{"line":174,"column":null}},"44":{"start":{"line":175,"column":1},"end":{"line":175,"column":null}},"45":{"start":{"line":176,"column":1},"end":{"line":176,"column":null}},"46":{"start":{"line":177,"column":1},"end":{"line":177,"column":null}},"47":{"start":{"line":180,"column":0},"end":{"line":180,"column":null}},"48":{"start":{"line":181,"column":1},"end":{"line":181,"column":null}},"49":{"start":{"line":182,"column":1},"end":{"line":182,"column":null}},"50":{"start":{"line":183,"column":1},"end":{"line":183,"column":null}},"51":{"start":{"line":186,"column":0},"end":{"line":186,"column":null}},"52":{"start":{"line":187,"column":1},"end":{"line":187,"column":null}},"53":{"start":{"line":188,"column":1},"end":{"line":188,"column":null}},"54":{"start":{"line":189,"column":1},"end":{"line":189,"column":null}},"55":{"start":{"line":192,"column":0},"end":{"line":192,"column":null}},"56":{"start":{"line":193,"column":1},"end":{"line":193,"column":null}},"57":{"start":{"line":194,"column":1},"end":{"line":194,"column":null}},"58":{"start":{"line":197,"column":0},"end":{"line":197,"column":null}},"59":{"start":{"line":198,"column":1},"end":{"line":198,"column":null}},"60":{"start":{"line":199,"column":1},"end":{"line":199,"column":null}},"61":{"start":{"line":200,"column":1},"end":{"line":200,"column":null}},"62":{"start":{"line":201,"column":1},"end":{"line":201,"column":null}},"63":{"start":{"line":204,"column":0},"end":{"line":204,"column":null}},"64":{"start":{"line":205,"column":1},"end":{"line":205,"column":null}},"65":{"start":{"line":206,"column":1},"end":{"line":206,"column":null}},"66":{"start":{"line":207,"column":1},"end":{"line":207,"column":null}},"67":{"start":{"line":208,"column":1},"end":{"line":208,"column":null}},"68":{"start":{"line":209,"column":1},"end":{"line":209,"column":null}},"69":{"start":{"line":210,"column":1},"end":{"line":210,"column":null}},"70":{"start":{"line":213,"column":0},"end":{"line":213,"column":null}},"71":{"start":{"line":214,"column":1},"end":{"line":214,"column":null}},"72":{"start":{"line":215,"column":1},"end":{"line":215,"column":null}}},"fnMap":{"0":{"name":"(anonymous_0)","decl":{"start":{"line":95,"column":0},"end":{"line":95,"column":12}},"loc":{"start":{"line":95,"column":15},"end":{"line":101,"column":1}}},"1":{"name":"(anonymous_1)","decl":{"start":{"line":103,"column":0},"end":{"line":103,"column":12}},"loc":{"start":{"line":103,"column":23},"end":{"line":107,"column":1}}},"2":{"name":"(anonymous_2)","decl":{"start":{"line":117,"column":0},"end":{"line":117,"column":12}},"loc":{"start":{"line":117,"column":18},"end":{"line":126,"column":1}}},"3":{"name":"(anonymous_3)","decl":{"start":{"line":128,"column":0},"end":{"line":128,"column":12}},"loc":{"start":{"line":128,"column":23},"end":{"line":137,"column":1}}},"4":{"name":"(anonymous_4)","decl":{"start":{"line":139,"column":0},"end":{"line":139,"column":12}},"loc":{"start":{"line":139,"column":20},"end":{"line":148,"column":1}}},"5":{"name":"(anonymous_5)","decl":{"start":{"line":169,"column":0},"end":{"line":169,"column":12}},"loc":{"start":{"line":169,"column":23},"end":{"line":172,"column":1}}},"6":{"name":"(anonymous_6)","decl":{"start":{"line":174,"column":0},"end":{"line":174,"column":12}},"loc":{"start":{"line":174,"column":31},"end":{"line":178,"column":1}}},"7":{"name":"(anonymous_7)","decl":{"start":{"line":180,"column":0},"end":{"line":180,"column":12}},"loc":{"start":{"line":180,"column":30},"end":{"line":184,"column":1}}},"8":{"name":"(anonymous_8)","decl":{"start":{"line":186,"column":0},"end":{"line":186,"column":12}},"loc":{"start":{"line":186,"column":22},"end":{"line":190,"column":1}}},"9":{"name":"(anonymous_9)","decl":{"start":{"line":192,"column":0},"end":{"line":192,"column":12}},"loc":{"start":{"line":192,"column":25},"end":{"line":195,"column":1}}},"10":{"name":"(anonymous_10)","decl":{"start":{"line":197,"column":0},"end":{"line":197,"column":12}},"loc":{"start":{"line":197,"column":30},"end":{"line":202,"column":1}}},"11":{"name":"(anonymous_11)","decl":{"start":{"line":204,"column":0},"end":{"line":204,"column":12}},"loc":{"start":{"line":204,"column":29},"end":{"line":211,"column":1}}},"12":{"name":"(anonymous_12)","decl":{"start":{"line":213,"column":0},"end":{"line":213,"column":12}},"loc":{"start":{"line":213,"column":32},"end":{"line":216,"column":1}}}},"branchMap":{"0":{"loc":{"start":{"line":95,"column":12},"end":{"line":95,"column":15}},"type":"binary-expr","locations":[{"start":{"line":95,"column":12},"end":{"line":95,"column":15}},{"start":{"line":95,"column":12},"end":{"line":95,"column":null}}]},"1":{"loc":{"start":{"line":103,"column":12},"end":{"line":103,"column":23}},"type":"binary-expr","locations":[{"start":{"line":103,"column":12},"end":{"line":103,"column":23}},{"start":{"line":103,"column":12},"end":{"line":103,"column":null}}]},"2":{"loc":{"start":{"line":117,"column":12},"end":{"line":117,"column":18}},"type":"binary-expr","locations":[{"start":{"line":117,"column":12},"end":{"line":117,"column":18}},{"start":{"line":117,"column":12},"end":{"line":117,"column":null}}]},"3":{"loc":{"start":{"line":128,"column":12},"end":{"line":128,"column":23}},"type":"binary-expr","locations":[{"start":{"line":128,"column":12},"end":{"line":128,"column":23}},{"start":{"line":128,"column":12},"end":{"line":128,"column":null}}]},"4":{"loc":{"start":{"line":139,"column":12},"end":{"line":139,"column":20}},"type":"binary-expr","locations":[{"start":{"line":139,"column":12},"end":{"line":139,"column":20}},{"start":{"line":139,"column":12},"end":{"line":139,"column":null}}]},"5":{"loc":{"start":{"line":169,"column":12},"end":{"line":169,"column":23}},"type":"binary-expr","locations":[{"start":{"line":169,"column":12},"end":{"line":169,"column":23}},{"start":{"line":169,"column":12},"end":{"line":169,"column":null}}]},"6":{"loc":{"start":{"line":174,"column":12},"end":{"line":174,"column":31}},"type":"binary-expr","locations":[{"start":{"line":174,"column":12},"end":{"line":174,"column":31}},{"start":{"line":174,"column":12},"end":{"line":174,"column":null}}]},"7":{"loc":{"start":{"line":180,"column":12},"end":{"line":180,"column":30}},"type":"binary-expr","locations":[{"start":{"line":180,"column":12},"end":{"line":180,"column":30}},{"start":{"line":180,"column":12},"end":{"line":180,"column":null}}]},"8":{"loc":{"start":{"line":186,"column":12},"end":{"line":186,"column":22}},"type":"binary-expr","locations":[{"start":{"line":186,"column":12},"end":{"line":186,"column":22}},{"start":{"line":186,"column":12},"end":{"line":186,"column":null}}]},"9":{"loc":{"start":{"line":192,"column":12},"end":{"line":192,"column":25}},"type":"binary-expr","locations":[{"start":{"line":192,"column":12},"end":{"line":192,"column":25}},{"start":{"line":192,"column":12},"end":{"line":192,"column":null}}]},"10":{"loc":{"start":{"line":197,"column":12},"end":{"line":197,"column":30}},"type":"binary-expr","locations":[{"start":{"line":197,"column":12},"end":{"line":197,"column":30}},{"start":{"line":197,"column":12},"end":{"line":197,"column":null}}]},"11":{"loc":{"start":{"line":204,"column":12},"end":{"line":204,"column":29}},"type":"binary-expr","locations":[{"start":{"line":204,"column":12},"end":{"line":204,"column":29}},{"start":{"line":204,"column":12},"end":{"line":204,"column":null}}]},"12":{"loc":{"start":{"line":213,"column":12},"end":{"line":213,"column":32}},"type":"binary-expr","locations":[{"start":{"line":213,"column":12},"end":{"line":213,"column":32}},{"start":{"line":213,"column":12},"end":{"line":213,"column":null}}]}},"s":{"0":16,"1":16,"2":16,"3":16,"4":16,"5":16,"6":16,"7":16,"8":16,"9":16,"10":16,"11":16,"12":16,"13":16,"14":16,"15":16,"16":16,"17":16,"18":16,"19":16,"20":16,"21":16,"22":16,"23":16,"24":16,"25":16,"26":16,"27":16,"28":16,"29":16,"30":16,"31":16,"32":16,"33":16,"34":16,"35":16,"36":16,"37":16,"38":16,"39":16,"40":16,"41":16,"42":16,"43":16,"44":16,"45":16,"46":16,"47":16,"48":16,"49":16,"50":16,"51":16,"52":16,"53":16,"54":16,"55":16,"56":16,"57":16,"58":16,"59":16,"60":16,"61":16,"62":16,"63":16,"64":16,"65":16,"66":16,"67":16,"68":16,"69":16,"70":16,"71":16,"72":16},"f":{"0":16,"1":16,"2":16,"3":16,"4":16,"5":16,"6":16,"7":16,"8":16,"9":16,"10":16,"11":16,"12":16},"b":{"0":[16,16],"1":[16,16],"2":[16,16],"3":[16,16],"4":[16,16],"5":[16,16],"6":[16,16],"7":[16,16],"8":[16,16],"9":[16,16],"10":[16,16],"11":[16,16],"12":[16,16]}}
,"/Users/philipsiyanbola/Documents/jnj/myacuvue_thailand_web/packages/services/src/ConfigService/footer/footerAU.ts": {"path":"/Users/philipsiyanbola/Documents/jnj/myacuvue_thailand_web/packages/services/src/ConfigService/footer/footerAU.ts","statementMap":{"0":{"start":{"line":3,"column":13},"end":{"line":63,"column":2}}},"fnMap":{},"branchMap":{},"s":{"0":11},"f":{},"b":{}}
,"/Users/philipsiyanbola/Documents/jnj/myacuvue_thailand_web/packages/services/src/ConfigService/footer/footerHK.ts": {"path":"/Users/philipsiyanbola/Documents/jnj/myacuvue_thailand_web/packages/services/src/ConfigService/footer/footerHK.ts","statementMap":{"0":{"start":{"line":3,"column":13},"end":{"line":56,"column":2}}},"fnMap":{},"branchMap":{},"s":{"0":11},"f":{},"b":{}}
,"/Users/philipsiyanbola/Documents/jnj/myacuvue_thailand_web/packages/services/src/ConfigService/footer/footerIN.ts": {"path":"/Users/philipsiyanbola/Documents/jnj/myacuvue_thailand_web/packages/services/src/ConfigService/footer/footerIN.ts","statementMap":{"0":{"start":{"line":3,"column":13},"end":{"line":60,"column":2}}},"fnMap":{},"branchMap":{},"s":{"0":11},"f":{},"b":{}}
,"/Users/philipsiyanbola/Documents/jnj/myacuvue_thailand_web/packages/services/src/ConfigService/footer/footerMY.ts": {"path":"/Users/philipsiyanbola/Documents/jnj/myacuvue_thailand_web/packages/services/src/ConfigService/footer/footerMY.ts","statementMap":{"0":{"start":{"line":3,"column":13},"end":{"line":60,"column":2}}},"fnMap":{},"branchMap":{},"s":{"0":11},"f":{},"b":{}}
,"/Users/philipsiyanbola/Documents/jnj/myacuvue_thailand_web/packages/services/src/ConfigService/footer/footerNZ.ts": {"path":"/Users/philipsiyanbola/Documents/jnj/myacuvue_thailand_web/packages/services/src/ConfigService/footer/footerNZ.ts","statementMap":{"0":{"start":{"line":3,"column":13},"end":{"line":55,"column":2}}},"fnMap":{},"branchMap":{},"s":{"0":11},"f":{},"b":{}}
,"/Users/philipsiyanbola/Documents/jnj/myacuvue_thailand_web/packages/services/src/ConfigService/footer/footerSG.ts": {"path":"/Users/philipsiyanbola/Documents/jnj/myacuvue_thailand_web/packages/services/src/ConfigService/footer/footerSG.ts","statementMap":{"0":{"start":{"line":3,"column":13},"end":{"line":65,"column":2}}},"fnMap":{},"branchMap":{},"s":{"0":11},"f":{},"b":{}}
,"/Users/philipsiyanbola/Documents/jnj/myacuvue_thailand_web/packages/services/src/ConfigService/footer/footerTW.ts": {"path":"/Users/philipsiyanbola/Documents/jnj/myacuvue_thailand_web/packages/services/src/ConfigService/footer/footerTW.ts","statementMap":{"0":{"start":{"line":3,"column":13},"end":{"line":76,"column":2}}},"fnMap":{},"branchMap":{},"s":{"0":11},"f":{},"b":{}}
,"/Users/philipsiyanbola/Documents/jnj/myacuvue_thailand_web/packages/services/src/ConfigService/footer/socialNetworksAU.ts": {"path":"/Users/philipsiyanbola/Documents/jnj/myacuvue_thailand_web/packages/services/src/ConfigService/footer/socialNetworksAU.ts","statementMap":{"0":{"start":{"line":1,"column":0},"end":{"line":1,"column":46}},"1":{"start":{"line":4,"column":13},"end":{"line":17,"column":2}}},"fnMap":{},"branchMap":{},"s":{"0":11,"1":11},"f":{},"b":{}}
,"/Users/philipsiyanbola/Documents/jnj/myacuvue_thailand_web/packages/services/src/ConfigService/footer/socialNetworksHK.ts": {"path":"/Users/philipsiyanbola/Documents/jnj/myacuvue_thailand_web/packages/services/src/ConfigService/footer/socialNetworksHK.ts","statementMap":{"0":{"start":{"line":1,"column":0},"end":{"line":1,"column":46}},"1":{"start":{"line":4,"column":13},"end":{"line":17,"column":2}}},"fnMap":{},"branchMap":{},"s":{"0":11,"1":11},"f":{},"b":{}}
,"/Users/philipsiyanbola/Documents/jnj/myacuvue_thailand_web/packages/services/src/ConfigService/footer/socialNetworksIN.ts": {"path":"/Users/philipsiyanbola/Documents/jnj/myacuvue_thailand_web/packages/services/src/ConfigService/footer/socialNetworksIN.ts","statementMap":{"0":{"start":{"line":1,"column":0},"end":{"line":1,"column":46}},"1":{"start":{"line":4,"column":13},"end":{"line":13,"column":2}}},"fnMap":{},"branchMap":{},"s":{"0":11,"1":11},"f":{},"b":{}}
,"/Users/philipsiyanbola/Documents/jnj/myacuvue_thailand_web/packages/services/src/ConfigService/footer/socialNetworksMY.ts": {"path":"/Users/philipsiyanbola/Documents/jnj/myacuvue_thailand_web/packages/services/src/ConfigService/footer/socialNetworksMY.ts","statementMap":{"0":{"start":{"line":1,"column":0},"end":{"line":1,"column":46}},"1":{"start":{"line":4,"column":13},"end":{"line":17,"column":2}}},"fnMap":{},"branchMap":{},"s":{"0":11,"1":11},"f":{},"b":{}}
,"/Users/philipsiyanbola/Documents/jnj/myacuvue_thailand_web/packages/services/src/ConfigService/footer/socialNetworksSG.ts": {"path":"/Users/philipsiyanbola/Documents/jnj/myacuvue_thailand_web/packages/services/src/ConfigService/footer/socialNetworksSG.ts","statementMap":{"0":{"start":{"line":1,"column":0},"end":{"line":1,"column":46}},"1":{"start":{"line":4,"column":13},"end":{"line":17,"column":2}}},"fnMap":{},"branchMap":{},"s":{"0":11,"1":11},"f":{},"b":{}}
,"/Users/philipsiyanbola/Documents/jnj/myacuvue_thailand_web/packages/services/src/ConfigService/footer/socialNetworksTW.ts": {"path":"/Users/philipsiyanbola/Documents/jnj/myacuvue_thailand_web/packages/services/src/ConfigService/footer/socialNetworksTW.ts","statementMap":{"0":{"start":{"line":1,"column":0},"end":{"line":1,"column":46}},"1":{"start":{"line":4,"column":13},"end":{"line":17,"column":2}}},"fnMap":{},"branchMap":{},"s":{"0":11,"1":11},"f":{},"b":{}}
,"/Users/philipsiyanbola/Documents/jnj/myacuvue_thailand_web/packages/services/src/ConfigService/header/headerAU.ts": {"path":"/Users/philipsiyanbola/Documents/jnj/myacuvue_thailand_web/packages/services/src/ConfigService/header/headerAU.ts","statementMap":{"0":{"start":{"line":3,"column":13},"end":{"line":245,"column":2}}},"fnMap":{},"branchMap":{},"s":{"0":11},"f":{},"b":{}}
,"/Users/philipsiyanbola/Documents/jnj/myacuvue_thailand_web/packages/services/src/ConfigService/header/headerHK.ts": {"path":"/Users/philipsiyanbola/Documents/jnj/myacuvue_thailand_web/packages/services/src/ConfigService/header/headerHK.ts","statementMap":{"0":{"start":{"line":3,"column":13},"end":{"line":168,"column":2}}},"fnMap":{},"branchMap":{},"s":{"0":11},"f":{},"b":{}}
,"/Users/philipsiyanbola/Documents/jnj/myacuvue_thailand_web/packages/services/src/ConfigService/header/headerIN.ts": {"path":"/Users/philipsiyanbola/Documents/jnj/myacuvue_thailand_web/packages/services/src/ConfigService/header/headerIN.ts","statementMap":{"0":{"start":{"line":3,"column":13},"end":{"line":201,"column":2}}},"fnMap":{},"branchMap":{},"s":{"0":11},"f":{},"b":{}}
,"/Users/philipsiyanbola/Documents/jnj/myacuvue_thailand_web/packages/services/src/ConfigService/header/headerMY.ts": {"path":"/Users/philipsiyanbola/Documents/jnj/myacuvue_thailand_web/packages/services/src/ConfigService/header/headerMY.ts","statementMap":{"0":{"start":{"line":3,"column":13},"end":{"line":286,"column":2}}},"fnMap":{},"branchMap":{},"s":{"0":11},"f":{},"b":{}}
,"/Users/philipsiyanbola/Documents/jnj/myacuvue_thailand_web/packages/services/src/ConfigService/header/headerNZ.ts": {"path":"/Users/philipsiyanbola/Documents/jnj/myacuvue_thailand_web/packages/services/src/ConfigService/header/headerNZ.ts","statementMap":{"0":{"start":{"line":3,"column":13},"end":{"line":227,"column":2}}},"fnMap":{},"branchMap":{},"s":{"0":11},"f":{},"b":{}}
,"/Users/philipsiyanbola/Documents/jnj/myacuvue_thailand_web/packages/services/src/ConfigService/header/headerSG.ts": {"path":"/Users/philipsiyanbola/Documents/jnj/myacuvue_thailand_web/packages/services/src/ConfigService/header/headerSG.ts","statementMap":{"0":{"start":{"line":3,"column":13},"end":{"line":238,"column":2}}},"fnMap":{},"branchMap":{},"s":{"0":11},"f":{},"b":{}}
,"/Users/philipsiyanbola/Documents/jnj/myacuvue_thailand_web/packages/services/src/ConfigService/header/headerTW.ts": {"path":"/Users/philipsiyanbola/Documents/jnj/myacuvue_thailand_web/packages/services/src/ConfigService/header/headerTW.ts","statementMap":{"0":{"start":{"line":3,"column":13},"end":{"line":257,"column":2}}},"fnMap":{},"branchMap":{},"s":{"0":11},"f":{},"b":{}}
,"/Users/philipsiyanbola/Documents/jnj/myacuvue_thailand_web/packages/services/src/CouponService/index.ts": {"path":"/Users/philipsiyanbola/Documents/jnj/myacuvue_thailand_web/packages/services/src/CouponService/index.ts","statementMap":{"0":{"start":{"line":7,"column":0},"end":{"line":7,"column":55}},"1":{"start":{"line":8,"column":0},"end":{"line":8,"column":45}},"2":{"start":{"line":9,"column":0},"end":{"line":9,"column":52}},"3":{"start":{"line":10,"column":0},"end":{"line":10,"column":33}},"4":{"start":{"line":11,"column":0},"end":{"line":11,"column":26}},"5":{"start":{"line":13,"column":25},"end":{"line":13,"column":30}},"6":{"start":{"line":15,"column":28},"end":{"line":37,"column":1}},"7":{"start":{"line":19,"column":16},"end":{"line":19,"column":27}},"8":{"start":{"line":20,"column":38},"end":{"line":23,"column":3}},"9":{"start":{"line":25,"column":1},"end":{"line":36,"column":null}},"10":{"start":{"line":26,"column":2},"end":{"line":26,"column":70}},"11":{"start":{"line":28,"column":2},"end":{"line":34,"column":null}},"12":{"start":{"line":33,"column":3},"end":{"line":33,"column":58}},"13":{"start":{"line":35,"column":2},"end":{"line":35,"column":14}},"14":{"start":{"line":15,"column":13},"end":{"line":15,"column":28}},"15":{"start":{"line":39,"column":30},"end":{"line":47,"column":1}},"16":{"start":{"line":42,"column":27},"end":{"line":44,"column":null}},"17":{"start":{"line":46,"column":1},"end":{"line":46,"column":16}},"18":{"start":{"line":39,"column":13},"end":{"line":39,"column":30}},"19":{"start":{"line":49,"column":37},"end":{"line":69,"column":1}},"20":{"start":{"line":53,"column":1},"end":{"line":68,"column":null}},"21":{"start":{"line":54,"column":2},"end":{"line":58,"column":4}},"22":{"start":{"line":60,"column":2},"end":{"line":66,"column":null}},"23":{"start":{"line":65,"column":3},"end":{"line":65,"column":58}},"24":{"start":{"line":67,"column":2},"end":{"line":67,"column":14}},"25":{"start":{"line":49,"column":13},"end":{"line":49,"column":37}},"26":{"start":{"line":71,"column":32},"end":{"line":80,"column":1}},"27":{"start":{"line":74,"column":16},"end":{"line":74,"column":27}},"28":{"start":{"line":75,"column":32},"end":{"line":77,"column":null}},"29":{"start":{"line":79,"column":1},"end":{"line":79,"column":21}},"30":{"start":{"line":71,"column":13},"end":{"line":71,"column":32}},"31":{"start":{"line":82,"column":35},"end":{"line":90,"column":1}},"32":{"start":{"line":85,"column":16},"end":{"line":85,"column":27}},"33":{"start":{"line":86,"column":36},"end":{"line":88,"column":67}},"34":{"start":{"line":89,"column":1},"end":{"line":89,"column":25}},"35":{"start":{"line":82,"column":13},"end":{"line":82,"column":35}},"36":{"start":{"line":92,"column":40},"end":{"line":112,"column":1}},"37":{"start":{"line":96,"column":1},"end":{"line":111,"column":null}},"38":{"start":{"line":97,"column":2},"end":{"line":101,"column":4}},"39":{"start":{"line":103,"column":2},"end":{"line":109,"column":null}},"40":{"start":{"line":108,"column":3},"end":{"line":108,"column":58}},"41":{"start":{"line":110,"column":2},"end":{"line":110,"column":14}},"42":{"start":{"line":92,"column":13},"end":{"line":92,"column":40}}},"fnMap":{"0":{"name":"(anonymous_0)","decl":{"start":{"line":15,"column":28},"end":{"line":15,"column":33}},"loc":{"start":{"line":18,"column":19},"end":{"line":37,"column":1}}},"1":{"name":"(anonymous_1)","decl":{"start":{"line":39,"column":30},"end":{"line":39,"column":35}},"loc":{"start":{"line":41,"column":29},"end":{"line":47,"column":1}}},"2":{"name":"(anonymous_2)","decl":{"start":{"line":49,"column":37},"end":{"line":49,"column":42}},"loc":{"start":{"line":52,"column":19},"end":{"line":69,"column":1}}},"3":{"name":"(anonymous_3)","decl":{"start":{"line":71,"column":32},"end":{"line":71,"column":37}},"loc":{"start":{"line":73,"column":30},"end":{"line":80,"column":1}}},"4":{"name":"(anonymous_4)","decl":{"start":{"line":82,"column":35},"end":{"line":82,"column":40}},"loc":{"start":{"line":84,"column":33},"end":{"line":90,"column":1}}},"5":{"name":"(anonymous_5)","decl":{"start":{"line":92,"column":40},"end":{"line":92,"column":45}},"loc":{"start":{"line":95,"column":19},"end":{"line":112,"column":1}}}},"branchMap":{"0":{"loc":{"start":{"line":28,"column":2},"end":{"line":34,"column":null}},"type":"if","locations":[{"start":{"line":28,"column":2},"end":{"line":34,"column":null}},{"start":{"line":28,"column":2},"end":{"line":34,"column":null}}]},"1":{"loc":{"start":{"line":29,"column":3},"end":{"line":29,"column":22}},"type":"binary-expr","locations":[{"start":{"line":29,"column":3},"end":{"line":29,"column":22}},{"start":{"line":30,"column":3},"end":{"line":30,"column":52}},{"start":{"line":31,"column":3},"end":{"line":31,"column":34}}]},"2":{"loc":{"start":{"line":60,"column":2},"end":{"line":66,"column":null}},"type":"if","locations":[{"start":{"line":60,"column":2},"end":{"line":66,"column":null}},{"start":{"line":60,"column":2},"end":{"line":66,"column":null}}]},"3":{"loc":{"start":{"line":61,"column":3},"end":{"line":61,"column":22}},"type":"binary-expr","locations":[{"start":{"line":61,"column":3},"end":{"line":61,"column":22}},{"start":{"line":62,"column":3},"end":{"line":62,"column":49}},{"start":{"line":63,"column":3},"end":{"line":63,"column":34}}]},"4":{"loc":{"start":{"line":103,"column":2},"end":{"line":109,"column":null}},"type":"if","locations":[{"start":{"line":103,"column":2},"end":{"line":109,"column":null}},{"start":{"line":103,"column":2},"end":{"line":109,"column":null}}]},"5":{"loc":{"start":{"line":104,"column":3},"end":{"line":104,"column":22}},"type":"binary-expr","locations":[{"start":{"line":104,"column":3},"end":{"line":104,"column":22}},{"start":{"line":105,"column":3},"end":{"line":105,"column":49}},{"start":{"line":106,"column":3},"end":{"line":106,"column":34}}]}},"s":{"0":14,"1":14,"2":14,"3":14,"4":14,"5":14,"6":14,"7":3,"8":3,"9":3,"10":3,"11":2,"12":1,"13":1,"14":14,"15":14,"16":2,"17":2,"18":14,"19":14,"20":3,"21":3,"22":2,"23":1,"24":1,"25":14,"26":14,"27":2,"28":2,"29":2,"30":14,"31":14,"32":2,"33":2,"34":2,"35":14,"36":14,"37":3,"38":3,"39":2,"40":1,"41":1,"42":14},"f":{"0":3,"1":2,"2":3,"3":2,"4":2,"5":3},"b":{"0":[1,1],"1":[2,1,1],"2":[1,1],"3":[2,1,1],"4":[1,1],"5":[2,1,1]}}
,"/Users/philipsiyanbola/Documents/jnj/myacuvue_thailand_web/packages/services/src/DateService/index.ts": {"path":"/Users/philipsiyanbola/Documents/jnj/myacuvue_thailand_web/packages/services/src/DateService/index.ts","statementMap":{"0":{"start":{"line":2,"column":14},"end":{"line":2,"column":36}},"1":{"start":{"line":3,"column":1},"end":{"line":3,"column":27}},"2":{"start":{"line":4,"column":1},"end":{"line":4,"column":60}},"3":{"start":{"line":8,"column":17},"end":{"line":8,"column":31}},"4":{"start":{"line":9,"column":1},"end":{"line":9,"column":52}},"5":{"start":{"line":10,"column":1},"end":{"line":10,"column":16}},"6":{"start":{"line":14,"column":17},"end":{"line":14,"column":31}},"7":{"start":{"line":15,"column":1},"end":{"line":15,"column":47}},"8":{"start":{"line":16,"column":1},"end":{"line":16,"column":16}},"9":{"start":{"line":20,"column":26},"end":{"line":20,"column":47}},"10":{"start":{"line":21,"column":1},"end":{"line":21,"column":18}},"11":{"start":{"line":22,"column":21},"end":{"line":22,"column":22}},"12":{"start":{"line":23,"column":20},"end":{"line":23,"column":49}},"13":{"start":{"line":24,"column":1},"end":{"line":24,"column":60}},"14":{"start":{"line":27,"column":20},"end":{"line":32,"column":2}},"15":{"start":{"line":34,"column":0},"end":{"line":34,"column":27}}},"fnMap":{"0":{"name":"getMonthName","decl":{"start":{"line":1,"column":9},"end":{"line":1,"column":21}},"loc":{"start":{"line":1,"column":61},"end":{"line":5,"column":1}}},"1":{"name":"dateSubtractingYears","decl":{"start":{"line":7,"column":9},"end":{"line":7,"column":29}},"loc":{"start":{"line":7,"column":55},"end":{"line":11,"column":1}}},"2":{"name":"dateAddingMonths","decl":{"start":{"line":13,"column":9},"end":{"line":13,"column":25}},"loc":{"start":{"line":13,"column":52},"end":{"line":17,"column":1}}},"3":{"name":"dateFromString","decl":{"start":{"line":19,"column":9},"end":{"line":19,"column":23}},"loc":{"start":{"line":19,"column":42},"end":{"line":25,"column":1}}}},"branchMap":{"0":{"loc":{"start":{"line":21,"column":7},"end":{"line":21,"column":10}},"type":"binary-expr","locations":[{"start":{"line":21,"column":7},"end":{"line":21,"column":10}},{"start":{"line":21,"column":14},"end":{"line":21,"column":17}}]}},"s":{"0":2,"1":2,"2":2,"3":31,"4":31,"5":31,"6":1,"7":1,"8":1,"9":2,"10":2,"11":2,"12":2,"13":2,"14":15,"15":15},"f":{"0":2,"1":31,"2":1,"3":2},"b":{"0":[2,1]}}
,"/Users/philipsiyanbola/Documents/jnj/myacuvue_thailand_web/packages/services/src/EmailService/index.ts": {"path":"/Users/philipsiyanbola/Documents/jnj/myacuvue_thailand_web/packages/services/src/EmailService/index.ts","statementMap":{"0":{"start":{"line":1,"column":0},"end":{"line":1,"column":39}},"1":{"start":{"line":2,"column":0},"end":{"line":2,"column":55}},"2":{"start":{"line":3,"column":0},"end":{"line":3,"column":52}},"3":{"start":{"line":5,"column":0},"end":{"line":5,"column":82}},"4":{"start":{"line":6,"column":0},"end":{"line":6,"column":26}},"5":{"start":{"line":8,"column":25},"end":{"line":8,"column":30}},"6":{"start":{"line":10,"column":15},"end":{"line":33,"column":1}},"7":{"start":{"line":11,"column":38},"end":{"line":13,"column":3}},"8":{"start":{"line":14,"column":1},"end":{"line":32,"column":null}},"9":{"start":{"line":15,"column":2},"end":{"line":15,"column":50}},"10":{"start":{"line":17,"column":2},"end":{"line":31,"column":null}},"11":{"start":{"line":21,"column":3},"end":{"line":23,"column":5}},"12":{"start":{"line":24,"column":9},"end":{"line":31,"column":null}},"13":{"start":{"line":28,"column":3},"end":{"line":28,"column":58}},"14":{"start":{"line":30,"column":3},"end":{"line":30,"column":15}},"15":{"start":{"line":35,"column":20},"end":{"line":54,"column":1}},"16":{"start":{"line":39,"column":1},"end":{"line":53,"column":null}},"17":{"start":{"line":40,"column":2},"end":{"line":44,"column":4}},"18":{"start":{"line":46,"column":2},"end":{"line":51,"column":null}},"19":{"start":{"line":50,"column":3},"end":{"line":50,"column":58}},"20":{"start":{"line":52,"column":2},"end":{"line":52,"column":14}},"21":{"start":{"line":56,"column":29},"end":{"line":72,"column":1}},"22":{"start":{"line":57,"column":1},"end":{"line":71,"column":null}},"23":{"start":{"line":58,"column":2},"end":{"line":62,"column":4}},"24":{"start":{"line":64,"column":2},"end":{"line":69,"column":null}},"25":{"start":{"line":68,"column":3},"end":{"line":68,"column":58}},"26":{"start":{"line":70,"column":2},"end":{"line":70,"column":14}},"27":{"start":{"line":74,"column":21},"end":{"line":78,"column":2}},"28":{"start":{"line":80,"column":0},"end":{"line":80,"column":28}}},"fnMap":{"0":{"name":"(anonymous_0)","decl":{"start":{"line":10,"column":15},"end":{"line":10,"column":20}},"loc":{"start":{"line":10,"column":38},"end":{"line":33,"column":1}}},"1":{"name":"(anonymous_1)","decl":{"start":{"line":35,"column":20},"end":{"line":35,"column":25}},"loc":{"start":{"line":38,"column":19},"end":{"line":54,"column":1}}},"2":{"name":"(anonymous_2)","decl":{"start":{"line":56,"column":29},"end":{"line":56,"column":34}},"loc":{"start":{"line":56,"column":72},"end":{"line":72,"column":1}}}},"branchMap":{"0":{"loc":{"start":{"line":17,"column":2},"end":{"line":31,"column":null}},"type":"if","locations":[{"start":{"line":17,"column":2},"end":{"line":31,"column":null}},{"start":{"line":17,"column":2},"end":{"line":31,"column":null}}]},"1":{"loc":{"start":{"line":18,"column":3},"end":{"line":18,"column":22}},"type":"binary-expr","locations":[{"start":{"line":18,"column":3},"end":{"line":18,"column":22}},{"start":{"line":19,"column":3},"end":{"line":19,"column":52}}]},"2":{"loc":{"start":{"line":24,"column":9},"end":{"line":31,"column":null}},"type":"if","locations":[{"start":{"line":24,"column":9},"end":{"line":31,"column":null}},{"start":{"line":24,"column":9},"end":{"line":31,"column":null}}]},"3":{"loc":{"start":{"line":25,"column":3},"end":{"line":25,"column":22}},"type":"binary-expr","locations":[{"start":{"line":25,"column":3},"end":{"line":25,"column":22}},{"start":{"line":26,"column":3},"end":{"line":26,"column":49}}]},"4":{"loc":{"start":{"line":46,"column":2},"end":{"line":51,"column":null}},"type":"if","locations":[{"start":{"line":46,"column":2},"end":{"line":51,"column":null}},{"start":{"line":46,"column":2},"end":{"line":51,"column":null}}]},"5":{"loc":{"start":{"line":47,"column":3},"end":{"line":47,"column":22}},"type":"binary-expr","locations":[{"start":{"line":47,"column":3},"end":{"line":47,"column":22}},{"start":{"line":48,"column":3},"end":{"line":48,"column":49}}]},"6":{"loc":{"start":{"line":64,"column":2},"end":{"line":69,"column":null}},"type":"if","locations":[{"start":{"line":64,"column":2},"end":{"line":69,"column":null}},{"start":{"line":64,"column":2},"end":{"line":69,"column":null}}]},"7":{"loc":{"start":{"line":65,"column":3},"end":{"line":65,"column":22}},"type":"binary-expr","locations":[{"start":{"line":65,"column":3},"end":{"line":65,"column":22}},{"start":{"line":66,"column":3},"end":{"line":66,"column":49}}]}},"s":{"0":14,"1":14,"2":14,"3":14,"4":14,"5":14,"6":14,"7":3,"8":3,"9":3,"10":2,"11":1,"12":1,"13":1,"14":0,"15":14,"16":3,"17":3,"18":2,"19":1,"20":1,"21":14,"22":3,"23":3,"24":2,"25":1,"26":1,"27":14,"28":14},"f":{"0":3,"1":3,"2":3},"b":{"0":[1,1],"1":[2,2],"2":[1,0],"3":[1,1],"4":[1,1],"5":[2,1],"6":[1,1],"7":[2,1]}}
,"/Users/philipsiyanbola/Documents/jnj/myacuvue_thailand_web/packages/services/src/EmailValidationService/index.ts": {"path":"/Users/philipsiyanbola/Documents/jnj/myacuvue_thailand_web/packages/services/src/EmailValidationService/index.ts","statementMap":{"0":{"start":{"line":2,"column":32},"end":{"line":2,"column":60}},"1":{"start":{"line":3,"column":1},"end":{"line":3,"column":50}},"2":{"start":{"line":6,"column":31},"end":{"line":8,"column":2}},"3":{"start":{"line":10,"column":0},"end":{"line":10,"column":38}}},"fnMap":{"0":{"name":"isValidEmailAddress","decl":{"start":{"line":1,"column":9},"end":{"line":1,"column":28}},"loc":{"start":{"line":1,"column":49},"end":{"line":4,"column":1}}}},"branchMap":{},"s":{"0":11,"1":11,"2":14,"3":14},"f":{"0":11},"b":{}}
,"/Users/philipsiyanbola/Documents/jnj/myacuvue_thailand_web/packages/services/src/FeatureSwitchService/index.ts": {"path":"/Users/philipsiyanbola/Documents/jnj/myacuvue_thailand_web/packages/services/src/FeatureSwitchService/index.ts","statementMap":{"0":{"start":{"line":1,"column":0},"end":{"line":1,"column":59}},"1":{"start":{"line":8,"column":0},"end":{"line":8,"column":26}},"2":{"start":{"line":9,"column":0},"end":{"line":9,"column":45}},"3":{"start":{"line":11,"column":0},"end":{"line":11,"column":52}},"4":{"start":{"line":15,"column":16},"end":{"line":15,"column":27}},"5":{"start":{"line":16,"column":1},"end":{"line":22,"column":null}},"6":{"start":{"line":17,"column":31},"end":{"line":17,"column":37}},"7":{"start":{"line":18,"column":19},"end":{"line":20,"column":4}},"8":{"start":{"line":21,"column":2},"end":{"line":21,"column":14}},"9":{"start":{"line":26,"column":24},"end":{"line":26,"column":45}},"10":{"start":{"line":28,"column":1},"end":{"line":39,"column":null}},"11":{"start":{"line":29,"column":24},"end":{"line":29,"column":54}},"12":{"start":{"line":30,"column":2},"end":{"line":33,"column":null}},"13":{"start":{"line":31,"column":3},"end":{"line":31,"column":71}},"14":{"start":{"line":32,"column":3},"end":{"line":32,"column":32}},"15":{"start":{"line":34,"column":2},"end":{"line":34,"column":22}},"16":{"start":{"line":36,"column":2},"end":{"line":38,"column":4}},"17":{"start":{"line":45,"column":1},"end":{"line":45,"column":34}},"18":{"start":{"line":44,"column":0},"end":{"line":44,"column":16}},"19":{"start":{"line":52,"column":1},"end":{"line":52,"column":75}},"20":{"start":{"line":53,"column":29},"end":{"line":53,"column":55}},"21":{"start":{"line":54,"column":1},"end":{"line":71,"column":null}},"22":{"start":{"line":55,"column":48},"end":{"line":56,"column":null}},"23":{"start":{"line":62,"column":25},"end":{"line":66,"column":4}},"24":{"start":{"line":63,"column":3},"end":{"line":65,"column":5}},"25":{"start":{"line":64,"column":4},"end":{"line":64,"column":58}},"26":{"start":{"line":68,"column":2},"end":{"line":68,"column":70}},"27":{"start":{"line":70,"column":2},"end":{"line":70,"column":30}},"28":{"start":{"line":78,"column":16},"end":{"line":78,"column":27}},"29":{"start":{"line":79,"column":1},"end":{"line":124,"column":null}},"30":{"start":{"line":80,"column":39},"end":{"line":80,"column":62}},"31":{"start":{"line":83,"column":6},"end":{"line":122,"column":4}},"32":{"start":{"line":123,"column":2},"end":{"line":123,"column":66}},"33":{"start":{"line":131,"column":22},"end":{"line":133,"column":null}},"34":{"start":{"line":135,"column":1},"end":{"line":137,"column":null}},"35":{"start":{"line":136,"column":2},"end":{"line":136,"column":58}},"36":{"start":{"line":140,"column":29},"end":{"line":142,"column":2}},"37":{"start":{"line":144,"column":0},"end":{"line":144,"column":36}}},"fnMap":{"0":{"name":"getFeatureSwitchConfig","decl":{"start":{"line":14,"column":15},"end":{"line":14,"column":37}},"loc":{"start":{"line":14,"column":37},"end":{"line":23,"column":1}}},"1":{"name":"cacheFeatureSwitchConfig","decl":{"start":{"line":27,"column":15},"end":{"line":27,"column":39}},"loc":{"start":{"line":27,"column":39},"end":{"line":40,"column":1}}},"2":{"name":"flushFeatureSwitchPromise","decl":{"start":{"line":44,"column":16},"end":{"line":44,"column":41}},"loc":{"start":{"line":44,"column":41},"end":{"line":46,"column":1}}},"3":{"name":"getFeatureSwitchValue","decl":{"start":{"line":48,"column":15},"end":{"line":48,"column":36}},"loc":{"start":{"line":50,"column":32},"end":{"line":72,"column":1}}},"4":{"name":"(anonymous_4)","decl":{"start":{"line":62,"column":41},"end":{"line":62,"column":42}},"loc":{"start":{"line":62,"column":62},"end":{"line":66,"column":3}}},"5":{"name":"(anonymous_5)","decl":{"start":{"line":63,"column":28},"end":{"line":63,"column":29}},"loc":{"start":{"line":64,"column":4},"end":{"line":64,"column":58}}},"6":{"name":"getConfigDemographics","decl":{"start":{"line":74,"column":9},"end":{"line":74,"column":30}},"loc":{"start":{"line":76,"column":54},"end":{"line":125,"column":1}}},"7":{"name":"getFeatureSwitch","decl":{"start":{"line":127,"column":15},"end":{"line":127,"column":31}},"loc":{"start":{"line":129,"column":54},"end":{"line":138,"column":1}}}},"branchMap":{"0":{"loc":{"start":{"line":16,"column":1},"end":{"line":22,"column":null}},"type":"if","locations":[{"start":{"line":16,"column":1},"end":{"line":22,"column":null}},{"start":{"line":16,"column":1},"end":{"line":22,"column":null}}]},"1":{"loc":{"start":{"line":30,"column":2},"end":{"line":33,"column":null}},"type":"if","locations":[{"start":{"line":30,"column":2},"end":{"line":33,"column":null}},{"start":{"line":30,"column":2},"end":{"line":33,"column":null}}]},"2":{"loc":{"start":{"line":52,"column":24},"end":{"line":52,"column":44}},"type":"binary-expr","locations":[{"start":{"line":52,"column":24},"end":{"line":52,"column":44}},{"start":{"line":52,"column":48},"end":{"line":52,"column":74}}]},"3":{"loc":{"start":{"line":54,"column":1},"end":{"line":71,"column":null}},"type":"if","locations":[{"start":{"line":54,"column":1},"end":{"line":71,"column":null}},{"start":{"line":54,"column":1},"end":{"line":71,"column":null}}]},"4":{"loc":{"start":{"line":68,"column":26},"end":{"line":68,"column":54}},"type":"cond-expr","locations":[{"start":{"line":68,"column":26},"end":{"line":68,"column":54}},{"start":{"line":68,"column":57},"end":{"line":68,"column":69}}]},"5":{"loc":{"start":{"line":76,"column":52},"end":{"line":76,"column":54}},"type":"default-arg","locations":[{"start":{"line":76,"column":52},"end":{"line":76,"column":54}}]},"6":{"loc":{"start":{"line":79,"column":1},"end":{"line":124,"column":null}},"type":"if","locations":[{"start":{"line":79,"column":1},"end":{"line":124,"column":null}},{"start":{"line":79,"column":1},"end":{"line":124,"column":null}}]},"7":{"loc":{"start":{"line":129,"column":52},"end":{"line":129,"column":54}},"type":"default-arg","locations":[{"start":{"line":129,"column":52},"end":{"line":129,"column":54}}]},"8":{"loc":{"start":{"line":135,"column":1},"end":{"line":137,"column":null}},"type":"if","locations":[{"start":{"line":135,"column":1},"end":{"line":137,"column":null}},{"start":{"line":135,"column":1},"end":{"line":137,"column":null}}]}},"s":{"0":14,"1":14,"2":14,"3":14,"4":11,"5":11,"6":11,"7":11,"8":8,"9":14,"10":11,"11":11,"12":8,"13":8,"14":8,"15":8,"16":3,"17":14,"18":14,"19":11,"20":11,"21":11,"22":8,"23":8,"24":2,"25":2,"26":8,"27":3,"28":11,"29":11,"30":11,"31":11,"32":11,"33":11,"34":11,"35":11,"36":14,"37":14},"f":{"0":11,"1":11,"2":14,"3":11,"4":2,"5":2,"6":11,"7":11},"b":{"0":[11,0],"1":[8,0],"2":[11,11],"3":[8,3],"4":[2,6],"5":[0],"6":[11,0],"7":[11],"8":[11,0]}}
,"/Users/philipsiyanbola/Documents/jnj/myacuvue_thailand_web/packages/services/src/FeatureSwitchService/types.ts": {"path":"/Users/philipsiyanbola/Documents/jnj/myacuvue_thailand_web/packages/services/src/FeatureSwitchService/types.ts","statementMap":{"0":{"start":{"line":21,"column":0},"end":{"line":21,"column":null}},"1":{"start":{"line":22,"column":1},"end":{"line":22,"column":null}},"2":{"start":{"line":23,"column":1},"end":{"line":23,"column":null}},"3":{"start":{"line":26,"column":0},"end":{"line":26,"column":null}},"4":{"start":{"line":27,"column":1},"end":{"line":27,"column":null}},"5":{"start":{"line":28,"column":1},"end":{"line":28,"column":null}},"6":{"start":{"line":31,"column":0},"end":{"line":31,"column":null}},"7":{"start":{"line":32,"column":1},"end":{"line":32,"column":null}},"8":{"start":{"line":33,"column":1},"end":{"line":33,"column":null}},"9":{"start":{"line":36,"column":0},"end":{"line":36,"column":null}},"10":{"start":{"line":37,"column":1},"end":{"line":37,"column":null}},"11":{"start":{"line":38,"column":1},"end":{"line":38,"column":null}},"12":{"start":{"line":41,"column":0},"end":{"line":41,"column":null}},"13":{"start":{"line":42,"column":1},"end":{"line":42,"column":null}},"14":{"start":{"line":43,"column":1},"end":{"line":43,"column":null}},"15":{"start":{"line":46,"column":0},"end":{"line":46,"column":null}},"16":{"start":{"line":47,"column":1},"end":{"line":47,"column":null}},"17":{"start":{"line":48,"column":1},"end":{"line":48,"column":null}},"18":{"start":{"line":51,"column":0},"end":{"line":51,"column":null}},"19":{"start":{"line":52,"column":1},"end":{"line":52,"column":null}},"20":{"start":{"line":53,"column":1},"end":{"line":53,"column":null}},"21":{"start":{"line":56,"column":0},"end":{"line":56,"column":null}},"22":{"start":{"line":57,"column":1},"end":{"line":57,"column":null}},"23":{"start":{"line":58,"column":1},"end":{"line":58,"column":null}}},"fnMap":{"0":{"name":"(anonymous_0)","decl":{"start":{"line":21,"column":0},"end":{"line":21,"column":12}},"loc":{"start":{"line":21,"column":37},"end":{"line":24,"column":1}}},"1":{"name":"(anonymous_1)","decl":{"start":{"line":26,"column":0},"end":{"line":26,"column":12}},"loc":{"start":{"line":26,"column":43},"end":{"line":29,"column":1}}},"2":{"name":"(anonymous_2)","decl":{"start":{"line":31,"column":0},"end":{"line":31,"column":12}},"loc":{"start":{"line":31,"column":49},"end":{"line":34,"column":1}}},"3":{"name":"(anonymous_3)","decl":{"start":{"line":36,"column":0},"end":{"line":36,"column":12}},"loc":{"start":{"line":36,"column":47},"end":{"line":39,"column":1}}},"4":{"name":"(anonymous_4)","decl":{"start":{"line":41,"column":0},"end":{"line":41,"column":12}},"loc":{"start":{"line":41,"column":63},"end":{"line":44,"column":1}}},"5":{"name":"(anonymous_5)","decl":{"start":{"line":46,"column":0},"end":{"line":46,"column":12}},"loc":{"start":{"line":46,"column":51},"end":{"line":49,"column":1}}},"6":{"name":"(anonymous_6)","decl":{"start":{"line":51,"column":0},"end":{"line":51,"column":12}},"loc":{"start":{"line":51,"column":52},"end":{"line":54,"column":1}}},"7":{"name":"(anonymous_7)","decl":{"start":{"line":56,"column":0},"end":{"line":56,"column":12}},"loc":{"start":{"line":56,"column":46},"end":{"line":59,"column":1}}}},"branchMap":{"0":{"loc":{"start":{"line":21,"column":12},"end":{"line":21,"column":37}},"type":"binary-expr","locations":[{"start":{"line":21,"column":12},"end":{"line":21,"column":37}},{"start":{"line":21,"column":12},"end":{"line":21,"column":null}}]},"1":{"loc":{"start":{"line":26,"column":12},"end":{"line":26,"column":43}},"type":"binary-expr","locations":[{"start":{"line":26,"column":12},"end":{"line":26,"column":43}},{"start":{"line":26,"column":12},"end":{"line":26,"column":null}}]},"2":{"loc":{"start":{"line":31,"column":12},"end":{"line":31,"column":49}},"type":"binary-expr","locations":[{"start":{"line":31,"column":12},"end":{"line":31,"column":49}},{"start":{"line":31,"column":12},"end":{"line":31,"column":null}}]},"3":{"loc":{"start":{"line":36,"column":12},"end":{"line":36,"column":47}},"type":"binary-expr","locations":[{"start":{"line":36,"column":12},"end":{"line":36,"column":47}},{"start":{"line":36,"column":12},"end":{"line":36,"column":null}}]},"4":{"loc":{"start":{"line":41,"column":12},"end":{"line":41,"column":63}},"type":"binary-expr","locations":[{"start":{"line":41,"column":12},"end":{"line":41,"column":63}},{"start":{"line":41,"column":12},"end":{"line":41,"column":null}}]},"5":{"loc":{"start":{"line":46,"column":12},"end":{"line":46,"column":51}},"type":"binary-expr","locations":[{"start":{"line":46,"column":12},"end":{"line":46,"column":51}},{"start":{"line":46,"column":12},"end":{"line":46,"column":null}}]},"6":{"loc":{"start":{"line":51,"column":12},"end":{"line":51,"column":52}},"type":"binary-expr","locations":[{"start":{"line":51,"column":12},"end":{"line":51,"column":52}},{"start":{"line":51,"column":12},"end":{"line":51,"column":null}}]},"7":{"loc":{"start":{"line":56,"column":12},"end":{"line":56,"column":46}},"type":"binary-expr","locations":[{"start":{"line":56,"column":12},"end":{"line":56,"column":46}},{"start":{"line":56,"column":12},"end":{"line":56,"column":null}}]}},"s":{"0":13,"1":13,"2":13,"3":13,"4":13,"5":13,"6":13,"7":13,"8":13,"9":13,"10":13,"11":13,"12":13,"13":13,"14":13,"15":13,"16":13,"17":13,"18":13,"19":13,"20":13,"21":13,"22":13,"23":13},"f":{"0":13,"1":13,"2":13,"3":13,"4":13,"5":13,"6":13,"7":13},"b":{"0":[13,13],"1":[13,13],"2":[13,13],"3":[13,13],"4":[13,13],"5":[13,13],"6":[13,13],"7":[13,13]}}
,"/Users/philipsiyanbola/Documents/jnj/myacuvue_thailand_web/packages/services/src/FeedbackService/index.ts": {"path":"/Users/philipsiyanbola/Documents/jnj/myacuvue_thailand_web/packages/services/src/FeedbackService/index.ts","statementMap":{"0":{"start":{"line":1,"column":0},"end":{"line":1,"column":39}},"1":{"start":{"line":2,"column":0},"end":{"line":2,"column":55}},"2":{"start":{"line":3,"column":0},"end":{"line":3,"column":52}},"3":{"start":{"line":5,"column":0},"end":{"line":5,"column":82}},"4":{"start":{"line":7,"column":0},"end":{"line":7,"column":26}},"5":{"start":{"line":9,"column":25},"end":{"line":9,"column":30}},"6":{"start":{"line":11,"column":29},"end":{"line":39,"column":1}},"7":{"start":{"line":16,"column":1},"end":{"line":38,"column":null}},"8":{"start":{"line":17,"column":2},"end":{"line":21,"column":4}},"9":{"start":{"line":23,"column":2},"end":{"line":37,"column":null}},"10":{"start":{"line":27,"column":3},"end":{"line":29,"column":5}},"11":{"start":{"line":30,"column":9},"end":{"line":37,"column":null}},"12":{"start":{"line":34,"column":3},"end":{"line":34,"column":58}},"13":{"start":{"line":36,"column":3},"end":{"line":36,"column":15}},"14":{"start":{"line":41,"column":26},"end":{"line":60,"column":1}},"15":{"start":{"line":44,"column":1},"end":{"line":59,"column":null}},"16":{"start":{"line":45,"column":19},"end":{"line":47,"column":null}},"17":{"start":{"line":49,"column":2},"end":{"line":49,"column":14}},"18":{"start":{"line":51,"column":2},"end":{"line":57,"column":null}},"19":{"start":{"line":56,"column":3},"end":{"line":56,"column":58}},"20":{"start":{"line":58,"column":2},"end":{"line":58,"column":14}},"21":{"start":{"line":62,"column":24},"end":{"line":65,"column":2}},"22":{"start":{"line":67,"column":0},"end":{"line":67,"column":31}}},"fnMap":{"0":{"name":"(anonymous_0)","decl":{"start":{"line":11,"column":29},"end":{"line":11,"column":34}},"loc":{"start":{"line":15,"column":4},"end":{"line":39,"column":1}}},"1":{"name":"(anonymous_1)","decl":{"start":{"line":41,"column":26},"end":{"line":41,"column":31}},"loc":{"start":{"line":43,"column":36},"end":{"line":60,"column":1}}}},"branchMap":{"0":{"loc":{"start":{"line":23,"column":2},"end":{"line":37,"column":null}},"type":"if","locations":[{"start":{"line":23,"column":2},"end":{"line":37,"column":null}},{"start":{"line":23,"column":2},"end":{"line":37,"column":null}}]},"1":{"loc":{"start":{"line":24,"column":3},"end":{"line":24,"column":22}},"type":"binary-expr","locations":[{"start":{"line":24,"column":3},"end":{"line":24,"column":22}},{"start":{"line":25,"column":3},"end":{"line":25,"column":52}}]},"2":{"loc":{"start":{"line":30,"column":9},"end":{"line":37,"column":null}},"type":"if","locations":[{"start":{"line":30,"column":9},"end":{"line":37,"column":null}},{"start":{"line":30,"column":9},"end":{"line":37,"column":null}}]},"3":{"loc":{"start":{"line":31,"column":3},"end":{"line":31,"column":22}},"type":"binary-expr","locations":[{"start":{"line":31,"column":3},"end":{"line":31,"column":22}},{"start":{"line":32,"column":3},"end":{"line":32,"column":49}}]},"4":{"loc":{"start":{"line":51,"column":2},"end":{"line":57,"column":null}},"type":"if","locations":[{"start":{"line":51,"column":2},"end":{"line":57,"column":null}},{"start":{"line":51,"column":2},"end":{"line":57,"column":null}}]},"5":{"loc":{"start":{"line":52,"column":3},"end":{"line":52,"column":22}},"type":"binary-expr","locations":[{"start":{"line":52,"column":3},"end":{"line":52,"column":22}},{"start":{"line":53,"column":3},"end":{"line":53,"column":50}},{"start":{"line":54,"column":3},"end":{"line":54,"column":34}}]}},"s":{"0":14,"1":14,"2":14,"3":14,"4":14,"5":14,"6":14,"7":3,"8":3,"9":2,"10":1,"11":1,"12":1,"13":0,"14":14,"15":4,"16":4,"17":2,"18":2,"19":1,"20":1,"21":14,"22":14},"f":{"0":3,"1":4},"b":{"0":[1,1],"1":[2,2],"2":[1,0],"3":[1,1],"4":[1,1],"5":[2,1,
[...]
}},"33":{"start":{"line":66,"column":13},"end":{"line":66,"column":33}},"34":{"start":{"line":87,"column":21},"end":{"line":105,"column":1}},"35":{"start":{"line":88,"column":1},"end":{"line":104,"column":null}},"36":{"start":{"line":89,"column":19},"end":{"line":91,"column":null}},"37":{"start":{"line":93,"column":2},"end":{"line":93,"column":14}},"38":{"start":{"line":95,"column":2},"end":{"line":102,"column":null}},"39":{"start":{"line":99,"column":3},"end":{"line":101,"column":null}},"40":{"start":{"line":100,"column":4},"end":{"line":100,"column":59}},"41":{"start":{"line":103,"column":2},"end":{"line":103,"column":14}},"42":{"start":{"line":107,"column":20},"end":{"line":114,"column":2}},"43":{"start":{"line":116,"column":0},"end":{"line":116,"column":27}}},"fnMap":{"0":{"name":"(anonymous_0)","decl":{"start":{"line":16,"column":20},"end":{"line":16,"column":25}},"loc":{"start":{"line":19,"column":4},"end":{"line":29,"column":1}}},"1":{"name":"(anonymous_1)","decl":{"start":{"line":31,"column":19},"end":{"line":31,"column":24}},"loc":{"start":{"line":33,"column":33},"end":{"line":39,"column":1}}},"2":{"name":"(anonymous_2)","decl":{"start":{"line":41,"column":31},"end":{"line":41,"column":null}},"loc":{"start":{"line":43,"column":25},"end":{"line":60,"column":1}}},"3":{"name":"(anonymous_3)","decl":{"start":{"line":47,"column":7},"end":{"line":47,"column":8}},"loc":{"start":{"line":47,"column":27},"end":{"line":47,"column":50}}},"4":{"name":"(anonymous_4)","decl":{"start":{"line":48,"column":9},"end":{"line":48,"column":10}},"loc":{"start":{"line":48,"column":19},"end":{"line":53,"column":3}}},"5":{"name":"(anonymous_5)","decl":{"start":{"line":62,"column":40},"end":{"line":62,"column":45}},"loc":{"start":{"line":62,"column":71},"end":{"line":64,"column":1}}},"6":{"name":"(anonymous_6)","decl":{"start":{"line":66,"column":33},"end":{"line":66,"column":38}},"loc":{"start":{"line":68,"column":25},"end":{"line":85,"column":1}}},"7":{"name":"(anonymous_7)","decl":{"start":{"line":87,"column":21},"end":{"line":87,"column":26}},"loc":{"start":{"line":87,"column":73},"end":{"line":105,"column":1}}}},"branchMap":{"0":{"loc":{"start":{"line":23,"column":2},"end":{"line":27,"column":null}},"type":"if","locations":[{"start":{"line":23,"column":2},"end":{"line":27,"column":null}},{"start":{"line":23,"column":2},"end":{"line":27,"column":null}}]},"1":{"loc":{"start":{"line":23,"column":6},"end":{"line":23,"column":25}},"type":"binary-expr","locations":[{"start":{"line":23,"column":6},"end":{"line":23,"column":25}},{"start":{"line":23,"column":29},"end":{"line":23,"column":59}}]},"2":{"loc":{"start":{"line":52,"column":10},"end":{"line":52,"column":27}},"type":"binary-expr","locations":[{"start":{"line":52,"column":10},"end":{"line":52,"column":27}},{"start":{"line":52,"column":31},"end":{"line":52,"column":43}},{"start":{"line":52,"column":47},"end":{"line":52,"column":66}}]},"3":{"loc":{"start":{"line":55,"column":1},"end":{"line":59,"column":null}},"type":"if","locations":[{"start":{"line":55,"column":1},"end":{"line":59,"column":null}},{"start":{"line":55,"column":1},"end":{"line":59,"column":null}}]},"4":{"loc":{"start":{"line":77,"column":2},"end":{"line":82,"column":null}},"type":"if","locations":[{"start":{"line":77,"column":2},"end":{"line":82,"column":null}},{"start":{"line":77,"column":2},"end":{"line":82,"column":null}}]},"5":{"loc":{"start":{"line":78,"column":3},"end":{"line":78,"column":22}},"type":"binary-expr","locations":[{"start":{"line":78,"column":3},"end":{"line":78,"column":22}},{"start":{"line":79,"column":3},"end":{"line":79,"column":49}}]},"6":{"loc":{"start":{"line":95,"column":2},"end":{"line":102,"column":null}},"type":"if","locations":[{"start":{"line":95,"column":2},"end":{"line":102,"column":null}},{"start":{"line":95,"column":2},"end":{"line":102,"column":null}}]},"7":{"loc":{"start":{"line":96,"column":3},"end":{"line":96,"column":22}},"type":"binary-expr","locations":[{"start":{"line":96,"column":3},"end":{"line":96,"column":22}},{"start":{"line":97,"column":3},"end":{"line":97,"column":50}}]},"8":{"loc":{"start":{"line":99,"column":3},"end":{"line":101,"column":null}},"type":"if","locations":[{"start":{"line":99,"column":3},"end":{"line":101,"column":null}},{"start":{"line":99,"column":3},"end":{"line":101,"column":null}}]}},"s":{"0":14,"1":14,"2":14,"3":14,"4":14,"5":2,"6":2,"7":1,"8":1,"9":14,"10":2,"11":2,"12":14,"13":4,"14":4,"15":28,"16":16,"17":16,"18":16,"19":16,"20":4,"21":2,"22":2,"23":14,"24":1,"25":14,"26":14,"27":2,"28":2,"29":1,"30":1,"31":1,"32":0,"33":14,"34":14,"35":2,"36":2,"37":1,"38":1,"39":1,"40":1,"41":0,"42":14,"43":14},"f":{"0":2,"1":2,"2":4,"3":28,"4":16,"5":1,"6":2,"7":2},"b":{"0":[1,0],"1":[1,1],"2":[16,16,15],"3":[2,2],"4":[1,0],"5":[1,1],"6":[1,0],"7":[1,1],"8":[1,0]}}
,"/Users/philipsiyanbola/Documents/jnj/myacuvue_thailand_web/packages/services/src/UserService/types.ts": {"path":"/Users/philipsiyanbola/Documents/jnj/myacuvue_thailand_web/packages/services/src/UserService/types.ts","statementMap":{"0":{"start":{"line":6,"column":0},"end":{"line":6,"column":null}},"1":{"start":{"line":7,"column":1},"end":{"line":7,"column":null}},"2":{"start":{"line":8,"column":1},"end":{"line":8,"column":null}},"3":{"start":{"line":16,"column":1},"end":{"line":16,"column":20}}},"fnMap":{"0":{"name":"(anonymous_0)","decl":{"start":{"line":6,"column":0},"end":{"line":6,"column":5}},"loc":{"start":{"line":6,"column":24},"end":{"line":9,"column":1}}}},"branchMap":{"0":{"loc":{"start":{"line":6,"column":5},"end":{"line":6,"column":24}},"type":"binary-expr","locations":[{"start":{"line":6,"column":5},"end":{"line":6,"column":24}},{"start":{"line":6,"column":5},"end":{"line":6,"column":null}}]}},"s":{"0":13,"1":13,"2":13,"3":13},"f":{"0":13},"b":{"0":[13,13]}}
,"/Users/philipsiyanbola/Documents/jnj/myacuvue_thailand_web/packages/services/src/UtilityService/index.ts": {"path":"/Users/philipsiyanbola/Documents/jnj/myacuvue_thailand_web/packages/services/src/UtilityService/index.ts","statementMap":{"0":{"start":{"line":2,"column":15},"end":{"line":2,"column":17}},"1":{"start":{"line":3,"column":1},"end":{"line":5,"column":null}},"2":{"start":{"line":3,"column":14},"end":{"line":3,"column":17}},"3":{"start":{"line":4,"column":2},"end":{"line":4,"column":16}},"4":{"start":{"line":6,"column":1},"end":{"line":6,"column":14}},"5":{"start":{"line":10,"column":1},"end":{"line":14,"column":3}},"6":{"start":{"line":11,"column":2},"end":{"line":13,"column":28}},"7":{"start":{"line":12,"column":3},"end":{"line":12,"column":13}},"8":{"start":{"line":17,"column":23},"end":{"line":20,"column":2}},"9":{"start":{"line":22,"column":0},"end":{"line":22,"column":30}}},"fnMap":{"0":{"name":"numbersFromRange","decl":{"start":{"line":1,"column":9},"end":{"line":1,"column":25}},"loc":{"start":{"line":1,"column":50},"end":{"line":7,"column":1}}},"1":{"name":"sleep","decl":{"start":{"line":9,"column":9},"end":{"line":9,"column":14}},"loc":{"start":{"line":9,"column":45},"end":{"line":15,"column":1}}},"2":{"name":"(anonymous_2)","decl":{"start":{"line":10,"column":26},"end":{"line":10,"column":27}},"loc":{"start":{"line":11,"column":2},"end":{"line":13,"column":28}}},"3":{"name":"(anonymous_3)","decl":{"start":{"line":11,"column":13},"end":{"line":11,"column":16}},"loc":{"start":{"line":11,"column":18},"end":{"line":13,"column":3}}}},"branchMap":{},"s":{"0":1,"1":1,"2":1,"3":6,"4":1,"5":1,"6":1,"7":1,"8":14,"9":14},"f":{"0":1,"1":1,"2":1,"3":1},"b":{}}
,"/Users/philipsiyanbola/Documents/jnj/myacuvue_thailand_web/packages/services/src/WindowService/MobileDevice.ts": {"path":"/Users/philipsiyanbola/Documents/jnj/myacuvue_thailand_web/packages/services/src/WindowService/MobileDevice.ts","statementMap":{"0":{"start":{"line":1,"column":0},"end":{"line":1,"column":null}},"1":{"start":{"line":2,"column":1},"end":{"line":2,"column":null}},"2":{"start":{"line":3,"column":1},"end":{"line":3,"column":null}},"3":{"start":{"line":4,"column":1},"end":{"line":4,"column":null}}},"fnMap":{"0":{"name":"(anonymous_0)","decl":{"start":{"line":1,"column":0},"end":{"line":1,"column":12}},"loc":{"start":{"line":1,"column":24},"end":{"line":5,"column":1}}}},"branchMap":{"0":{"loc":{"start":{"line":1,"column":12},"end":{"line":1,"column":24}},"type":"binary-expr","locations":[{"start":{"line":1,"column":12},"end":{"line":1,"column":24}},{"start":{"line":1,"column":12},"end":{"line":1,"column":null}}]}},"s":{"0":16,"1":16,"2":16,"3":16},"f":{"0":16},"b":{"0":[16,16]}}
,"/Users/philipsiyanbola/Documents/jnj/myacuvue_thailand_web/packages/services/src/WindowService/index.ts": {"path":"/Users/philipsiyanbola/Documents/jnj/myacuvue_thailand_web/packages/services/src/WindowService/index.ts","statementMap":{"0":{"start":{"line":1,"column":0},"end":{"line":1,"column":39}},"1":{"start":{"line":4,"column":1},"end":{"line":4,"column":26}},"2":{"start":{"line":7,"column":1},"end":{"line":7,"column":28}},"3":{"start":{"line":11,"column":1},"end":{"line":11,"column":33}},"4":{"start":{"line":15,"column":1},"end":{"line":15,"column":29}},"5":{"start":{"line":19,"column":1},"end":{"line":19,"column":33}},"6":{"start":{"line":23,"column":18},"end":{"line":23,"column":50}},"7":{"start":{"line":24,"column":1},"end":{"line":24,"column":42}},"8":{"start":{"line":25,"column":1},"end":{"line":25,"column":17}},"9":{"start":{"line":29,"column":1},"end":{"line":29,"column":42}},"10":{"start":{"line":32,"column":24},"end":{"line":37,"column":1}},"11":{"start":{"line":33,"column":1},"end":{"line":35,"column":null}},"12":{"start":{"line":34,"column":2},"end":{"line":34,"column":9}},"13":{"start":{"line":36,"column":1},"end":{"line":36,"column":44}},"14":{"start":{"line":39,"column":27},"end":{"line":47,"column":1}},"15":{"start":{"line":44,"column":1},"end":{"line":46,"column":null}},"16":{"start":{"line":45,"column":2},"end":{"line":45,"column":72}},"17":{"start":{"line":49,"column":23},"end":{"line":51,"column":1}},"18":{"start":{"line":50,"column":1},"end":{"line":50,"column":43}},"19":{"start":{"line":53,"column":17},"end":{"line":63,"column":1}},"20":{"start":{"line":58,"column":1},"end":{"line":62,"column":4}},"21":{"start":{"line":65,"column":22},"end":{"line":67,"column":1}},"22":{"start":{"line":66,"column":1},"end":{"line":66,"column":42}},"23":{"start":{"line":69,"column":30},"end":{"line":83,"column":1}},"24":{"start":{"line":70,"column":1},"end":{"line":72,"column":null}},"25":{"start":{"line":71,"column":2},"end":{"line":71,"column":30}},"26":{"start":{"line":73,"column":1},"end":{"line":75,"column":null}},"27":{"start":{"line":74,"column":2},"end":{"line":74,"column":26}},"28":{"start":{"line":76,"column":1},"end":{"line":81,"column":null}},"29":{"start":{"line":80,"column":2},"end":{"line":80,"column":30}},"30":{"start":{"line":82,"column":1},"end":{"line":82,"column":13}},"31":{"start":{"line":85,"column":27},"end":{"line":85,"column":38}},"32":{"start":{"line":86,"column":30},"end":{"line":91,"column":1}},"33":{"start":{"line":87,"column":1},"end":{"line":90,"column":3}},"34":{"start":{"line":93,"column":32},"end":{"line":102,"column":1}},"35":{"start":{"line":94,"column":1},"end":{"line":101,"column":null}},"36":{"start":{"line":95,"column":2},"end":{"line":98,"column":9}},"37":{"start":{"line":100,"column":2},"end":{"line":100,"column":19}},"38":{"start":{"line":104,"column":16},"end":{"line":109,"column":2}},"39":{"start":{"line":111,"column":22},"end":{"line":128,"column":2}},"40":{"start":{"line":130,"column":0},"end":{"line":130,"column":29}}},"fnMap":{"0":{"name":"reload","decl":{"start":{"line":3,"column":9},"end":{"line":3,"column":15}},"loc":{"start":{"line":3,"column":15},"end":{"line":5,"column":1}}},"1":{"name":"redirect","decl":{"start":{"line":6,"column":9},"end":{"line":6,"column":17}},"loc":{"start":{"line":6,"column":29},"end":{"line":8,"column":1}}},"2":{"name":"getHostname","decl":{"start":{"line":10,"column":9},"end":{"line":10,"column":20}},"loc":{"start":{"line":10,"column":20},"end":{"line":12,"column":1}}},"3":{"name":"getHost","decl":{"start":{"line":14,"column":9},"end":{"line":14,"column":16}},"loc":{"start":{"line":14,"column":16},"end":{"line":16,"column":1}}},"4":{"name":"getPathname","decl":{"start":{"line":18,"column":9},"end":{"line":18,"column":20}},"loc":{"start":{"line":18,"column":20},"end":{"line":20,"column":1}}},"5":{"name":"getLanguage","decl":{"start":{"line":22,"column":9},"end":{"line":22,"column":20}},"loc":{"start":{"line":22,"column":20},"end":{"line":26,"column":1}}},"6":{"name":"setLanguage","decl":{"start":{"line":28,"column":9},"end":{"line":28,"column":20}},"loc":{"start":{"line":28,"column":37},"end":{"line":30,"column":1}}},"7":{"name":"(anonymous_7)","decl":{"start":{"line":32,"column":24},"end":{"line":32,"column":29}},"loc":{"start":{"line":32,"column":62},"end":{"line":37,"column":1}}},"8":{"name":"(anonymous_8)","decl":{"start":{"line":39,"column":27},"end":{"line":39,"column":null}},"loc":{"start":{"line":43,"column":10},"end":{"line":47,"column":1}}},"9":{"name":"(anonymous_9)","decl":{"start":{"line":49,"column":23},"end":{"line":49,"column":24}},"loc":{"start":{"line":49,"column":58},"end":{"line":51,"column":1}}},"10":{"name":"(anonymous_10)","decl":{"start":{"line":53,"column":17},"end":{"line":53,"column":null}},"loc":{"start":{"line":57,"column":10},"end":{"line":63,"column":1}}},"11":{"name":"(anonymous_11)","decl":{"start":{"line":65,"column":22},"end":{"line":65,"column":34}},"loc":{"start":{"line":65,"column":36},"end":{"line":67,"column":1}}},"12":{"name":"(anonymous_12)","decl":{"start":{"line":69,"column":30},"end":{"line":69,"column":54}},"loc":{"start":{"line":69,"column":56},"end":{"line":83,"column":1}}},"13":{"name":"(anonymous_13)","decl":{"start":{"line":86,"column":30},"end":{"line":86,"column":49}},"loc":{"start":{"line":86,"column":75},"end":{"line":91,"column":1}}},"14":{"name":"(anonymous_14)","decl":{"start":{"line":93,"column":32},"end":{"line":93,"column":36}},"loc":{"start":{"line":93,"column":67},"end":{"line":102,"column":1}}}},"branchMap":{"0":{"loc":{"start":{"line":33,"column":1},"end":{"line":35,"column":null}},"type":"if","locations":[{"start":{"line":33,"column":1},"end":{"line":35,"column":null}},{"start":{"line":33,"column":1},"end":{"line":35,"column":null}}]},"1":{"loc":{"start":{"line":44,"column":1},"end":{"line":46,"column":null}},"type":"if","locations":[{"start":{"line":44,"column":1},"end":{"line":46,"column":null}},{"start":{"line":44,"column":1},"end":{"line":46,"column":null}}]},"2":{"loc":{"start":{"line":70,"column":1},"end":{"line":72,"column":null}},"type":"if","locations":[{"start":{"line":70,"column":1},"end":{"line":72,"column":null}},{"start":{"line":70,"column":1},"end":{"line":72,"column":null}}]},"3":{"loc":{"start":{"line":73,"column":1},"end":{"line":75,"column":null}},"type":"if","locations":[{"start":{"line":73,"column":1},"end":{"line":75,"column":null}},{"start":{"line":73,"column":1},"end":{"line":75,"column":null}}]},"4":{"loc":{"start":{"line":76,"column":1},"end":{"line":81,"column":null}},"type":"if","locations":[{"start":{"line":76,"column":1},"end":{"line":81,"column":null}},{"start":{"line":76,"column":1},"end":{"line":81,"column":null}}]},"5":{"loc":{"start":{"line":77,"column":2},"end":{"line":77,"column":39}},"type":"binary-expr","locations":[{"start":{"line":77,"column":2},"end":{"line":77,"column":39}},{"start":{"line":78,"column":2},"end":{"line":78,"column":40}}]},"6":{"loc":{"start":{"line":96,"column":3},"end":{"line":96,"column":62}},"type":"binary-expr","locations":[{"start":{"line":96,"column":3},"end":{"line":96,"column":62}},{"start":{"line":97,"column":4},"end":{"line":97,"column":15}}]}},"s":{"0":16,"1":1,"2":1,"3":1,"4":33,"5":0,"6":2,"7":2,"8":2,"9":1,"10":16,"11":1,"12":0,"13":1,"14":16,"15":1,"16":1,"17":16,"18":1,"19":16,"20":1,"21":16,"22":1,"23":16,"24":4,"25":1,"26":3,"27":1,"28":2,"29":1,"30":1,"31":16,"32":16,"33":1,"34":16,"35":15,"36":15,"37":14,"38":16,"39":16,"40":16},"f":{"0":1,"1":1,"2":1,"3":33,"4":0,"5":2,"6":1,"7":1,"8":1,"9":1,"10":1,"11":1,"12":4,"13":1,"14":15},"b":{"0":[0,1],"1":[1,0],"2":[1,3],"3":[1,2],"4":[1,1],"5":[2,1],"6":[15,14]}}
,"/Users/philipsiyanbola/Documents/jnj/myacuvue_thailand_web/packages/services/src/WindowService/types.ts": {"path":"/Users/philipsiyanbola/Documents/jnj/myacuvue_thailand_web/packages/services/src/WindowService/types.ts","statementMap":{"0":{"start":{"line":1,"column":0},"end":{"line":1,"column":9}},"1":{"start":{"line":3,"column":9},"end":{"line":1,"column":46}}},"fnMap":{"0":{"name":"(anonymous_0)","decl":{"start":{"line":3,"column":9},"end":{"line":3,"column":21}},"loc":{"start":{"line":3,"column":9},"end":{"line":1,"column":46}}}},"branchMap":{},"s":{"0":16,"1":22},"f":{"0":6},"b":{}}
,"/Users/philipsiyanbola/Documents/jnj/myacuvue_thailand_web/packages/services/src/errors/GlobalError.ts": {"path":"/Users/philipsiyanbola/Documents/jnj/myacuvue_thailand_web/packages/services/src/errors/GlobalError.ts","statementMap":{"0":{"start":{"line":14,"column":2},"end":{"line":14,"column":10}},"1":{"start":{"line":15,"column":2},"end":{"line":15,"column":74}},"2":{"start":{"line":19,"column":25},"end":{"line":19,"column":71}},"3":{"start":{"line":21,"column":26},"end":{"line":21,"column":54}},"4":{"start":{"line":22,"column":2},"end":{"line":25,"column":4}},"5":{"start":{"line":10,"column":0},"end":{"line":10,"column":13}}},"fnMap":{"0":{"name":"(anonymous_0)","decl":{"start":{"line":13,"column":1},"end":{"line":13,"column":13}},"loc":{"start":{"line":13,"column":51},"end":{"line":16,"column":2}}},"1":{"name":"(anonymous_1)","decl":{"start":{"line":18,"column":9},"end":{"line":18,"column":15}},"loc":{"start":{"line":18,"column":59},"end":{"line":26,"column":2}}}},"branchMap":{},"s":{"0":25,"1":25,"2":25,"3":25,"4":25,"5":20},"f":{"0":25,"1":25},"b":{}}
,"/Users/philipsiyanbola/Documents/jnj/myacuvue_thailand_web/packages/services/src/errors/InvalidFormSubmissionError.ts": {"path":"/Users/philipsiyanbola/Documents/jnj/myacuvue_thailand_web/packages/services/src/errors/InvalidFormSubmissionError.ts","statementMap":{"0":{"start":{"line":19,"column":2},"end":{"line":19,"column":10}},"1":{"start":{"line":16,"column":8},"end":{"line":16,"column":47}},"2":{"start":{"line":20,"column":2},"end":{"line":21,"column":66}},"3":{"start":{"line":27,"column":44},"end":{"line":27,"column":46}},"4":{"start":{"line":28,"column":21},"end":{"line":28,"column":47}},"5":{"start":{"line":29,"column":2},"end":{"line":37,"column":5}},"6":{"start":{"line":30,"column":22},"end":{"line":30,"column":46}},"7":{"start":{"line":32,"column":4},"end":{"line":34,"column":null}},"8":{"start":{"line":36,"column":3},"end":{"line":36,"column":40}},"9":{"start":{"line":38,"column":2},"end":{"line":38,"column":25}},"10":{"start":{"line":45,"column":14},"end":{"line":45,"column":40}},"11":{"start":{"line":46,"column":25},"end":{"line":48,"column":null}},"12":{"start":{"line":50,"column":26},"end":{"line":50,"column":41}},"13":{"start":{"line":51,"column":2},"end":{"line":55,"column":4}},"14":{"start":{"line":15,"column":0},"end":{"line":15,"column":13}}},"fnMap":{"0":{"name":"(anonymous_0)","decl":{"start":{"line":18,"column":1},"end":{"line":18,"column":13}},"loc":{"start":{"line":18,"column":41},"end":{"line":22,"column":2}}},"1":{"name":"(anonymous_1)","decl":{"start":{"line":24,"column":9},"end":{"line":24,"column":15}},"loc":{"start":{"line":25,"column":30},"end":{"line":39,"column":2}}},"2":{"name":"(anonymous_2)","decl":{"start":{"line":29,"column":21},"end":{"line":29,"column":22}},"loc":{"start":{"line":29,"column":43},"end":{"line":37,"column":3}}},"3":{"name":"(anonymous_3)","decl":{"start":{"line":41,"column":9},"end":{"line":41,"column":15}},"loc":{"start":{"line":43,"column":26},"end":{"line":56,"column":2}}}},"branchMap":{},"s":{"0":22,"1":22,"2":22,"3":22,"4":22,"5":22,"6":3,"7":3,"8":3,"9":22,"10":3,"11":3,"12":3,"13":3,"14":19},"f":{"0":22,"1":22,"2":3,"3":3},"b":{}}
}
