TN:
SF:src/index.ts
FN:132,(anonymous_0)
FN:133,(anonymous_1)
FN:113,(anonymous_2)
FNF:3
FNH:3
FNDA:13,(anonymous_0)
FNDA:13,(anonymous_1)
FNDA:13,(anonymous_2)
DA:1,13
DA:2,13
DA:3,13
DA:4,13
DA:5,13
DA:6,13
DA:7,13
DA:8,13
DA:9,13
DA:10,13
DA:11,13
DA:12,13
DA:13,13
DA:14,13
DA:15,13
DA:16,13
DA:17,13
DA:18,13
DA:19,13
DA:20,13
DA:21,13
DA:22,13
DA:23,13
DA:24,13
DA:25,13
DA:26,13
DA:27,13
DA:28,13
DA:29,13
DA:30,13
DA:31,13
DA:32,13
DA:33,13
DA:34,13
DA:35,13
DA:36,13
DA:38,13
DA:39,13
DA:41,13
DA:52,13
DA:92,13
DA:93,13
DA:109,13
DA:110,13
DA:111,13
DA:113,26
DA:116,13
DA:117,13
DA:118,13
DA:119,13
DA:120,13
DA:121,13
DA:122,13
DA:123,13
DA:124,13
DA:125,13
DA:126,13
DA:127,13
DA:128,13
DA:129,13
DA:130,13
DA:131,13
DA:132,26
DA:133,26
DA:134,13
DA:135,13
DA:136,13
DA:137,13
DA:138,13
DA:139,13
DA:140,13
DA:141,13
DA:142,13
DA:143,13
DA:144,13
DA:145,13
DA:146,13
DA:147,13
DA:148,13
DA:149,13
DA:150,13
DA:151,13
DA:152,13
DA:153,13
LF:84
LH:84
BRF:0
BRH:0
end_of_record
TN:
SF:src/AddressService/index.ts
FN:16,(anonymous_0)
FN:27,(anonymous_1)
FN:42,(anonymous_2)
FN:62,(anonymous_3)
FN:82,(anonymous_4)
FNF:5
FNH:5
FNDA:1,(anonymous_0)
FNDA:1,(anonymous_1)
FNDA:4,(anonymous_2)
FNDA:4,(anonymous_3)
FNDA:1,(anonymous_4)
DA:1,14
DA:2,14
DA:3,14
DA:10,14
DA:12,14
DA:14,14
DA:16,14
DA:19,1
DA:24,1
DA:27,14
DA:31,1
DA:35,1
DA:42,14
DA:45,4
DA:46,4
DA:50,2
DA:52,2
DA:56,1
DA:58,1
DA:62,14
DA:65,4
DA:66,4
DA:70,2
DA:72,2
DA:76,1
DA:78,1
DA:82,14
DA:86,1
DA:91,1
LF:29
LH:29
BRDA:52,0,0,1
BRDA:52,0,1,1
BRDA:53,1,0,2
BRDA:53,1,1,1
BRDA:72,2,0,1
BRDA:72,2,1,1
BRDA:73,3,0,2
BRDA:73,3,1,1
BRF:8
BRH:8
end_of_record
TN:
SF:src/AuthenticationService/index.ts
FN:5,(anonymous_0)
FN:14,(anonymous_1)
FN:27,(anonymous_2)
FNF:3
FNH:3
FNDA:2,(anonymous_0)
FNDA:2,(anonymous_1)
FNDA:2,(anonymous_2)
DA:2,14
DA:3,14
DA:5,14
DA:10,2
DA:11,2
DA:14,14
DA:19,2
DA:24,2
DA:27,14
DA:32,2
DA:37,2
LF:11
LH:11
BRF:0
BRH:0
end_of_record
TN:
SF:src/AzureConfigurationService/index.ts
FN:19,(anonymous_0)
FN:253,(anonymous_1)
FNF:2
FNH:2
FNDA:392,(anonymous_0)
FNDA:28,(anonymous_1)
DA:1,14
DA:19,14
DA:25,392
DA:48,14
DA:67,14
DA:73,14
DA:97,14
DA:125,14
DA:149,14
DA:173,14
DA:197,14
DA:225,14
DA:245,14
DA:253,14
DA:254,28
DA:255,28
DA:256,28
DA:257,28
DA:267,28
DA:271,14
DA:275,14
LF:21
LH:21
BRDA:255,0,0,28
BRDA:255,0,1,0
BRF:2
BRH:1
end_of_record
TN:
SF:src/BannerService/index.ts
FN:5,(anonymous_0)
FNF:1
FNH:1
FNDA:1,(anonymous_0)
DA:1,14
DA:3,14
DA:5,14
DA:8,1
DA:9,1
DA:10,1
DA:14,1
DA:16,0
LF:8
LH:7
BRF:0
BRH:0
end_of_record
TN:
SF:src/ClassService/index.ts
FN:1,(anonymous_0)
FNF:1
FNH:1
FNDA:6,(anonymous_0)
DA:1,14
DA:2,6
DA:5,14
DA:9,14
LF:4
LH:4
BRF:0
BRH:0
end_of_record
TN:
SF:src/ConfigService/configAU.ts
FNF:0
FNH:0
DA:1,11
DA:12,11
DA:13,11
DA:14,11
DA:15,11
DA:17,11
DA:25,11
LF:7
LH:7
BRF:0
BRH:0
end_of_record
TN:
SF:src/ConfigService/configHK.ts
FNF:0
FNH:0
DA:1,11
DA:13,11
DA:14,11
DA:15,11
DA:16,11
DA:17,11
DA:19,11
DA:27,11
LF:8
LH:8
BRF:0
BRH:0
end_of_record
TN:
SF:src/ConfigService/configIN.ts
FNF:0
FNH:0
DA:1,11
DA:14,11
DA:15,11
DA:16,11
DA:17,11
DA:19,11
DA:27,11
LF:7
LH:7
BRF:0
BRH:0
end_of_record
TN:
SF:src/ConfigService/configMY.ts
FNF:0
FNH:0
DA:1,11
DA:13,11
DA:14,11
DA:15,11
DA:16,11
DA:18,11
DA:26,11
LF:7
LH:7
BRF:0
BRH:0
end_of_record
TN:
SF:src/ConfigService/configNZ.ts
FNF:0
FNH:0
DA:1,11
DA:12,11
DA:13,11
DA:14,11
DA:16,11
DA:24,11
LF:6
LH:6
BRF:0
BRH:0
end_of_record
TN:
SF:src/ConfigService/configSG.ts
FNF:0
FNH:0
DA:1,11
DA:13,11
DA:14,11
DA:15,11
DA:16,11
DA:18,11
DA:26,11
LF:7
LH:7
BRF:0
BRH:0
end_of_record
TN:
SF:src/ConfigService/configTH.ts
FNF:0
FNH:0
DA:1,11
DA:12,11
DA:13,11
DA:15,11
DA:23,11
LF:5
LH:5
BRF:0
BRH:0
end_of_record
TN:
SF:src/ConfigService/configTW.ts
FNF:0
FNH:0
DA:1,11
DA:13,11
DA:14,11
DA:15,11
DA:16,11
DA:17,11
DA:19,11
DA:27,11
LF:8
LH:8
BRF:0
BRH:0
end_of_record
TN:
SF:src/ConfigService/globalConfig.ts
FNF:0
FNH:0
DA:1,11
DA:2,11
DA:15,11
DA:74,11
DA:84,11
LF:5
LH:5
BRF:0
BRH:0
end_of_record
TN:
SF:src/ConfigService/index.ts
FN:50,(anonymous_0)
FN:59,(anonymous_1)
FN:69,(anonymous_2)
FN:82,(anonymous_3)
FNF:4
FNH:4
FNDA:11,(anonymous_0)
FNDA:704,(anonymous_1)
FNDA:113,(anonymous_2)
FNDA:73,(anonymous_3)
DA:1,11
DA:2,11
DA:12,11
DA:13,11
DA:14,11
DA:15,11
DA:16,11
DA:17,11
DA:18,11
DA:19,11
DA:21,11
DA:23,11
DA:25,11
DA:26,11
DA:28,11
DA:39,11
DA:50,11
DA:51,11
DA:52,11
DA:53,88
DA:54,440
DA:55,440
DA:59,440
DA:60,704
DA:62,440
DA:63,440
DA:66,11
DA:69,11
DA:72,113
DA:73,113
DA:82,11
DA:83,73
DA:84,73
DA:85,40
DA:86,40
DA:97,11
DA:98,11
DA:99,11
LF:38
LH:38
BRDA:84,0,0,40
BRDA:84,0,1,33
BRF:2
BRH:2
end_of_record
TN:
SF:src/ConfigService/types.ts
FN:95,(anonymous_0)
FN:103,(anonymous_1)
FN:117,(anonymous_2)
FN:128,(anonymous_3)
FN:139,(anonymous_4)
FN:169,(anonymous_5)
FN:174,(anonymous_6)
FN:180,(anonymous_7)
FN:186,(anonymous_8)
FN:192,(anonymous_9)
FN:197,(anonymous_10)
FN:204,(anonymous_11)
FN:213,(anonymous_12)
FNF:13
FNH:13
FNDA:16,(anonymous_0)
FNDA:16,(anonymous_1)
FNDA:16,(anonymous_2)
FNDA:16,(anonymous_3)
FNDA:16,(anonymous_4)
FNDA:16,(anonymous_5)
FNDA:16,(anonymous_6)
FNDA:16,(anonymous_7)
FNDA:16,(anonymous_8)
FNDA:16,(anonymous_9)
FNDA:16,(anonymous_10)
FNDA:16,(anonymous_11)
FNDA:16,(anonymous_12)
DA:95,16
DA:96,16
DA:97,16
DA:98,16
DA:99,16
DA:100,16
DA:103,16
DA:104,16
DA:105,16
DA:106,16
DA:109,16
DA:117,16
DA:118,16
DA:119,16
DA:120,16
DA:121,16
DA:122,16
DA:123,16
DA:124,16
DA:125,16
DA:128,16
DA:129,16
DA:130,16
DA:131,16
DA:132,16
DA:133,16
DA:134,16
DA:135,16
DA:136,16
DA:139,16
DA:140,16
DA:141,16
DA:142,16
DA:143,16
DA:144,16
DA:145,16
DA:146,16
DA:147,16
DA:150,16
DA:161,16
DA:169,16
DA:170,16
DA:171,16
DA:174,16
DA:175,16
DA:176,16
DA:177,16
DA:180,16
DA:181,16
DA:182,16
DA:183,16
DA:186,16
DA:187,16
DA:188,16
DA:189,16
DA:192,16
DA:193,16
DA:194,16
DA:197,16
DA:198,16
DA:199,16
DA:200,16
DA:201,16
DA:204,16
DA:205,16
DA:206,16
DA:207,16
DA:208,16
DA:209,16
DA:210,16
DA:213,16
DA:214,16
DA:215,16
LF:73
LH:73
BRDA:95,0,0,16
BRDA:95,0,1,16
BRDA:103,1,0,16
BRDA:103,1,1,16
BRDA:117,2,0,16
BRDA:117,2,1,16
BRDA:128,3,0,16
BRDA:128,3,1,16
BRDA:139,4,0,16
BRDA:139,4,1,16
BRDA:169,5,0,16
BRDA:169,5,1,16
BRDA:174,6,0,16
BRDA:174,6,1,16
BRDA:180,7,0,16
BRDA:180,7,1,16
BRDA:186,8,0,16
BRDA:186,8,1,16
BRDA:192,9,0,16
BRDA:192,9,1,16
BRDA:197,10,0,16
BRDA:197,10,1,16
BRDA:204,11,0,16
BRDA:204,11,1,16
BRDA:213,12,0,16
BRDA:213,12,1,16
BRF:26
BRH:26
end_of_record
TN:
SF:src/ConfigService/footer/footerAU.ts
FNF:0
FNH:0
DA:3,11
LF:1
LH:1
BRF:0
BRH:0
end_of_record
TN:
SF:src/ConfigService/footer/footerHK.ts
FNF:0
FNH:0
DA:3,11
LF:1
LH:1
BRF:0
BRH:0
end_of_record
TN:
SF:src/ConfigService/footer/footerIN.ts
FNF:0
FNH:0
DA:3,11
LF:1
LH:1
BRF:0
BRH:0
end_of_record
TN:
SF:src/ConfigService/footer/footerMY.ts
FNF:0
FNH:0
DA:3,11
LF:1
LH:1
BRF:0
BRH:0
end_of_record
TN:
SF:src/ConfigService/footer/footerNZ.ts
FNF:0
FNH:0
DA:3,11
LF:1
LH:1
BRF:0
BRH:0
end_of_record
TN:
SF:src/ConfigService/footer/footerSG.ts
FNF:0
FNH:0
DA:3,11
LF:1
LH:1
BRF:0
BRH:0
end_of_record
TN:
SF:src/ConfigService/footer/footerTW.ts
FNF:0
FNH:0
DA:3,11
LF:1
LH:1
BRF:0
BRH:0
end_of_record
TN:
SF:src/ConfigService/footer/socialNetworksAU.ts
FNF:0
FNH:0
DA:1,11
DA:4,11
LF:2
LH:2
BRF:0
BRH:0
end_of_record
TN:
SF:src/ConfigService/footer/socialNetworksHK.ts
FNF:0
FNH:0
DA:1,11
DA:4,11
LF:2
LH:2
BRF:0
BRH:0
end_of_record
TN:
SF:src/ConfigService/footer/socialNetworksIN.ts
FNF:0
FNH:0
DA:1,11
DA:4,11
LF:2
LH:2
BRF:0
BRH:0
end_of_record
TN:
SF:src/ConfigService/footer/socialNetworksMY.ts
FNF:0
FNH:0
DA:1,11
DA:4,11
LF:2
LH:2
BRF:0
BRH:0
end_of_record
TN:
SF:src/ConfigService/footer/socialNetworksSG.ts
FNF:0
FNH:0
DA:1,11
DA:4,11
LF:2
LH:2
BRF:0
BRH:0
end_of_record
TN:
SF:src/ConfigService/footer/socialNetworksTW.ts
FNF:0
FNH:0
DA:1,11
DA:4,11
LF:2
LH:2
BRF:0
BRH:0
end_of_record
TN:
SF:src/ConfigService/header/headerAU.ts
FNF:0
FNH:0
DA:3,11
LF:1
LH:1
BRF:0
BRH:0
end_of_record
TN:
SF:src/ConfigService/header/headerHK.ts
FNF:0
FNH:0
DA:3,11
LF:1
LH:1
BRF:0
BRH:0
end_of_record
TN:
SF:src/ConfigService/header/headerIN.ts
FNF:0
FNH:0
DA:3,11
LF:1
LH:1
BRF:0
BRH:0
end_of_record
TN:
SF:src/ConfigService/header/headerMY.ts
FNF:0
FNH:0
DA:3,11
LF:1
LH:1
BRF:0
BRH:0
end_of_record
TN:
SF:src/ConfigService/header/headerNZ.ts
FNF:0
FNH:0
DA:3,11
LF:1
LH:1
BRF:0
BRH:0
end_of_record
TN:
SF:src/ConfigService/header/headerSG.ts
FNF:0
FNH:0
DA:3,11
LF:1
LH:1
BRF:0
BRH:0
end_of_record
TN:
SF:src/ConfigService/header/headerTW.ts
FNF:0
FNH:0
DA:3,11
LF:1
LH:1
BRF:0
BRH:0
end_of_record
TN:
SF:src/CouponService/index.ts
FN:15,(anonymous_0)
FN:39,(anonymous_1)
FN:49,(anonymous_2)
FN:71,(anonymous_3)
FN:82,(anonymous_4)
FN:92,(anonymous_5)
FNF:6
FNH:6
FNDA:3,(anonymous_0)
FNDA:2,(anonymous_1)
FNDA:3,(anonymous_2)
FNDA:2,(anonymous_3)
FNDA:2,(anonymous_4)
FNDA:3,(anonymous_5)
DA:7,14
DA:8,14
DA:9,14
DA:10,14
DA:11,14
DA:13,14
DA:15,14
DA:19,3
DA:20,3
DA:25,3
DA:26,3
DA:28,2
DA:33,1
DA:35,1
DA:39,14
DA:42,2
DA:46,2
DA:49,14
DA:53,3
DA:54,3
DA:60,2
DA:65,1
DA:67,1
DA:71,14
DA:74,2
DA:75,2
DA:79,2
DA:82,14
DA:85,2
DA:86,2
DA:89,2
DA:92,14
DA:96,3
DA:97,3
DA:103,2
DA:108,1
DA:110,1
LF:37
LH:37
BRDA:28,0,0,1
BRDA:28,0,1,1
BRDA:29,1,0,2
BRDA:29,1,1,1
BRDA:29,1,2,1
BRDA:60,2,0,1
BRDA:60,2,1,1
BRDA:61,3,0,2
BRDA:61,3,1,1
BRDA:61,3,2,1
BRDA:103,4,0,1
BRDA:103,4,1,1
BRDA:104,5,0,2
BRDA:104,5,1,1
BRDA:104,5,2,1
BRF:15
BRH:15
end_of_record
TN:
SF:src/DateService/index.ts
FN:1,getMonthName
FN:7,dateSubtractingYears
FN:13,dateAddingMonths
FN:19,dateFromString
FNF:4
FNH:4
FNDA:2,getMonthName
FNDA:31,dateSubtractingYears
FNDA:1,dateAddingMonths
FNDA:2,dateFromString
DA:2,2
DA:3,2
DA:4,2
DA:8,31
DA:9,31
DA:10,31
DA:14,1
DA:15,1
DA:16,1
DA:20,2
DA:21,2
DA:22,2
DA:23,2
DA:24,2
DA:27,15
DA:34,15
LF:16
LH:16
BRDA:21,0,0,2
BRDA:21,0,1,1
BRF:2
BRH:2
end_of_record
TN:
SF:src/EmailService/index.ts
FN:10,(anonymous_0)
FN:35,(anonymous_1)
FN:56,(anonymous_2)
FNF:3
FNH:3
FNDA:3,(anonymous_0)
FNDA:3,(anonymous_1)
FNDA:3,(anonymous_2)
DA:1,14
DA:2,14
DA:3,14
DA:5,14
DA:6,14
DA:8,14
DA:10,14
DA:11,3
DA:14,3
DA:15,3
DA:17,2
DA:21,1
DA:24,1
DA:28,1
DA:30,0
DA:35,14
DA:39,3
DA:40,3
DA:46,2
DA:50,1
DA:52,1
DA:56,14
DA:57,3
DA:58,3
DA:64,2
DA:68,1
DA:70,1
DA:74,14
DA:80,14
LF:29
LH:28
BRDA:17,0,0,1
BRDA:17,0,1,1
BRDA:18,1,0,2
BRDA:18,1,1,2
BRDA:24,2,0,1
BRDA:24,2,1,0
BRDA:25,3,0,1
BRDA:25,3,1,1
BRDA:46,4,0,1
BRDA:46,4,1,1
BRDA:47,5,0,2
BRDA:47,5,1,1
BRDA:64,6,0,1
BRDA:64,6,1,1
BRDA:65,7,0,2
BRDA:65,7,1,1
BRF:16
BRH:15
end_of_record
TN:
SF:src/EmailValidationService/index.ts
FN:1,isValidEmailAddress
FNF:1
FNH:1
FNDA:11,isValidEmailAddress
DA:2,11
DA:3,11
DA:6,14
DA:10,14
LF:4
LH:4
BRF:0
BRH:0
end_of_record
TN:
SF:src/FeatureSwitchService/index.ts
FN:14,getFeatureSwitchConfig
FN:27,cacheFeatureSwitchConfig
FN:44,flushFeatureSwitchPromise
FN:48,getFeatureSwitchValue
FN:62,(anonymous_4)
FN:63,(anonymous_5)
FN:74,getConfigDemographics
FN:127,getFeatureSwitch
FNF:8
FNH:8
FNDA:11,getFeatureSwitchConfig
FNDA:11,cacheFeatureSwitchConfig
FNDA:14,flushFeatureSwitchPromise
FNDA:11,getFeatureSwitchValue
FNDA:2,(anonymous_4)
FNDA:2,(anonymous_5)
FNDA:11,getConfigDemographics
FNDA:11,getFeatureSwitch
DA:1,14
DA:8,14
DA:9,14
DA:11,14
DA:15,11
DA:16,11
DA:17,11
DA:18,11
DA:21,8
DA:26,14
DA:28,11
DA:29,11
DA:30,8
DA:31,8
DA:32,8
DA:34,8
DA:36,3
DA:44,14
DA:45,14
DA:52,11
DA:53,11
DA:54,11
DA:55,8
DA:62,8
DA:63,2
DA:64,2
DA:68,8
DA:70,3
DA:78,11
DA:79,11
DA:80,11
DA:83,11
DA:123,11
DA:131,11
DA:135,11
DA:136,11
DA:140,14
DA:144,14
LF:38
LH:38
BRDA:16,0,0,11
BRDA:16,0,1,0
BRDA:30,1,0,8
BRDA:30,1,1,0
BRDA:52,2,0,11
BRDA:52,2,1,11
BRDA:54,3,0,8
BRDA:54,3,1,3
BRDA:68,4,0,2
BRDA:68,4,1,6
BRDA:76,5,0,0
BRDA:79,6,0,11
BRDA:79,6,1,0
BRDA:129,7,0,11
BRDA:135,8,0,11
BRDA:135,8,1,0
BRF:16
BRH:11
end_of_record
TN:
SF:src/FeatureSwitchService/types.ts
FN:21,(anonymous_0)
FN:26,(anonymous_1)
FN:31,(anonymous_2)
FN:36,(anonymous_3)
FN:41,(anonymous_4)
FN:46,(anonymous_5)
FN:51,(anonymous_6)
FN:56,(anonymous_7)
FNF:8
FNH:8
FNDA:13,(anonymous_0)
FNDA:13,(anonymous_1)
FNDA:13,(anonymous_2)
FNDA:13,(anonymous_3)
FNDA:13,(anonymous_4)
FNDA:13,(anonymous_5)
FNDA:13,(anonymous_6)
FNDA:13,(anonymous_7)
DA:21,13
DA:22,13
DA:23,13
DA:26,13
DA:27,13
DA:28,13
DA:31,13
DA:32,13
DA:33,13
DA:36,13
DA:37,13
DA:38,13
DA:41,13
DA:42,13
DA:43,13
DA:46,13
DA:47,13
DA:48,13
DA:51,13
DA:52,13
DA:53,13
DA:56,13
DA:57,13
DA:58,13
LF:24
LH:24
BRDA:21,0,0,13
BRDA:21,0,1,13
BRDA:26,1,0,13
BRDA:26,1,1,13
BRDA:31,2,0,13
BRDA:31,2,1,13
BRDA:36,3,0,13
BRDA:36,3,1,13
BRDA:41,4,0,13
BRDA:41,4,1,13
BRDA:46,5,0,13
BRDA:46,5,1,13
BRDA:51,6,0,13
BRDA:51,6,1,13
BRDA:56,7,0,13
BRDA:56,7,1,13
BRF:16
BRH:16
end_of_record
TN:
SF:src/FeedbackService/index.ts
FN:11,(anonymous_0)
FN:41,(anonymous_1)
FNF:2
FNH:2
FNDA:3,(anonymous_0)
FNDA:4,(anonymous_1)
DA:1,14
DA:2,14
DA:3,14
DA:5,14
DA:7,14
DA:9,14
DA:11,14
DA:16,3
DA:17,3
DA:23,2
DA:27,1
DA:30,1
DA:34,1
DA:36,0
DA:41,14
DA:44,4
DA:45,4
DA:49,2
DA:51,2
DA:56,1
DA:58,1
DA:62,14
DA:67,14
LF:23
LH:22
BRDA:23,0,0,1
BRDA:23,0,1,1
BRDA:24,1,0,2
BRDA:24,1,1,2
BRDA:30,2,0,1
BRDA:30,2,1,0
BRDA:31,3,0,1
BRDA:31,3,1,1
BRDA:51,4,0,1
BRDA:51,4,1,1
BRDA:52,5,0,2
BRDA:52,5,1,1
BRDA:52,5,2,1
BRF:13
BRH:12
end_of_record
TN:
SF:src/GeometryService/index.ts
FN:6,(anonymous_0)
FN:11,(anonymous_1)
FNF:2
FNH:2
FNDA:1,(anonymous_0)
FNDA:1,(anonymous_1)
DA:6,14
DA:7,1
DA:8,1
DA:11,14
DA:15,1
DA:16,1
DA:18,1
DA:19,1
DA:21,1
DA:22,0
DA:25,1
DA:26,1
DA:27,0
DA:29,1
DA:30,1
DA:31,1
DA:32,1
DA:33,1
DA:36,1
DA:41,1
DA:43,1
DA:45,1
DA:46,1
DA:48,1
DA:53,0
DA:57,14
DA:61,14
LF:27
LH:24
BRDA:21,0,0,0
BRDA:21,0,1,1
BRDA:21,1,0,1
BRDA:21,1,1,1
BRDA:26,2,0,0
BRDA:26,2,1,1
BRDA:26,3,0,1
BRDA:26,3,1,0
BRF:8
BRH:5
end_of_record
TN:
SF:src/HTTPService/HttpStatus.ts
FN:1,(anonymous_0)
FNF:1
FNH:1
FNDA:23,(anonymous_0)
DA:1,23
DA:2,23
DA:3,23
DA:4,23
DA:5,23
DA:6,23
DA:7,23
DA:8,23
LF:8
LH:8
BRDA:1,0,0,23
BRDA:1,0,1,23
BRF:2
BRH:2
end_of_record
TN:
SF:src/HTTPService/index.ts
FN:12,(anonymous_0)
FN:37,(anonymous_1)
FN:57,(anonymous_2)
FNF:3
FNH:3
FNDA:2,(anonymous_0)
FNDA:1,(anonymous_1)
FNDA:1,(anonymous_2)
DA:1,14
DA:2,14
DA:3,14
DA:4,14
DA:6,14
DA:7,6
DA:10,14
DA:12,14
DA:17,2
DA:20,2
DA:28,2
DA:30,1
DA:37,14
DA:38,1
DA:41,1
DA:49,1
DA:50,1
DA:57,14
DA:62,1
DA:65,1
DA:73,1
DA:79,1
LF:22
LH:22
BRDA:6,0,0,6
BRDA:6,0,1,8
BRDA:18,1,0,1
BRDA:18,1,1,1
BRDA:39,2,0,1
BRDA:39,2,1,0
BRDA:63,3,0,1
BRDA:63,3,1,0
BRF:8
BRH:6
end_of_record
TN:
SF:src/JsonWebTokenService/index.ts
FN:3,(anonymous_0)
FN:17,(anonymous_1)
FN:24,(anonymous_2)
FN:28,(anonymous_3)
FN:34,(anonymous_4)
FNF:5
FNH:5
FNDA:1,(anonymous_0)
FNDA:6,(anonymous_1)
FNDA:3,(anonymous_2)
FNDA:3,(anonymous_3)
FNDA:2,(anonymous_4)
DA:3,11
DA:7,1
DA:9,1
DA:14,1
DA:17,11
DA:18,6
DA:19,6
DA:20,6
DA:21,6
DA:24,11
DA:25,3
DA:28,11
DA:29,3
DA:30,3
DA:31,3
DA:34,11
DA:35,2
DA:36,2
DA:37,2
DA:39,2
DA:40,1
DA:43,1
DA:46,11
DA:54,11
LF:24
LH:24
BRDA:39,0,0,1
BRDA:39,0,1,1
BRF:2
BRH:2
end_of_record
TN:
SF:src/LanguageService/Language.ts
FN:1,(anonymous_0)
FNF:1
FNH:1
FNDA:17,(anonymous_0)
DA:1,17
DA:2,17
DA:3,17
DA:4,17
LF:4
LH:4
BRDA:1,0,0,17
BRDA:1,0,1,17
BRF:2
BRH:2
end_of_record
TN:
SF:src/LanguageService/TranslationType.ts
FN:1,(anonymous_0)
FNF:1
FNH:1
FNDA:15,(anonymous_0)
DA:1,15
DA:2,15
DA:3,15
DA:4,15
LF:4
LH:4
BRDA:1,0,0,15
BRDA:1,0,1,15
BRF:2
BRH:2
end_of_record
TN:
SF:src/LanguageService/index.ts
FN:35,(anonymous_0)
FN:35,(anonymous_1)
FN:36,(anonymous_2)
FN:36,(anonymous_3)
FN:37,(anonymous_4)
FN:37,(anonymous_5)
FN:40,(anonymous_6)
FN:40,(anonymous_7)
FN:42,(anonymous_8)
FN:42,(anonymous_9)
FN:44,(anonymous_10)
FN:44,(anonymous_11)
FN:48,(anonymous_12)
FN:48,(anonymous_13)
FN:49,(anonymous_14)
FN:49,(anonymous_15)
FN:66,(anonymous_16)
FN:66,(anonymous_17)
FN:68,(anonymous_18)
FN:68,(anonymous_19)
FN:70,(anonymous_20)
FN:70,(anonymous_21)
FN:72,(anonymous_22)
FN:72,(anonymous_23)
FN:74,(anonymous_24)
FN:74,(anonymous_25)
FN:78,(anonymous_26)
FN:78,(anonymous_27)
FN:80,(anonymous_28)
FN:80,(anonymous_29)
FN:86,(anonymous_30)
FN:86,(anonymous_31)
FN:88,(anonymous_32)
FN:88,(anonymous_33)
FN:90,(anonymous_34)
FN:90,(anonymous_35)
FN:92,(anonymous_36)
FN:92,(anonymous_37)
FN:94,(anonymous_38)
FN:94,(anonymous_39)
FN:98,(anonymous_40)
FN:98,(anonymous_41)
FN:100,(anonymous_42)
FN:100,(anonymous_43)
FN:106,initializeTranslationObject
FN:123,loadBaseTranslation
FN:135,loadOverrideTranslation
FN:155,(anonymous_47)
FN:161,(anonymous_48)
FN:167,(anonymous_49)
FN:169,(anonymous_50)
FN:189,(anonymous_51)
FNF:52
FNH:48
FNDA:5,(anonymous_0)
FNDA:5,(anonymous_1)
FNDA:1,(anonymous_2)
FNDA:1,(anonymous_3)
FNDA:2,(anonymous_4)
FNDA:2,(anonymous_5)
FNDA:1,(anonymous_6)
FNDA:1,(anonymous_7)
FNDA:1,(anonymous_8)
FNDA:1,(anonymous_9)
FNDA:1,(anonymous_10)
FNDA:1,(anonymous_11)
FNDA:3,(anonymous_12)
FNDA:3,(anonymous_13)
FNDA:2,(anonymous_14)
FNDA:2,(anonymous_15)
FNDA:1,(anonymous_16)
FNDA:1,(anonymous_17)
FNDA:1,(anonymous_18)
FNDA:1,(anonymous_19)
FNDA:1,(anonymous_20)
FNDA:1,(anonymous_21)
FNDA:1,(anonymous_22)
FNDA:1,(anonymous_23)
FNDA:1,(anonymous_24)
FNDA:1,(anonymous_25)
FNDA:1,(anonymous_26)
FNDA:1,(anonymous_27)
FNDA:1,(anonymous_28)
FNDA:1,(anonymous_29)
FNDA:1,(anonymous_30)
FNDA:1,(anonymous_31)
FNDA:1,(anonymous_32)
FNDA:1,(anonymous_33)
FNDA:1,(anonymous_34)
FNDA:1,(anonymous_35)
FNDA:0,(anonymous_36)
FNDA:0,(anonymous_37)
FNDA:0,(anonymous_38)
FNDA:0,(anonymous_39)
FNDA:1,(anonymous_40)
FNDA:1,(anonymous_41)
FNDA:1,(anonymous_42)
FNDA:1,(anonymous_43)
FNDA:28,initializeTranslationObject
FNDA:16,loadBaseTranslation
FNDA:16,loadOverrideTranslation
FNDA:1,(anonymous_47)
FNDA:1,(anonymous_48)
FNDA:1,(anonymous_49)
FNDA:4,(anonymous_50)
FNDA:16,(anonymous_51)
DA:1,14
DA:7,14
DA:8,14
DA:9,14
DA:10,14
DA:11,14
DA:27,14
DA:33,14
DA:35,10
DA:36,2
DA:37,4
DA:40,2
DA:42,2
DA:44,2
DA:48,6
DA:49,4
DA:63,14
DA:66,2
DA:68,2
DA:70,2
DA:72,2
DA:74,2
DA:78,2
DA:80,2
DA:86,2
DA:88,2
DA:90,2
DA:92,0
DA:94,0
DA:98,2
DA:100,2
DA:110,28
DA:111,28
DA:115,28
DA:116,28
DA:119,28
DA:124,16
DA:125,16
DA:126,16
DA:127,16
DA:128,16
DA:129,16
DA:130,16
DA:140,16
DA:141,16
DA:142,13
DA:143,13
DA:144,12
DA:145,12
DA:146,12
DA:147,12
DA:148,12
DA:155,14
DA:156,1
DA:161,1
DA:167,14
DA:169,14
DA:170,4
DA:171,4
DA:172,3
DA:173,3
DA:174,3
DA:179,3
DA:185,1
DA:189,14
DA:194,16
DA:198,16
LF:67
LH:65
BRDA:110,0,0,28
BRDA:110,0,1,3
BRDA:115,1,0,28
BRDA:115,1,1,8
BRDA:120,2,0,28
BRDA:120,2,1,8
BRDA:125,3,0,16
BRDA:125,3,1,0
BRDA:127,4,0,16
BRDA:127,4,1,0
BRDA:141,5,0,13
BRDA:141,5,1,3
BRDA:143,6,0,12
BRDA:143,6,1,1
BRDA:145,7,0,12
BRDA:145,7,1,0
BRDA:171,8,0,3
BRDA:171,8,1,1
BRDA:177,9,0,2
BRDA:177,9,1,1
BRDA:180,10,0,3
BRDA:180,10,1,2
BRDA:180,10,2,1
BRF:23
BRH:20
end_of_record
TN:
SF:src/LanguageService/types.ts
FN:31,(anonymous_0)
FN:35,(anonymous_1)
FNF:2
FNH:2
FNDA:271,(anonymous_0)
FNDA:99,(anonymous_1)
DA:1,15
DA:2,15
DA:31,286
DA:35,114
LF:4
LH:4
BRF:0
BRH:0
end_of_record
TN:
SF:src/LegacyUserService/Gender.ts
FN:1,(anonymous_0)
FNF:1
FNH:1
FNDA:13,(anonymous_0)
DA:1,13
DA:2,13
DA:3,13
DA:4,13
LF:4
LH:4
BRDA:1,0,0,13
BRDA:1,0,1,13
BRF:2
BRH:2
end_of_record
TN:
SF:src/LegacyUserService/index.ts
FN:9,(anonymous_0)
FN:14,(anonymous_1)
FN:21,(anonymous_2)
FN:35,(anonymous_3)
FNF:4
FNH:4
FNDA:2,(anonymous_0)
FNDA:1,(anonymous_1)
FNDA:1,(anonymous_2)
FNDA:1,(anonymous_3)
DA:1,14
DA:9,14
DA:10,2
DA:11,2
DA:14,14
DA:18,1
DA:21,14
DA:24,1
DA:25,1
DA:29,1
DA:31,0
DA:35,14
DA:39,1
DA:42,14
DA:49,14
LF:15
LH:14
BRF:0
BRH:0
end_of_record
TN:
SF:src/LegacyUserService/types.ts
FN:6,(anonymous_0)
FNF:1
FNH:1
FNDA:13,(anonymous_0)
DA:4,13
DA:6,26
LF:2
LH:2
BRF:0
BRH:0
end_of_record
TN:
SF:src/LegalAgeService/LegalAgeRange.ts
FN:1,(anonymous_0)
FNF:1
FNH:1
FNDA:14,(anonymous_0)
DA:1,14
DA:2,14
DA:3,14
DA:4,14
DA:5,14
LF:5
LH:5
BRDA:1,0,0,14
BRDA:1,0,1,14
BRF:2
BRH:2
end_of_record
TN:
SF:src/LegalAgeService/index.ts
FN:7,(anonymous_0)
FNF:1
FNH:1
FNDA:24,(anonymous_0)
DA:1,14
DA:2,14
DA:3,14
DA:5,14
DA:7,14
DA:11,24
DA:13,24
DA:14,9
DA:17,15
DA:19,15
DA:24,15
DA:29,15
DA:30,15
DA:31,15
DA:33,15
DA:36,15
DA:39,15
DA:41,15
DA:42,4
DA:43,11
DA:47,4
DA:49,7
DA:53,14
DA:57,14
LF:24
LH:24
BRDA:13,0,0,9
BRDA:13,0,1,15
BRDA:13,1,0,24
BRDA:13,1,1,18
BRDA:13,1,2,15
BRDA:41,2,0,4
BRDA:41,2,1,11
BRDA:43,3,0,4
BRDA:43,3,1,7
BRDA:44,4,0,11
BRDA:44,4,1,11
BRF:11
BRH:11
end_of_record
TN:
SF:src/LegalAgeService/types.ts
FN:3,(anonymous_0)
FNF:1
FNH:1
FNDA:13,(anonymous_0)
DA:1,13
DA:3,26
LF:2
LH:2
BRF:0
BRH:0
end_of_record
TN:
SF:src/LegalPoliciesService/index.ts
FN:7,(anonymous_6)
FN:15,(anonymous_7)
FN:23,(anonymous_8)
FN:30,(anonymous_9)
FN:38,(anonymous_10)
FN:43,(anonymous_11)
FNF:6
FNH:6
FNDA:1,(anonymous_6)
FNDA:1,(anonymous_7)
FNDA:1,(anonymous_8)
FNDA:2,(anonymous_9)
FNDA:1,(anonymous_10)
FNDA:1,(anonymous_11)
DA:1,14
DA:7,14
DA:8,1
DA:11,1
DA:12,1
DA:15,14
DA:16,1
DA:19,1
DA:20,1
DA:23,14
DA:24,1
DA:27,1
DA:30,14
DA:35,2
DA:38,2
DA:39,1
DA:43,2
DA:44,1
DA:48,14
DA:55,14
LF:20
LH:20
BRDA:35,0,0,1
BRDA:35,0,1,1
BRF:2
BRH:2
end_of_record
TN:
SF:src/LineService/index.ts
FN:5,(anonymous_0)
FN:41,(anonymous_1)
FNF:2
FNH:2
FNDA:3,(anonymous_0)
FNDA:3,(anonymous_1)
DA:1,14
DA:3,14
DA:5,14
DA:8,3
DA:9,3
DA:10,3
DA:11,2
DA:12,2
DA:14,2
DA:18,2
DA:20,2
DA:22,1
DA:27,1
DA:36,0
DA:37,0
DA:41,14
DA:42,3
DA:43,2
DA:45,3
LF:19
LH:17
BRDA:10,0,0,2
BRDA:10,0,1,1
BRDA:42,1,0,2
BRDA:42,1,1,1
BRF:4
BRH:4
end_of_record
TN:
SF:src/LoggerService/index.ts
FN:3,(anonymous_0)
FN:21,log
FN:26,debug
FN:29,info
FN:32,warning
FN:35,error
FNF:6
FNH:6
FNDA:15,(anonymous_0)
FNDA:9,log
FNDA:1,debug
FNDA:6,info
FNDA:1,warning
FNDA:1,error
DA:1,15
DA:3,15
DA:4,15
DA:5,15
DA:6,15
DA:7,15
DA:11,15
DA:14,15
DA:22,9
DA:23,2
DA:27,1
DA:30,6
DA:33,1
DA:36,1
DA:38,15
LF:15
LH:15
BRDA:3,0,0,15
BRDA:3,0,1,15
BRDA:11,1,0,15
BRDA:11,1,1,15
BRDA:22,2,0,2
BRDA:22,2,1,7
BRF:6
BRH:6
end_of_record
TN:
SF:src/PhoneService/index.ts
FN:21,(anonymous_0)
FN:49,(anonymous_1)
FN:78,(anonymous_2)
FN:100,(anonymous_3)
FNF:4
FNH:4
FNDA:3,(anonymous_0)
FNDA:3,(anonymous_1)
FNDA:3,(anonymous_2)
FNDA:2,(anonymous_3)
DA:8,14
DA:9,14
DA:11,14
DA:12,14
DA:13,14
DA:14,14
DA:15,14
DA:17,14
DA:19,14
DA:21,14
DA:25,3
DA:26,3
DA:30,3
DA:35,1
DA:37,2
DA:41,1
DA:45,1
DA:49,14
DA:52,3
DA:53,3
DA:59,3
DA:64,1
DA:66,2
DA:70,1
DA:74,1
DA:78,14
DA:81,3
DA:82,3
DA:86,1
DA:88,2
DA:92,1
DA:96,1
DA:100,14
DA:104,2
DA:105,2
DA:107,1
DA:111,1
DA:113,0
DA:117,14
DA:124,14
LF:40
LH:39
BRDA:37,0,0,1
BRDA:37,0,1,1
BRDA:38,1,0,2
BRDA:38,1,1,1
BRDA:66,2,0,1
BRDA:66,2,1,1
BRDA:67,3,0,2
BRDA:67,3,1,1
BRDA:88,4,0,1
BRDA:88,4,1,1
BRDA:89,5,0,2
BRDA:89,5,1,1
BRDA:107,6,0,1
BRDA:107,6,1,0
BRDA:108,7,0,1
BRDA:108,7,1,1
BRF:16
BRH:15
end_of_record
TN:
SF:src/PhoneValidationService/index.ts
FN:4,(anonymous_0)
FNF:1
FNH:1
FNDA:33,(anonymous_0)
DA:1,14
DA:2,14
DA:4,14
DA:5,33
DA:6,33
DA:8,33
DA:9,1
DA:12,32
DA:14,32
DA:17,14
DA:21,14
LF:11
LH:11
BRDA:8,0,0,1
BRDA:8,0,1,32
BRDA:14,1,0,32
BRDA:14,1,1,14
BRF:4
BRH:4
end_of_record
TN:
SF:src/PointsService/index.ts
FN:4,(anonymous_0)
FNF:1
FNH:1
FNDA:1,(anonymous_0)
DA:1,14
DA:4,14
DA:5,1
DA:6,1
LF:4
LH:4
BRF:0
BRH:0
end_of_record
TN:
SF:src/ProductService/index.ts
FN:4,(anonymous_0)
FNF:1
FNH:1
FNDA:2,(anonymous_0)
DA:1,14
DA:4,14
DA:9,2
DA:10,2
DA:11,2
LF:5
LH:5
BRF:0
BRH:0
end_of_record
TN:
SF:src/RegistrationService/index.ts
FN:24,(anonymous_0)
FN:58,(anonymous_1)
FN:62,(anonymous_2)
FN:100,(anonymous_3)
FN:106,(anonymous_4)
FN:125,(anonymous_5)
FN:154,(anonymous_6)
FNF:7
FNH:5
FNDA:3,(anonymous_0)
FNDA:9,(anonymous_1)
FNDA:3,(anonymous_2)
FNDA:0,(anonymous_3)
FNDA:0,(anonymous_4)
FNDA:3,(anonymous_5)
FNDA:2,(anonymous_6)
DA:2,14
DA:3,14
DA:4,14
DA:15,14
DA:16,14
DA:17,14
DA:18,14
DA:19,14
DA:20,14
DA:22,14
DA:24,14
DA:29,3
DA:36,3
DA:37,3
DA:39,2
DA:43,1
DA:46,1
DA:50,1
DA:52,0
DA:57,14
DA:58,14
DA:59,9
DA:62,14
DA:69,3
DA:76,3
DA:79,3
DA:85,2
DA:86,2
DA:88,1
DA:92,1
DA:96,0
DA:100,14
DA:101,0
DA:102,0
DA:103,0
DA:106,14
DA:110,0
DA:113,0
DA:114,0
DA:119,0
DA:121,0
DA:125,14
DA:131,3
DA:138,3
DA:139,3
DA:141,2
DA:145,1
DA:150,1
DA:154,14
DA:162,2
DA:169,2
DA:170,2
DA:172,1
DA:176,1
DA:180,0
LF:55
LH:44
BRDA:39,0,0,1
BRDA:39,0,1,1
BRDA:40,1,0,2
BRDA:40,1,1,2
BRDA:46,2,0,1
BRDA:46,2,1,0
BRDA:47,3,0,1
BRDA:47,3,1,1
BRDA:59,4,0,9
BRDA:59,4,1,1
BRDA:67,5,0,1
BRDA:88,6,0,1
BRDA:88,6,1,0
BRDA:89,7,0,1
BRDA:89,7,1,1
BRDA:141,8,0,1
BRDA:141,8,1,1
BRDA:142,9,0,2
BRDA:142,9,1,1
BRDA:160,10,0,0
BRDA:172,11,0,1
BRDA:172,11,1,0
BRDA:173,12,0,1
BRDA:173,12,1,1
BRF:24
BRH:20
end_of_record
TN:
SF:src/SWService/index.ts
FN:22,beforeInstallPromptHandler
FN:27,(anonymous_1)
FN:31,register
FN:41,(anonymous_3)
FN:47,onLoad
FN:56,(anonymous_5)
FN:68,registerValidSW
FN:71,(anonymous_7)
FN:75,(anonymous_8)
FN:80,(anonymous_9)
FN:112,(anonymous_10)
FN:120,checkValidServiceWorker
FN:125,(anonymous_12)
FN:134,(anonymous_13)
FN:135,(anonymous_14)
FN:144,(anonymous_15)
FN:151,unregister
FN:154,(anonymous_17)
FN:157,(anonymous_18)
FNF:19
FNH:16
FNDA:1,beforeInstallPromptHandler
FNDA:14,(anonymous_1)
FNDA:3,register
FNDA:3,(anonymous_3)
FNDA:3,onLoad
FNDA:3,(anonymous_5)
FNDA:2,registerValidSW
FNDA:2,(anonymous_7)
FNDA:2,(anonymous_8)
FNDA:2,(anonymous_9)
FNDA:0,(anonymous_10)
FNDA:3,checkValidServiceWorker
FNDA:3,(anonymous_12)
FNDA:1,(anonymous_13)
FNDA:1,(anonymous_14)
FNDA:0,(anonymous_15)
FNDA:1,unregister
FNDA:1,(anonymous_17)
FNDA:0,(anonymous_18)
DA:1,14
DA:2,14
DA:4,14
DA:23,1
DA:25,14
DA:27,14
DA:28,14
DA:32,3
DA:34,3
DA:35,3
DA:39,0
DA:41,3
DA:42,3
DA:48,3
DA:50,3
DA:52,3
DA:56,3
DA:57,3
DA:64,0
DA:69,2
DA:72,2
DA:73,1
DA:75,2
DA:76,2
DA:77,2
DA:78,0
DA:80,2
DA:81,2
DA:82,2
DA:86,1
DA:92,1
DA:93,1
DA:99,1
DA:104,1
DA:105,1
DA:113,0
DA:122,3
DA:127,3
DA:128,3
DA:134,1
DA:135,1
DA:136,1
DA:141,2
DA:145,0
DA:152,1
DA:153,1
DA:155,1
DA:158,0
DA:163,14
DA:165,14
LF:50
LH:44
BRDA:5,0,0,14
BRDA:5,0,1,0
BRDA:5,0,2,0
BRDA:32,1,0,3
BRDA:32,1,1,0
BRDA:32,2,0,3
BRDA:32,2,1,3
BRDA:35,3,0,0
BRDA:35,3,1,3
BRDA:50,4,0,3
BRDA:50,4,1,0
BRDA:72,5,0,1
BRDA:72,5,1,1
BRDA:72,6,0,2
BRDA:72,6,1,2
BRDA:77,7,0,0
BRDA:77,7,1,2
BRDA:81,8,0,2
BRDA:81,8,1,0
BRDA:82,9,0,1
BRDA:82,9,1,1
BRDA:92,10,0,1
BRDA:92,10,1,0
BRDA:92,11,0,1
BRDA:92,11,1,1
BRDA:104,12,0,1
BRDA:104,12,1,0
BRDA:104,13,0,1
BRDA:104,13,1,1
BRDA:128,14,0,1
BRDA:128,14,1,2
BRDA:129,15,0,3
BRDA:129,15,1,2
BRDA:129,15,2,0
BRDA:152,16,0,1
BRDA:152,16,1,0
BRF:36
BRH:25
end_of_record
TN:
SF:src/SanitizeHtmlService/index.ts
FN:1,(anonymous_6)
FN:2,(anonymous_7)
FNF:2
FNH:2
FNDA:1,(anonymous_6)
FNDA:1,(anonymous_7)
DA:1,14
DA:2,2
DA:3,1
DA:23,14
DA:27,14
LF:5
LH:5
BRF:0
BRH:0
end_of_record
TN:
SF:src/SessionService/index.ts
FN:9,(anonymous_0)
FNF:1
FNH:1
FNDA:3,(anonymous_0)
DA:1,14
DA:2,14
DA:3,14
DA:4,14
DA:5,14
DA:7,14
DA:9,14
DA:10,3
DA:13,3
DA:18,1
DA:20,2
DA:24,1
DA:28,1
DA:32,14
DA:36,14
LF:15
LH:15
BRDA:20,0,0,1
BRDA:20,0,1,1
BRDA:21,1,0,2
BRDA:21,1,1,1
BRF:4
BRH:4
end_of_record
TN:
SF:src/SettingsService/index.ts
FN:4,(anonymous_0)
FN:16,(anonymous_1)
FNF:2
FNH:2
FNDA:2,(anonymous_0)
FNDA:1,(anonymous_1)
DA:1,14
DA:4,14
DA:8,2
DA:13,2
DA:16,14
DA:20,1
DA:27,14
DA:32,14
LF:8
LH:8
BRF:0
BRH:0
end_of_record
TN:
SF:src/StoreService/index.ts
FN:12,(anonymous_0)
FN:30,(anonymous_1)
FN:43,(anonymous_2)
FN:50,(anonymous_3)
FNF:4
FNH:4
FNDA:4,(anonymous_0)
FNDA:2,(anonymous_1)
FNDA:1,(anonymous_2)
FNDA:3,(anonymous_3)
DA:1,14
DA:2,14
DA:7,14
DA:8,14
DA:10,14
DA:12,14
DA:13,4
DA:14,4
DA:18,2
DA:20,2
DA:24,1
DA:26,1
DA:30,14
DA:33,2
DA:36,2
DA:40,2
DA:43,14
DA:47,1
DA:50,14
DA:54,3
DA:59,3
DA:62,14
DA:69,14
LF:23
LH:23
BRDA:20,0,0,1
BRDA:20,0,1,1
BRDA:21,1,0,2
BRDA:21,1,1,1
BRF:4
BRH:4
end_of_record
TN:
SF:src/StringService/index.ts
FN:1,(anonymous_0)
FN:6,(anonymous_1)
FNF:2
FNH:2
FNDA:37,(anonymous_0)
FNDA:4,(anonymous_1)
DA:1,16
DA:2,37
DA:3,37
DA:6,16
DA:7,4
DA:8,4
DA:10,4
DA:14,4
DA:17,16
DA:22,16
LF:10
LH:10
BRF:0
BRH:0
end_of_record
TN:
SF:src/TrackingService/index.ts
FN:16,pageView
FN:29,formView
FN:40,formStart
FN:51,formError
FN:63,storeSearch
FN:79,formComplete
FN:89,storeSelect
FN:101,register
FNF:8
FNH:7
FNDA:1,pageView
FNDA:1,formView
FNDA:0,formStart
FNDA:1,formError
FNDA:1,storeSearch
FNDA:1,formComplete
FNDA:1,storeSelect
FNDA:1,register
DA:1,14
DA:20,1
DA:21,1
DA:22,1
DA:30,1
DA:31,1
DA:32,1
DA:41,0
DA:42,0
DA:43,0
DA:52,1
DA:53,1
DA:54,1
DA:68,1
DA:69,1
DA:70,1
DA:80,1
DA:81,1
DA:82,1
DA:90,1
DA:91,1
DA:92,1
DA:102,1
DA:103,1
DA:104,1
DA:105,1
DA:110,1
DA:111,1
DA:112,1
DA:116,14
DA:127,14
LF:31
LH:28
BRDA:20,0,0,1
BRDA:20,0,1,1
BRDA:25,1,0,1
BRDA:25,1,1,0
BRDA:30,2,0,1
BRDA:30,2,1,1
BRDA:41,3,0,0
BRDA:41,3,1,0
BRDA:52,4,0,1
BRDA:52,4,1,1
BRDA:68,5,0,1
BRDA:68,5,1,1
BRDA:80,6,0,1
BRDA:80,6,1,1
BRDA:85,7,0,1
BRDA:85,7,1,0
BRDA:90,8,0,1
BRDA:90,8,1,1
BRDA:103,9,0,1
BRDA:103,9,1,0
BRDA:103,10,0,1
BRDA:103,10,1,1
BRF:22
BRH:17
end_of_record
TN:
SF:src/TransactionService/index.ts
FN:4,(anonymous_0)
FNF:1
FNH:1
FNDA:2,(anonymous_0)
DA:1,14
DA:4,14
DA:7,2
DA:11,2
LF:4
LH:4
BRF:0
BRH:0
end_of_record
TN:
SF:src/UserService/index.ts
FN:16,(anonymous_0)
FN:31,(anonymous_1)
FN:41,(anonymous_2)
FN:47,(anonymous_3)
FN:48,(anonymous_4)
FN:62,(anonymous_5)
FN:66,(anonymous_6)
FN:87,(anonymous_7)
FNF:8
FNH:8
FNDA:2,(anonymous_0)
FNDA:2,(anonymous_1)
FNDA:4,(anonymous_2)
FNDA:28,(anonymous_3)
FNDA:16,(anonymous_4)
FNDA:1,(anonymous_5)
FNDA:2,(anonymous_6)
FNDA:2,(anonymous_7)
DA:1,14
DA:10,14
DA:12,14
DA:14,14
DA:16,14
DA:20,2
DA:21,2
DA:23,1
DA:24,1
DA:31,14
DA:34,2
DA:38,2
DA:41,14
DA:44,4
DA:46,4
DA:47,28
DA:49,16
DA:50,16
DA:51,16
DA:52,16
DA:55,4
DA:56,2
DA:58,2
DA:62,14
DA:63,1
DA:66,14
DA:69,2
DA:70,2
DA:75,1
DA:77,1
DA:81,1
DA:83,0
DA:87,14
DA:88,2
DA:89,2
DA:93,1
DA:95,1
DA:99,1
DA:100,1
DA:103,0
DA:107,14
DA:116,14
LF:42
LH:40
BRDA:23,0,0,1
BRDA:23,0,1,0
BRDA:23,1,0,1
BRDA:23,1,1,1
BRDA:52,2,0,16
BRDA:52,2,1,16
BRDA:52,2,2,15
BRDA:55,3,0,2
BRDA:55,3,1,2
BRDA:77,4,0,1
BRDA:77,4,1,0
BRDA:78,5,0,1
BRDA:78,5,1,1
BRDA:95,6,0,1
BRDA:95,6,1,0
BRDA:96,7,0,1
BRDA:96,7,1,1
BRDA:99,8,0,1
BRDA:99,8,1,0
BRF:19
BRH:15
end_of_record
TN:
SF:src/UserService/types.ts
FN:6,(anonymous_0)
FNF:1
FNH:1
FNDA:13,(anonymous_0)
DA:6,13
DA:7,13
DA:8,13
DA:16,13
LF:4
LH:4
BRDA:6,0,0,13
BRDA:6,0,1,13
BRF:2
BRH:2
end_of_record
TN:
SF:src/UtilityService/index.ts
FN:1,numbersFromRange
FN:9,sleep
FN:10,(anonymous_2)
FN:11,(anonymous_3)
FNF:4
FNH:4
FNDA:1,numbersFromRange
FNDA:1,sleep
FNDA:1,(anonymous_2)
FNDA:1,(anonymous_3)
DA:2,1
DA:3,1
DA:4,6
DA:6,1
DA:10,1
DA:11,1
DA:12,1
DA:17,14
DA:22,14
LF:9
LH:9
BRF:0
BRH:0
end_of_record
TN:
SF:src/WindowService/MobileDevice.ts
FN:1,(anonymous_0)
FNF:1
FNH:1
FNDA:16,(anonymous_0)
DA:1,16
DA:2,16
DA:3,16
DA:4,16
LF:4
LH:4
BRDA:1,0,0,16
BRDA:1,0,1,16
BRF:2
BRH:2
end_of_record
TN:
SF:src/WindowService/index.ts
FN:3,reload
FN:6,redirect
FN:10,getHostname
FN:14,getHost
FN:18,getPathname
FN:22,getLanguage
FN:28,setLanguage
FN:32,(anonymous_7)
FN:39,(anonymous_8)
FN:49,(anonymous_9)
FN:53,(anonymous_10)
FN:65,(anonymous_11)
FN:69,(anonymous_12)
FN:86,(anonymous_13)
FN:93,(anonymous_14)
FNF:15
FNH:14
FNDA:1,reload
FNDA:1,redirect
FNDA:1,getHostname
FNDA:33,getHost
FNDA:0,getPathname
FNDA:2,getLanguage
FNDA:1,setLanguage
FNDA:1,(anonymous_7)
FNDA:1,(anonymous_8)
FNDA:1,(anonymous_9)
FNDA:1,(anonymous_10)
FNDA:1,(anonymous_11)
FNDA:4,(anonymous_12)
FNDA:1,(anonymous_13)
FNDA:15,(anonymous_14)
DA:1,16
DA:4,1
DA:7,1
DA:11,1
DA:15,33
DA:19,0
DA:23,2
DA:24,2
DA:25,2
DA:29,1
DA:32,16
DA:33,1
DA:34,0
DA:36,1
DA:39,16
DA:44,1
DA:45,1
DA:49,16
DA:50,1
DA:53,16
DA:58,1
DA:65,16
DA:66,1
DA:69,16
DA:70,4
DA:71,1
DA:73,3
DA:74,1
DA:76,2
DA:80,1
DA:82,1
DA:85,16
DA:86,16
DA:87,1
DA:93,16
DA:94,15
DA:95,15
DA:100,14
DA:104,16
DA:111,16
DA:130,16
LF:41
LH:39
BRDA:33,0,0,0
BRDA:33,0,1,1
BRDA:44,1,0,1
BRDA:44,1,1,0
BRDA:70,2,0,1
BRDA:70,2,1,3
BRDA:73,3,0,1
BRDA:73,3,1,2
BRDA:76,4,0,1
BRDA:76,4,1,1
BRDA:77,5,0,2
BRDA:77,5,1,1
BRDA:96,6,0,15
BRDA:96,6,1,14
BRF:14
BRH:12
end_of_record
TN:
SF:src/WindowService/types.ts
FN:3,(anonymous_0)
FNF:1
FNH:1
FNDA:6,(anonymous_0)
DA:1,16
DA:3,22
LF:2
LH:2
BRF:0
BRH:0
end_of_record
TN:
SF:src/errors/GlobalError.ts
FN:13,(anonymous_0)
FN:18,(anonymous_1)
FNF:2
FNH:2
FNDA:25,(anonymous_0)
FNDA:25,(anonymous_1)
DA:10,20
DA:14,25
DA:15,25
DA:19,25
DA:21,25
DA:22,25
LF:6
LH:6
BRF:0
BRH:0
end_of_record
TN:
SF:src/errors/InvalidFormSubmissionError.ts
FN:18,(anonymous_0)
FN:24,(anonymous_1)
FN:29,(anonymous_2)
FN:41,(anonymous_3)
FNF:4
FNH:4
FNDA:22,(anonymous_0)
FNDA:22,(anonymous_1)
FNDA:3,(anonymous_2)
FNDA:3,(anonymous_3)
DA:15,19
DA:16,22
DA:19,22
DA:20,22
DA:27,22
DA:28,22
DA:29,22
DA:30,3
DA:32,3
DA:36,3
DA:38,22
DA:45,3
DA:46,3
DA:50,3
DA:51,3
LF:15
LH:15
BRF:0
BRH:0
end_of_record
